Log file open, 03/30/22 13:56:00
LogWindows: Failed to load 'aqProf.dll' (GetLastError=126)
LogWindows: File 'aqProf.dll' does not exist
LogWindows: Failed to load 'VtuneApi.dll' (GetLastError=126)
LogWindows: File 'VtuneApi.dll' does not exist
LogWindows: Failed to load 'VtuneApi32e.dll' (GetLastError=126)
LogWindows: File 'VtuneApi32e.dll' does not exist
LogConsoleResponse: Display: Failed to find resolution value strings in scalability ini. Falling back to default.
LogConsoleResponse: Display: Failed to find resolution value strings in scalability ini. Falling back to default.
LogInit: Display: Running engine for game: MyProject
LogPlatformFile: Not using cached read wrapper
LogTaskGraph: Started task graph with 5 named threads and 14 total threads with 3 sets of task threads.
LogStats: Stats thread started at 1.366766
LogICUInternationalization: ICU TimeZone Detection - Raw Offset: +1:00, Platform Override: ''
LogInit: Display: Loading text-based GConfig....
LogPluginManager: Mounting plugin MeshPainting
LogPluginManager: Mounting plugin XGEController
LogPluginManager: Mounting plugin Paper2D
LogPluginManager: Mounting plugin AISupport
LogPluginManager: Mounting plugin EnvironmentQueryEditor
LogPluginManager: Mounting plugin LiveLink
LogPluginManager: Mounting plugin LightPropagationVolume
LogPluginManager: Mounting plugin CameraShakePreviewer
LogPluginManager: Mounting plugin GameplayCameras
LogPluginManager: Mounting plugin OodleData
LogPluginManager: Mounting plugin OodleNetwork
LogPluginManager: Mounting plugin AnimationSharing
LogPluginManager: Mounting plugin CLionSourceCodeAccess
LogPluginManager: Mounting plugin CodeLiteSourceCodeAccess
LogPluginManager: Mounting plugin GitSourceControl
LogPluginManager: Mounting plugin KDevelopSourceCodeAccess
LogPluginManager: Mounting plugin NullSourceCodeAccess
LogPluginManager: Mounting plugin PixWinPlugin
LogPluginManager: Mounting plugin PerforceSourceControl
LogPluginManager: Mounting plugin PlasticSourceControl
LogPluginManager: Mounting plugin PluginUtils
LogPluginManager: Mounting plugin PropertyAccessNode
LogPluginManager: Mounting plugin RiderSourceCodeAccess
LogPluginManager: Mounting plugin SubversionSourceControl
LogPluginManager: Mounting plugin TextureFormatOodle
LogPluginManager: Mounting plugin UObjectPlugin
LogPluginManager: Mounting plugin VisualStudioCodeSourceCodeAccess
LogPluginManager: Mounting plugin VisualStudioSourceCodeAccess
LogPluginManager: Mounting plugin XCodeSourceCodeAccess
LogPluginManager: Mounting plugin AssetManagerEditor
LogPluginManager: Mounting plugin CryptoKeys
LogPluginManager: Mounting plugin CurveEditorTools
LogPluginManager: Mounting plugin DataValidation
LogPluginManager: Mounting plugin FacialAnimation
LogPluginManager: Mounting plugin GameplayTagsEditor
LogPluginManager: Mounting plugin GeometryMode
LogPluginManager: Mounting plugin MacGraphicsSwitching
LogPluginManager: Mounting plugin MaterialAnalyzer
LogPluginManager: Mounting plugin MobileLauncherProfileWizard
LogPluginManager: Mounting plugin PluginBrowser
LogPluginManager: Mounting plugin SpeedTreeImporter
LogPluginManager: Mounting plugin DatasmithContent
LogPluginManager: Mounting plugin VariantManagerContent
LogPluginManager: Mounting plugin Niagara
LogPluginManager: Mounting plugin AlembicImporter
LogPluginManager: Mounting plugin AutomationUtils
LogPluginManager: Mounting plugin BackChannel
LogPluginManager: Mounting plugin ChaosCloth
LogPluginManager: Mounting plugin ChaosClothEditor
LogPluginManager: Mounting plugin ChaosEditor
LogPluginManager: Mounting plugin ChaosNiagara
LogPluginManager: Mounting plugin ChaosSolverPlugin
LogPluginManager: Mounting plugin CharacterAI
LogPluginManager: Mounting plugin GeometryCache
LogPluginManager: Mounting plugin GeometryCollectionPlugin
LogPluginManager: Mounting plugin GeometryProcessing
LogPluginManager: Mounting plugin MotoSynth
LogPluginManager: Mounting plugin OpenImageDenoise
LogPluginManager: Mounting plugin PlanarCut
LogPluginManager: Mounting plugin PlatformCrypto
LogPluginManager: Mounting plugin ProxyLODPlugin
LogPluginManager: Mounting plugin PythonScriptPlugin
LogPluginManager: Mounting plugin SkeletalReduction
LogPluginManager: Mounting plugin LuminPlatformFeatures
LogPluginManager: Mounting plugin MagicLeap
LogPluginManager: Mounting plugin MagicLeapLightEstimation
LogPluginManager: Mounting plugin MagicLeapMedia
LogPluginManager: Mounting plugin MagicLeapPassableWorld
LogPluginManager: Mounting plugin MLSDK
LogPluginManager: Mounting plugin AndroidMedia
LogPluginManager: Mounting plugin AvfMedia
LogPluginManager: Mounting plugin ImgMedia
LogPluginManager: Mounting plugin MediaCompositing
LogPluginManager: Mounting plugin MediaPlayerEditor
LogPluginManager: Mounting plugin WebMMedia
LogPluginManager: Mounting plugin WmfMedia
LogPluginManager: Mounting plugin TcpMessaging
LogPluginManager: Mounting plugin UdpMessaging
LogPluginManager: Mounting plugin ActorSequence
LogPluginManager: Mounting plugin LevelSequenceEditor
LogPluginManager: Mounting plugin MatineeToLevelSequence
LogPluginManager: Mounting plugin TemplateSequence
LogPluginManager: Mounting plugin OnlineSubsystem
LogPluginManager: Mounting plugin OnlineSubsystemNull
LogPluginManager: Mounting plugin OnlineSubsystemUtils
LogPluginManager: Mounting plugin LauncherChunkInstaller
LogPluginManager: Mounting plugin ActorLayerUtilities
LogPluginManager: Mounting plugin AndroidDeviceProfileSelector
LogPluginManager: Mounting plugin AndroidMoviePlayer
LogPluginManager: Mounting plugin AndroidPermission
LogPluginManager: Mounting plugin AppleImageUtils
LogPluginManager: Mounting plugin AppleMoviePlayer
LogPluginManager: Mounting plugin ArchVisCharacter
LogPluginManager: Mounting plugin AssetTags
LogPluginManager: Mounting plugin AudioCapture
LogPluginManager: Mounting plugin AudioSynesthesia
LogPluginManager: Mounting plugin ChunkDownloader
LogPluginManager: Mounting plugin CableComponent
LogPluginManager: Mounting plugin EditableMesh
LogPluginManager: Mounting plugin ExampleDeviceProfileSelector
LogPluginManager: Mounting plugin GoogleCloudMessaging
LogPluginManager: Mounting plugin GooglePAD
LogPluginManager: Mounting plugin CustomMeshComponent
LogPluginManager: Mounting plugin IOSDeviceProfileSelector
LogPluginManager: Mounting plugin LinuxDeviceProfileSelector
LogPluginManager: Mounting plugin LocationServicesBPLibrary
LogPluginManager: Mounting plugin MobilePatchingUtils
LogPluginManager: Mounting plugin OpenXR
LogPluginManager: Mounting plugin OpenXREyeTracker
LogPluginManager: Mounting plugin OpenXRHandTracking
LogPluginManager: Mounting plugin PhysXVehicles
LogPluginManager: Mounting plugin PostSplashScreen
LogPluginManager: Mounting plugin ProceduralMeshComponent
LogPluginManager: Mounting plugin PropertyAccessEditor
LogPluginManager: Mounting plugin RuntimePhysXCooking
LogPluginManager: Mounting plugin SignificanceManager
LogPluginManager: Mounting plugin SoundFields
LogPluginManager: Mounting plugin Synthesis
LogPluginManager: Mounting plugin WebMMoviePlayer
LogPluginManager: Mounting plugin WindowsMoviePlayer
LogPluginManager: Mounting plugin ScreenshotTools
LogPluginManager: Mounting plugin Takes
LogPluginManager: Mounting plugin ContentBrowserClassDataSource
LogPluginManager: Mounting plugin ContentBrowserAssetDataSource
LogPluginManager: Mounting plugin ContentBrowserFileDataSource
LogPluginManager: Mounting plugin OnlineSubsystemGooglePlay
LogPluginManager: Mounting plugin OnlineSubsystemIOS
LogPluginManager: Mounting plugin OculusVR
LogPluginManager: Mounting plugin SteamVR
PixWinPlugin: PIX capture plugin failed to initialize! Check that the process is launched from PIX.
LogInit: Using libcurl 7.55.1-DEV
LogInit:  - built for x86_64-pc-win32
LogInit:  - supports SSL with OpenSSL/1.1.1
LogInit:  - supports HTTP deflate (compression) using libz 1.2.8
LogInit:  - other features:
LogInit:      CURL_VERSION_SSL
LogInit:      CURL_VERSION_LIBZ
LogInit:      CURL_VERSION_IPV6
LogInit:      CURL_VERSION_ASYNCHDNS
LogInit:      CURL_VERSION_LARGEFILE
LogInit:      CURL_VERSION_IDN
LogInit:  CurlRequestOptions (configurable via config and command line):
LogInit:  - bVerifyPeer = true  - Libcurl will verify peer certificate
LogInit:  - bUseHttpProxy = false  - Libcurl will NOT use HTTP proxy
LogInit:  - bDontReuseConnections = false  - Libcurl will reuse connections
LogInit:  - MaxHostConnections = 16  - Libcurl will limit the number of connections to a host
LogInit:  - LocalHostAddr = Default
LogInit:  - BufferSize = 65536
LogOnline: OSS: Creating online subsystem instance for: NULL
LogInit: WinSock: version 1.1 (2.2), MaxSocks=32767, MaxUdp=65467
LogOnline: OSS: TryLoadSubsystemAndSetDefault: Loaded subsystem for module [NULL]
LogOculusPluginWrapper: OculusPlugin initialized successfully
LogHMD: Failed initializing OVRPlugin 1.59.0
LogInit: Build: ++UE4+Release-4.27-CL-18319896
LogInit: Engine Version: 4.27.2-18319896+++UE4+Release-4.27
LogInit: Compatible Engine Version: 4.27.0-17155196+++UE4+Release-4.27
LogInit: Net CL: 17155196
LogInit: OS: Windows 10 (Release 2009) (), CPU: Intel(R) Core(TM) i5-7300HQ CPU @ 2.50GHz, GPU: Intel(R) HD Graphics 630
LogInit: Compiled (64-bit): Nov 30 2021 07:12:08
LogInit: Compiled with Visual C++: 19.24.28315.00
LogInit: Build Configuration: Development
LogInit: Branch Name: ++UE4+Release-4.27
LogInit: Command Line:  -skipcompile
LogInit: Base Directory: C:/UE_4.27/Engine/Binaries/Win64/
LogInit: Allocator: TBB
LogInit: Installed Engine Build: 1
LogDevObjectVersion: Number of dev versions registered: 29
LogDevObjectVersion:   Dev-Blueprints (B0D832E4-1F89-4F0D-ACCF-7EB736FD4AA2): 10
LogDevObjectVersion:   Dev-Build (E1C64328-A22C-4D53-A36C-8E866417BD8C): 0
LogDevObjectVersion:   Dev-Core (375EC13C-06E4-48FB-B500-84F0262A717E): 4
LogDevObjectVersion:   Dev-Editor (E4B068ED-F494-42E9-A231-DA0B2E46BB41): 40
LogDevObjectVersion:   Dev-Framework (CFFC743F-43B0-4480-9391-14DF171D2073): 37
LogDevObjectVersion:   Dev-Mobile (B02B49B5-BB20-44E9-A304-32B752E40360): 3
LogDevObjectVersion:   Dev-Networking (A4E4105C-59A1-49B5-A7C5-40C4547EDFEE): 0
LogDevObjectVersion:   Dev-Online (39C831C9-5AE6-47DC-9A44-9C173E1C8E7C): 0
LogDevObjectVersion:   Dev-Physics (78F01B33-EBEA-4F98-B9B4-84EACCB95AA2): 14
LogDevObjectVersion:   Dev-Platform (6631380F-2D4D-43E0-8009-CF276956A95A): 0
LogDevObjectVersion:   Dev-Rendering (12F88B9F-8875-4AFC-A67C-D90C383ABD29): 45
LogDevObjectVersion:   Dev-Sequencer (7B5AE74C-D270-4C10-A958-57980B212A5A): 13
LogDevObjectVersion:   Dev-VR (D7296918-1DD6-4BDD-9DE2-64A83CC13884): 3
LogDevObjectVersion:   Dev-LoadTimes (C2A15278-BFE7-4AFE-6C17-90FF531DF755): 1
LogDevObjectVersion:   Private-Geometry (6EACA3D4-40EC-4CC1-B786-8BED09428FC5): 3
LogDevObjectVersion:   Dev-AnimPhys (29E575DD-E0A3-4627-9D10-D276232CDCEA): 17
LogDevObjectVersion:   Dev-Anim (AF43A65D-7FD3-4947-9873-3E8ED9C1BB05): 15
LogDevObjectVersion:   Dev-ReflectionCapture (6B266CEC-1EC7-4B8F-A30B-E4D90942FC07): 1
LogDevObjectVersion:   Dev-Automation (0DF73D61-A23F-47EA-B727-89E90C41499A): 1
LogDevObjectVersion:   FortniteMain (601D1886-AC64-4F84-AA16-D3DE0DEAC7D6): 47
LogDevObjectVersion:   FortniteRelease (E7086368-6B23-4C58-8439-1B7016265E91): 1
LogDevObjectVersion:   Dev-Enterprise (9DFFBCD6-494F-0158-E221-12823C92A888): 10
LogDevObjectVersion:   Dev-Niagara (F2AED0AC-9AFE-416F-8664-AA7FFA26D6FC): 1
LogDevObjectVersion:   Dev-Destruction (174F1F0B-B4C6-45A5-B13F-2EE8D0FB917D): 10
LogDevObjectVersion:   Dev-Physics-Ext (35F94A83-E258-406C-A318-09F59610247C): 41
LogDevObjectVersion:   Dev-PhysicsMaterial-Chaos (B68FC16E-8B1B-42E2-B453-215C058844FE): 1
LogDevObjectVersion:   Dev-CineCamera (B2E18506-4273-CFC2-A54E-F4BB758BBA07): 1
LogDevObjectVersion:   Dev-VirtualProduction (64F58936-FD1B-42BA-BA96-7289D5D0FA4E): 1
LogDevObjectVersion:   Dev-MediaFramework (6F0ED827-A609-4895-9C91-998D90180EA4): 2
LogInit: Presizing for max 25165824 objects, including 0 objects not considered by GC, pre-allocating 0 bytes for permanent pool.
LogConfig: Applying CVar settings from Section [/Script/Engine.StreamingSettings] File [C:/Users/Peder/Desktop/Exjobb/Exjobb/MyProject/Saved/Config/Windows/Engine.ini]
LogConfig: Setting CVar [[s.MinBulkDataSizeForAsyncLoading:131072]]
LogConfig: Setting CVar [[s.AsyncLoadingThreadEnabled:0]]
LogConfig: Setting CVar [[s.EventDrivenLoaderEnabled:1]]
LogConfig: Setting CVar [[s.WarnIfTimeLimitExceeded:0]]
LogConfig: Setting CVar [[s.TimeLimitExceededMultiplier:1.5]]
LogConfig: Setting CVar [[s.TimeLimitExceededMinTime:0.005]]
LogConfig: Setting CVar [[s.UseBackgroundLevelStreaming:1]]
LogConfig: Setting CVar [[s.PriorityAsyncLoadingExtraTime:15.0]]
LogConfig: Setting CVar [[s.LevelStreamingActorsUpdateTimeLimit:5.0]]
LogConfig: Setting CVar [[s.PriorityLevelStreamingActorsUpdateExtraTime:5.0]]
LogConfig: Setting CVar [[s.LevelStreamingComponentsRegistrationGranularity:10]]
LogConfig: Setting CVar [[s.UnregisterComponentsTimeLimit:1.0]]
LogConfig: Setting CVar [[s.LevelStreamingComponentsUnregistrationGranularity:5]]
LogConfig: Setting CVar [[s.FlushStreamingOnExit:1]]
LogInit: Object subsystem initialized
LogConfig: Setting CVar [[con.DebugEarlyDefault:1]]
LogConfig: Setting CVar [[r.setres:1280x720]]
[2022.03.30-11.56.01:832][  0]LogConfig: Setting CVar [[r.VSync:0]]
[2022.03.30-11.56.01:832][  0]LogConfig: Setting CVar [[r.RHICmdBypass:0]]
[2022.03.30-11.56.01:833][  0]LogConfig: Applying CVar settings from Section [/Script/Engine.RendererSettings] File [C:/Users/Peder/Desktop/Exjobb/Exjobb/MyProject/Saved/Config/Windows/Engine.ini]
[2022.03.30-11.56.01:833][  0]LogConfig: Setting CVar [[r.GPUCrashDebugging:0]]
[2022.03.30-11.56.01:833][  0]LogConfig: Applying CVar settings from Section [/Script/Engine.RendererOverrideSettings] File [C:/Users/Peder/Desktop/Exjobb/Exjobb/MyProject/Saved/Config/Windows/Engine.ini]
[2022.03.30-11.56.01:834][  0]LogConfig: Applying CVar settings from Section [/Script/Engine.StreamingSettings] File [C:/Users/Peder/Desktop/Exjobb/Exjobb/MyProject/Saved/Config/Windows/Engine.ini]
[2022.03.30-11.56.01:834][  0]LogConfig: Setting CVar [[s.MinBulkDataSizeForAsyncLoading:131072]]
[2022.03.30-11.56.01:834][  0]LogConfig: Setting CVar [[s.AsyncLoadingThreadEnabled:0]]
[2022.03.30-11.56.01:834][  0]LogConfig: Setting CVar [[s.EventDrivenLoaderEnabled:1]]
[2022.03.30-11.56.01:834][  0]LogConfig: Setting CVar [[s.WarnIfTimeLimitExceeded:0]]
[2022.03.30-11.56.01:834][  0]LogConfig: Setting CVar [[s.TimeLimitExceededMultiplier:1.5]]
[2022.03.30-11.56.01:834][  0]LogConfig: Setting CVar [[s.TimeLimitExceededMinTime:0.005]]
[2022.03.30-11.56.01:834][  0]LogConfig: Setting CVar [[s.UseBackgroundLevelStreaming:1]]
[2022.03.30-11.56.01:834][  0]LogConfig: Setting CVar [[s.PriorityAsyncLoadingExtraTime:15.0]]
[2022.03.30-11.56.01:835][  0]LogConfig: Setting CVar [[s.LevelStreamingActorsUpdateTimeLimit:5.0]]
[2022.03.30-11.56.01:835][  0]LogConfig: Setting CVar [[s.PriorityLevelStreamingActorsUpdateExtraTime:5.0]]
[2022.03.30-11.56.01:835][  0]LogConfig: Setting CVar [[s.LevelStreamingComponentsRegistrationGranularity:10]]
[2022.03.30-11.56.01:835][  0]LogConfig: Setting CVar [[s.UnregisterComponentsTimeLimit:1.0]]
[2022.03.30-11.56.01:835][  0]LogConfig: Setting CVar [[s.LevelStreamingComponentsUnregistrationGranularity:5]]
[2022.03.30-11.56.01:835][  0]LogConfig: Setting CVar [[s.FlushStreamingOnExit:1]]
[2022.03.30-11.56.01:835][  0]LogConfig: Applying CVar settings from Section [/Script/Engine.GarbageCollectionSettings] File [C:/Users/Peder/Desktop/Exjobb/Exjobb/MyProject/Saved/Config/Windows/Engine.ini]
[2022.03.30-11.56.01:835][  0]LogConfig: Setting CVar [[gc.MaxObjectsNotConsideredByGC:1]]
[2022.03.30-11.56.01:835][  0]LogConfig: Setting CVar [[gc.SizeOfPermanentObjectPool:0]]
[2022.03.30-11.56.01:835][  0]LogConfig: Setting CVar [[gc.FlushStreamingOnGC:0]]
[2022.03.30-11.56.01:836][  0]LogConfig: Setting CVar [[gc.NumRetriesBeforeForcingGC:10]]
[2022.03.30-11.56.01:836][  0]LogConfig: Setting CVar [[gc.AllowParallelGC:1]]
[2022.03.30-11.56.01:836][  0]LogConfig: Setting CVar [[gc.TimeBetweenPurgingPendingKillObjects:61.1]]
[2022.03.30-11.56.01:836][  0]LogConfig: Setting CVar [[gc.MaxObjectsInEditor:25165824]]
[2022.03.30-11.56.01:836][  0]LogConfig: Setting CVar [[gc.IncrementalBeginDestroyEnabled:1]]
[2022.03.30-11.56.01:836][  0]LogConfig: Setting CVar [[gc.CreateGCClusters:1]]
[2022.03.30-11.56.01:836][  0]LogConfig: Setting CVar [[gc.MinGCClusterSize:5]]
[2022.03.30-11.56.01:836][  0]LogConfig: Setting CVar [[gc.ActorClusteringEnabled:0]]
[2022.03.30-11.56.01:836][  0]LogConfig: Setting CVar [[gc.BlueprintClusteringEnabled:0]]
[2022.03.30-11.56.01:836][  0]LogConfig: Setting CVar [[gc.UseDisregardForGCOnDedicatedServers:0]]
[2022.03.30-11.56.01:836][  0]LogConfig: Setting CVar [[gc.MultithreadedDestructionEnabled:1]]
[2022.03.30-11.56.01:836][  0]LogConfig: Applying CVar settings from Section [/Script/Engine.NetworkSettings] File [C:/Users/Peder/Desktop/Exjobb/Exjobb/MyProject/Saved/Config/Windows/Engine.ini]
[2022.03.30-11.56.01:837][  0]LogConfig: Applying CVar settings from Section [/Script/UnrealEd.CookerSettings] File [C:/Users/Peder/Desktop/Exjobb/Exjobb/MyProject/Saved/Config/Windows/Engine.ini]
[2022.03.30-11.56.01:851][  0]LogConfig: Applying CVar settings from Section [ViewDistanceQuality@3] File [C:/Users/Peder/Desktop/Exjobb/Exjobb/MyProject/Saved/Config/Windows/Scalability.ini]
[2022.03.30-11.56.01:851][  0]LogConfig: Setting CVar [[r.SkeletalMeshLODBias:0]]
[2022.03.30-11.56.01:851][  0]LogConfig: Setting CVar [[r.ViewDistanceScale:1.0]]
[2022.03.30-11.56.01:851][  0]LogConfig: Applying CVar settings from Section [AntiAliasingQuality@3] File [C:/Users/Peder/Desktop/Exjobb/Exjobb/MyProject/Saved/Config/Windows/Scalability.ini]
[2022.03.30-11.56.01:851][  0]LogConfig: Setting CVar [[r.PostProcessAAQuality:4]]
[2022.03.30-11.56.01:851][  0]LogConfig: Applying CVar settings from Section [ShadowQuality@3] File [C:/Users/Peder/Desktop/Exjobb/Exjobb/MyProject/Saved/Config/Windows/Scalability.ini]
[2022.03.30-11.56.01:851][  0]LogConfig: Setting CVar [[r.LightFunctionQuality:1]]
[2022.03.30-11.56.01:852][  0]LogConfig: Setting CVar [[r.ShadowQuality:5]]
[2022.03.30-11.56.01:852][  0]LogConfig: Setting CVar [[r.Shadow.CSM.MaxCascades:10]]
[2022.03.30-11.56.01:852][  0]LogConfig: Setting CVar [[r.Shadow.MaxResolution:2048]]
[2022.03.30-11.56.01:852][  0]LogConfig: Setting CVar [[r.Shadow.MaxCSMResolution:2048]]
[2022.03.30-11.56.01:852][  0]LogConfig: Setting CVar [[r.Shadow.RadiusThreshold:0.01]]
[2022.03.30-11.56.01:852][  0]LogConfig: Setting CVar [[r.Shadow.DistanceScale:1.0]]
[2022.03.30-11.56.01:852][  0]LogConfig: Setting CVar [[r.Shadow.CSM.TransitionScale:1.0]]
[2022.03.30-11.56.01:852][  0]LogConfig: Setting CVar [[r.Shadow.PreShadowResolutionFactor:1.0]]
[2022.03.30-11.56.01:852][  0]LogConfig: Setting CVar [[r.DistanceFieldShadowing:1]]
[2022.03.30-11.56.01:852][  0]LogConfig: Setting CVar [[r.DistanceFieldAO:1]]
[2022.03.30-11.56.01:852][  0]LogConfig: Setting CVar [[r.AOQuality:2]]
[2022.03.30-11.56.01:852][  0]LogConfig: Setting CVar [[r.VolumetricFog:1]]
[2022.03.30-11.56.01:852][  0]LogConfig: Setting CVar [[r.VolumetricFog.GridPixelSize:8]]
[2022.03.30-11.56.01:852][  0]LogConfig: Setting CVar [[r.VolumetricFog.GridSizeZ:128]]
[2022.03.30-11.56.01:852][  0]LogConfig: Setting CVar [[r.VolumetricFog.HistoryMissSupersampleCount:4]]
[2022.03.30-11.56.01:852][  0]LogConfig: Setting CVar [[r.LightMaxDrawDistanceScale:1]]
[2022.03.30-11.56.01:852][  0]LogConfig: Setting CVar [[r.CapsuleShadows:1]]
[2022.03.30-11.56.01:852][  0]LogConfig: Applying CVar settings from Section [PostProcessQuality@3] File [C:/Users/Peder/Desktop/Exjobb/Exjobb/MyProject/Saved/Config/Windows/Scalability.ini]
[2022.03.30-11.56.01:853][  0]LogConfig: Setting CVar [[r.MotionBlurQuality:4]]
[2022.03.30-11.56.01:853][  0]LogConfig: Setting CVar [[r.AmbientOcclusionMipLevelFactor:0.4]]
[2022.03.30-11.56.01:853][  0]LogConfig: Setting CVar [[r.AmbientOcclusionMaxQuality:100]]
[2022.03.30-11.56.01:853][  0]LogConfig: Setting CVar [[r.AmbientOcclusionLevels:-1]]
[2022.03.30-11.56.01:853][  0]LogConfig: Setting CVar [[r.AmbientOcclusionRadiusScale:1.0]]
[2022.03.30-11.56.01:853][  0]LogConfig: Setting CVar [[r.DepthOfFieldQuality:2]]
[2022.03.30-11.56.01:853][  0]LogConfig: Setting CVar [[r.RenderTargetPoolMin:400]]
[2022.03.30-11.56.01:853][  0]LogConfig: Setting CVar [[r.LensFlareQuality:2]]
[2022.03.30-11.56.01:853][  0]LogConfig: Setting CVar [[r.SceneColorFringeQuality:1]]
[2022.03.30-11.56.01:853][  0]LogConfig: Setting CVar [[r.EyeAdaptationQuality:2]]
[2022.03.30-11.56.01:853][  0]LogConfig: Setting CVar [[r.BloomQuality:5]]
[2022.03.30-11.56.01:853][  0]LogConfig: Setting CVar [[r.FastBlurThreshold:100]]
[2022.03.30-11.56.01:853][  0]LogConfig: Setting CVar [[r.Upscale.Quality:3]]
[2022.03.30-11.56.01:853][  0]LogConfig: Setting CVar [[r.Tonemapper.GrainQuantization:1]]
[2022.03.30-11.56.01:853][  0]LogConfig: Setting CVar [[r.LightShaftQuality:1]]
[2022.03.30-11.56.01:853][  0]LogConfig: Setting CVar [[r.Filter.SizeScale:1]]
[2022.03.30-11.56.01:853][  0]LogConfig: Setting CVar [[r.Tonemapper.Quality:5]]
[2022.03.30-11.56.01:854][  0]LogConfig: Setting CVar [[r.DOF.Gather.AccumulatorQuality:1        ; higher gathering accumulator quality]]
[2022.03.30-11.56.01:854][  0]LogConfig: Setting CVar [[r.DOF.Gather.PostfilterMethod:1          ; Median3x3 postfilering method]]
[2022.03.30-11.56.01:854][  0]LogConfig: Setting CVar [[r.DOF.Gather.EnableBokehSettings:0       ; no bokeh simulation when gathering]]
[2022.03.30-11.56.01:854][  0]LogConfig: Setting CVar [[r.DOF.Gather.RingCount:4                 ; medium number of samples when gathering]]
[2022.03.30-11.56.01:854][  0]LogConfig: Setting CVar [[r.DOF.Scatter.ForegroundCompositing:1    ; additive foreground scattering]]
[2022.03.30-11.56.01:854][  0]LogConfig: Setting CVar [[r.DOF.Scatter.BackgroundCompositing:2    ; additive background scattering]]
[2022.03.30-11.56.01:854][  0]LogConfig: Setting CVar [[r.DOF.Scatter.EnableBokehSettings:1      ; bokeh simulation when scattering]]
[2022.03.30-11.56.01:854][  0]LogConfig: Setting CVar [[r.DOF.Scatter.MaxSpriteRatio:0.1         ; only a maximum of 10% of scattered bokeh]]
[2022.03.30-11.56.01:854][  0]LogConfig: Setting CVar [[r.DOF.Recombine.Quality:1                ; cheap slight out of focus]]
[2022.03.30-11.56.01:854][  0]LogConfig: Setting CVar [[r.DOF.Recombine.EnableBokehSettings:0    ; no bokeh simulation on slight out of focus]]
[2022.03.30-11.56.01:854][  0]LogConfig: Setting CVar [[r.DOF.TemporalAAQuality:1                ; more stable temporal accumulation]]
[2022.03.30-11.56.01:854][  0]LogConfig: Setting CVar [[r.DOF.Kernel.MaxForegroundRadius:0.025]]
[2022.03.30-11.56.01:854][  0]LogConfig: Setting CVar [[r.DOF.Kernel.MaxBackgroundRadius:0.025]]
[2022.03.30-11.56.01:854][  0]LogConfig: Applying CVar settings from Section [TextureQuality@3] File [C:/Users/Peder/Desktop/Exjobb/Exjobb/MyProject/Saved/Config/Windows/Scalability.ini]
[2022.03.30-11.56.01:855][  0]LogConfig: Setting CVar [[r.Streaming.MipBias:0]]
[2022.03.30-11.56.01:855][  0]LogConfig: Setting CVar [[r.Streaming.AmortizeCPUToGPUCopy:0]]
[2022.03.30-11.56.01:855][  0]LogConfig: Setting CVar [[r.Streaming.MaxNumTexturesToStreamPerFrame:0]]
[2022.03.30-11.56.01:855][  0]LogConfig: Setting CVar [[r.Streaming.Boost:1]]
[2022.03.30-11.56.01:855][  0]LogConfig: Setting CVar [[r.MaxAnisotropy:8]]
[2022.03.30-11.56.01:855][  0]LogConfig: Setting CVar [[r.VT.MaxAnisotropy:8]]
[2022.03.30-11.56.01:855][  0]LogConfig: Setting CVar [[r.Streaming.LimitPoolSizeToVRAM:0]]
[2022.03.30-11.56.01:855][  0]LogConfig: Setting CVar [[r.Streaming.PoolSize:1000]]
[2022.03.30-11.56.01:855][  0]LogConfig: Setting CVar [[r.Streaming.MaxEffectiveScreenSize:0]]
[2022.03.30-11.56.01:855][  0]LogConfig: Applying CVar settings from Section [EffectsQuality@3] File [C:/Users/Peder/Desktop/Exjobb/Exjobb/MyProject/Saved/Config/Windows/Scalability.ini]
[2022.03.30-11.56.01:855][  0]LogConfig: Setting CVar [[r.TranslucencyLightingVolumeDim:64]]
[2022.03.30-11.56.01:855][  0]LogConfig: Setting CVar [[r.RefractionQuality:2]]
[2022.03.30-11.56.01:855][  0]LogConfig: Setting CVar [[r.SSR.Quality:3]]
[2022.03.30-11.56.01:855][  0]LogConfig: Setting CVar [[r.SSR.HalfResSceneColor:0]]
[2022.03.30-11.56.01:855][  0]LogConfig: Setting CVar [[r.SceneColorFormat:4]]
[2022.03.30-11.56.01:855][  0]LogConfig: Setting CVar [[r.DetailMode:2]]
[2022.03.30-11.56.01:856][  0]LogConfig: Setting CVar [[r.TranslucencyVolumeBlur:1]]
[2022.03.30-11.56.01:856][  0]LogConfig: Setting CVar [[r.MaterialQualityLevel:1 ; High quality]]
[2022.03.30-11.56.01:856][  0]LogConfig: Setting CVar [[r.AnisotropicMaterials:1]]
[2022.03.30-11.56.01:856][  0]LogConfig: Setting CVar [[r.SSS.Scale:1]]
[2022.03.30-11.56.01:856][  0]LogConfig: Setting CVar [[r.SSS.SampleSet:2]]
[2022.03.30-11.56.01:856][  0]LogConfig: Setting CVar [[r.SSS.Quality:1]]
[2022.03.30-11.56.01:856][  0]LogConfig: Setting CVar [[r.SSS.HalfRes:0]]
[2022.03.30-11.56.01:856][  0]LogConfig: Setting CVar [[r.SSGI.Quality:3]]
[2022.03.30-11.56.01:856][  0]LogConfig: Setting CVar [[r.EmitterSpawnRateScale:1.0]]
[2022.03.30-11.56.01:856][  0]LogConfig: Setting CVar [[r.ParticleLightQuality:2]]
[2022.03.30-11.56.01:856][  0]LogConfig: Setting CVar [[r.SkyAtmosphere.AerialPerspectiveLUT.FastApplyOnOpaque:1 ; Always have FastSkyLUT 1 in this case to avoid wrong sky]]
[2022.03.30-11.56.01:856][  0]LogConfig: Setting CVar [[r.SkyAtmosphere.AerialPerspectiveLUT.SampleCountMaxPerSlice:4]]
[2022.03.30-11.56.01:856][  0]LogConfig: Setting CVar [[r.SkyAtmosphere.AerialPerspectiveLUT.DepthResolution:16.0]]
[2022.03.30-11.56.01:856][  0]LogConfig: Setting CVar [[r.SkyAtmosphere.FastSkyLUT:1]]
[2022.03.30-11.56.01:856][  0]LogConfig: Setting CVar [[r.SkyAtmosphere.FastSkyLUT.SampleCountMin:4.0]]
[2022.03.30-11.56.01:856][  0]LogConfig: Setting CVar [[r.SkyAtmosphere.FastSkyLUT.SampleCountMax:128.0]]
[2022.03.30-11.56.01:856][  0]LogConfig: Setting CVar [[r.SkyAtmosphere.SampleCountMin:4.0]]
[2022.03.30-11.56.01:857][  0]LogConfig: Setting CVar [[r.SkyAtmosphere.SampleCountMax:128.0]]
[2022.03.30-11.56.01:857][  0]LogConfig: Setting CVar [[r.SkyAtmosphere.TransmittanceLUT.UseSmallFormat:0]]
[2022.03.30-11.56.01:857][  0]LogConfig: Setting CVar [[r.SkyAtmosphere.TransmittanceLUT.SampleCount:10.0]]
[2022.03.30-11.56.01:857][  0]LogConfig: Setting CVar [[r.SkyAtmosphere.MultiScatteringLUT.SampleCount:15.0]]
[2022.03.30-11.56.01:857][  0]LogConfig: Setting CVar [[r.SkyLight.RealTimeReflectionCapture:1]]
[2022.03.30-11.56.01:857][  0]LogConfig: Applying CVar settings from Section [FoliageQuality@3] File [C:/Users/Peder/Desktop/Exjobb/Exjobb/MyProject/Saved/Config/Windows/Scalability.ini]
[2022.03.30-11.56.01:857][  0]LogConfig: Setting CVar [[foliage.DensityScale:1.0]]
[2022.03.30-11.56.01:857][  0]LogConfig: Setting CVar [[grass.DensityScale:1.0]]
[2022.03.30-11.56.01:857][  0]LogConfig: Applying CVar settings from Section [ShadingQuality@3] File [C:/Users/Peder/Desktop/Exjobb/Exjobb/MyProject/Saved/Config/Windows/Scalability.ini]
[2022.03.30-11.56.01:857][  0]LogConfig: Setting CVar [[r.HairStrands.SkyLighting.IntegrationType:2]]
[2022.03.30-11.56.01:857][  0]LogConfig: Setting CVar [[r.HairStrands.SkyAO.SampleCount:4]]
[2022.03.30-11.56.01:857][  0]LogConfig: Setting CVar [[r.HairStrands.Visibility.MSAA.SamplePerPixel:4]]
[2022.03.30-11.56.01:858][  0]LogInit: Selected Device Profile: [Windows]
[2022.03.30-11.56.01:858][  0]LogInit: Applying CVar settings loaded from the selected device profile: [Windows]
[2022.03.30-11.56.01:858][  0]LogHAL: Display: Platform has ~ 8 GB [8469368832 / 8589934592 / 8], which maps to Default [LargestMinGB=32, LargerMinGB=12, DefaultMinGB=8, SmallerMinGB=6, SmallestMinGB=0)
[2022.03.30-11.56.01:858][  0]LogInit: Going up to parent DeviceProfile []
[2022.03.30-11.56.01:859][  0]LogConfig: Applying CVar settings from Section [ViewDistanceQuality@3] File [C:/Users/Peder/Desktop/Exjobb/Exjobb/MyProject/Saved/Config/Windows/Scalability.ini]
[2022.03.30-11.56.01:859][  0]LogConfig: Setting CVar [[r.SkeletalMeshLODBias:0]]
[2022.03.30-11.56.01:859][  0]LogConfig: Setting CVar [[r.ViewDistanceScale:1.0]]
[2022.03.30-11.56.01:859][  0]LogConfig: Applying CVar settings from Section [AntiAliasingQuality@3] File [C:/Users/Peder/Desktop/Exjobb/Exjobb/MyProject/Saved/Config/Windows/Scalability.ini]
[2022.03.30-11.56.01:859][  0]LogConfig: Setting CVar [[r.PostProcessAAQuality:4]]
[2022.03.30-11.56.01:859][  0]LogConfig: Applying CVar settings from Section [ShadowQuality@3] File [C:/Users/Peder/Desktop/Exjobb/Exjobb/MyProject/Saved/Config/Windows/Scalability.ini]
[2022.03.30-11.56.01:859][  0]LogConfig: Setting CVar [[r.LightFunctionQuality:1]]
[2022.03.30-11.56.01:860][  0]LogConfig: Setting CVar [[r.ShadowQuality:5]]
[2022.03.30-11.56.01:860][  0]LogConfig: Setting CVar [[r.Shadow.CSM.MaxCascades:10]]
[2022.03.30-11.56.01:860][  0]LogConfig: Setting CVar [[r.Shadow.MaxResolution:2048]]
[2022.03.30-11.56.01:860][  0]LogConfig: Setting CVar [[r.Shadow.MaxCSMResolution:2048]]
[2022.03.30-11.56.01:860][  0]LogConfig: Setting CVar [[r.Shadow.RadiusThreshold:0.01]]
[2022.03.30-11.56.01:860][  0]LogConfig: Setting CVar [[r.Shadow.DistanceScale:1.0]]
[2022.03.30-11.56.01:860][  0]LogConfig: Setting CVar [[r.Shadow.CSM.TransitionScale:1.0]]
[2022.03.30-11.56.01:860][  0]LogConfig: Setting CVar [[r.Shadow.PreShadowResolutionFactor:1.0]]
[2022.03.30-11.56.01:861][  0]LogConfig: Setting CVar [[r.DistanceFieldShadowing:1]]
[2022.03.30-11.56.01:861][  0]LogConfig: Setting CVar [[r.DistanceFieldAO:1]]
[2022.03.30-11.56.01:861][  0]LogConfig: Setting CVar [[r.AOQuality:2]]
[2022.03.30-11.56.01:861][  0]LogConfig: Setting CVar [[r.VolumetricFog:1]]
[2022.03.30-11.56.01:861][  0]LogConfig: Setting CVar [[r.VolumetricFog.GridPixelSize:8]]
[2022.03.30-11.56.01:861][  0]LogConfig: Setting CVar [[r.VolumetricFog.GridSizeZ:128]]
[2022.03.30-11.56.01:861][  0]LogConfig: Setting CVar [[r.VolumetricFog.HistoryMissSupersampleCount:4]]
[2022.03.30-11.56.01:861][  0]LogConfig: Setting CVar [[r.LightMaxDrawDistanceScale:1]]
[2022.03.30-11.56.01:861][  0]LogConfig: Setting CVar [[r.CapsuleShadows:1]]
[2022.03.30-11.56.01:862][  0]LogConfig: Applying CVar settings from Section [PostProcessQuality@3] File [C:/Users/Peder/Desktop/Exjobb/Exjobb/MyProject/Saved/Config/Windows/Scalability.ini]
[2022.03.30-11.56.01:862][  0]LogConfig: Setting CVar [[r.MotionBlurQuality:4]]
[2022.03.30-11.56.01:862][  0]LogConfig: Setting CVar [[r.AmbientOcclusionMipLevelFactor:0.4]]
[2022.03.30-11.56.01:862][  0]LogConfig: Setting CVar [[r.AmbientOcclusionMaxQuality:100]]
[2022.03.30-11.56.01:862][  0]LogConfig: Setting CVar [[r.AmbientOcclusionLevels:-1]]
[2022.03.30-11.56.01:862][  0]LogConfig: Setting CVar [[r.AmbientOcclusionRadiusScale:1.0]]
[2022.03.30-11.56.01:862][  0]LogConfig: Setting CVar [[r.DepthOfFieldQuality:2]]
[2022.03.30-11.56.01:862][  0]LogConfig: Setting CVar [[r.RenderTargetPoolMin:400]]
[2022.03.30-11.56.01:863][  0]LogConfig: Setting CVar [[r.LensFlareQuality:2]]
[2022.03.30-11.56.01:863][  0]LogConfig: Setting CVar [[r.SceneColorFringeQuality:1]]
[2022.03.30-11.56.01:863][  0]LogConfig: Setting CVar [[r.EyeAdaptationQuality:2]]
[2022.03.30-11.56.01:863][  0]LogConfig: Setting CVar [[r.BloomQuality:5]]
[2022.03.30-11.56.01:863][  0]LogConfig: Setting CVar [[r.FastBlurThreshold:100]]
[2022.03.30-11.56.01:863][  0]LogConfig: Setting CVar [[r.Upscale.Quality:3]]
[2022.03.30-11.56.01:863][  0]LogConfig: Setting CVar [[r.Tonemapper.GrainQuantization:1]]
[2022.03.30-11.56.01:863][  0]LogConfig: Setting CVar [[r.LightShaftQuality:1]]
[2022.03.30-11.56.01:863][  0]LogConfig: Setting CVar [[r.Filter.SizeScale:1]]
[2022.03.30-11.56.01:863][  0]LogConfig: Setting CVar [[r.Tonemapper.Quality:5]]
[2022.03.30-11.56.01:863][  0]LogConfig: Setting CVar [[r.DOF.Gather.AccumulatorQuality:1        ; higher gathering accumulator quality]]
[2022.03.30-11.56.01:863][  0]LogConfig: Setting CVar [[r.DOF.Gather.PostfilterMethod:1          ; Median3x3 postfilering method]]
[2022.03.30-11.56.01:864][  0]LogConfig: Setting CVar [[r.DOF.Gather.EnableBokehSettings:0       ; no bokeh simulation when gathering]]
[2022.03.30-11.56.01:864][  0]LogConfig: Setting CVar [[r.DOF.Gather.RingCount:4                 ; medium number of samples when gathering]]
[2022.03.30-11.56.01:864][  0]LogConfig: Setting CVar [[r.DOF.Scatter.ForegroundCompositing:1    ; additive foreground scattering]]
[2022.03.30-11.56.01:865][  0]LogConfig: Setting CVar [[r.DOF.Scatter.BackgroundCompositing:2    ; additive background scattering]]
[2022.03.30-11.56.01:865][  0]LogConfig: Setting CVar [[r.DOF.Scatter.EnableBokehSettings:1      ; bokeh simulation when scattering]]
[2022.03.30-11.56.01:865][  0]LogConfig: Setting CVar [[r.DOF.Scatter.MaxSpriteRatio:0.1         ; only a maximum of 10% of scattered bokeh]]
[2022.03.30-11.56.01:865][  0]LogConfig: Setting CVar [[r.DOF.Recombine.Quality:1                ; cheap slight out of focus]]
[2022.03.30-11.56.01:865][  0]LogConfig: Setting CVar [[r.DOF.Recombine.EnableBokehSettings:0    ; no bokeh simulation on slight out of focus]]
[2022.03.30-11.56.01:865][  0]LogConfig: Setting CVar [[r.DOF.TemporalAAQuality:1                ; more stable temporal accumulation]]
[2022.03.30-11.56.01:865][  0]LogConfig: Setting CVar [[r.DOF.Kernel.MaxForegroundRadius:0.025]]
[2022.03.30-11.56.01:865][  0]LogConfig: Setting CVar [[r.DOF.Kernel.MaxBackgroundRadius:0.025]]
[2022.03.30-11.56.01:865][  0]LogConfig: Applying CVar settings from Section [TextureQuality@3] File [C:/Users/Peder/Desktop/Exjobb/Exjobb/MyProject/Saved/Config/Windows/Scalability.ini]
[2022.03.30-11.56.01:865][  0]LogConfig: Setting CVar [[r.Streaming.MipBias:0]]
[2022.03.30-11.56.01:865][  0]LogConfig: Setting CVar [[r.Streaming.AmortizeCPUToGPUCopy:0]]
[2022.03.30-11.56.01:865][  0]LogConfig: Setting CVar [[r.Streaming.MaxNumTexturesToStreamPerFrame:0]]
[2022.03.30-11.56.01:866][  0]LogConfig: Setting CVar [[r.Streaming.Boost:1]]
[2022.03.30-11.56.01:866][  0]LogConfig: Setting CVar [[r.MaxAnisotropy:8]]
[2022.03.30-11.56.01:866][  0]LogConfig: Setting CVar [[r.VT.MaxAnisotropy:8]]
[2022.03.30-11.56.01:866][  0]LogConfig: Setting CVar [[r.Streaming.LimitPoolSizeToVRAM:0]]
[2022.03.30-11.56.01:866][  0]LogConfig: Setting CVar [[r.Streaming.PoolSize:1000]]
[2022.03.30-11.56.01:866][  0]LogConfig: Setting CVar [[r.Streaming.MaxEffectiveScreenSize:0]]
[2022.03.30-11.56.01:866][  0]LogConfig: Applying CVar settings from Section [EffectsQuality@3] File [C:/Users/Peder/Desktop/Exjobb/Exjobb/MyProject/Saved/Config/Windows/Scalability.ini]
[2022.03.30-11.56.01:866][  0]LogConfig: Setting CVar [[r.TranslucencyLightingVolumeDim:64]]
[2022.03.30-11.56.01:866][  0]LogConfig: Setting CVar [[r.RefractionQuality:2]]
[2022.03.30-11.56.01:866][  0]LogConfig: Setting CVar [[r.SSR.Quality:3]]
[2022.03.30-11.56.01:866][  0]LogConfig: Setting CVar [[r.SSR.HalfResSceneColor:0]]
[2022.03.30-11.56.01:866][  0]LogConfig: Setting CVar [[r.SceneColorFormat:4]]
[2022.03.30-11.56.01:866][  0]LogConfig: Setting CVar [[r.DetailMode:2]]
[2022.03.30-11.56.01:866][  0]LogConfig: Setting CVar [[r.TranslucencyVolumeBlur:1]]
[2022.03.30-11.56.01:866][  0]LogConfig: Setting CVar [[r.MaterialQualityLevel:1 ; High quality]]
[2022.03.30-11.56.01:866][  0]LogConfig: Setting CVar [[r.AnisotropicMaterials:1]]
[2022.03.30-11.56.01:866][  0]LogConfig: Setting CVar [[r.SSS.Scale:1]]
[2022.03.30-11.56.01:866][  0]LogConfig: Setting CVar [[r.SSS.SampleSet:2]]
[2022.03.30-11.56.01:866][  0]LogConfig: Setting CVar [[r.SSS.Quality:1]]
[2022.03.30-11.56.01:866][  0]LogConfig: Setting CVar [[r.SSS.HalfRes:0]]
[2022.03.30-11.56.01:867][  0]LogConfig: Setting CVar [[r.SSGI.Quality:3]]
[2022.03.30-11.56.01:867][  0]LogConfig: Setting CVar [[r.EmitterSpawnRateScale:1.0]]
[2022.03.30-11.56.01:867][  0]LogConfig: Setting CVar [[r.ParticleLightQuality:2]]
[2022.03.30-11.56.01:867][  0]LogConfig: Setting CVar [[r.SkyAtmosphere.AerialPerspectiveLUT.FastApplyOnOpaque:1 ; Always have FastSkyLUT 1 in this case to avoid wrong sky]]
[2022.03.30-11.56.01:867][  0]LogConfig: Setting CVar [[r.SkyAtmosphere.AerialPerspectiveLUT.SampleCountMaxPerSlice:4]]
[2022.03.30-11.56.01:867][  0]LogConfig: Setting CVar [[r.SkyAtmosphere.AerialPerspectiveLUT.DepthResolution:16.0]]
[2022.03.30-11.56.01:867][  0]LogConfig: Setting CVar [[r.SkyAtmosphere.FastSkyLUT:1]]
[2022.03.30-11.56.01:867][  0]LogConfig: Setting CVar [[r.SkyAtmosphere.FastSkyLUT.SampleCountMin:4.0]]
[2022.03.30-11.56.01:867][  0]LogConfig: Setting CVar [[r.SkyAtmosphere.FastSkyLUT.SampleCountMax:128.0]]
[2022.03.30-11.56.01:867][  0]LogConfig: Setting CVar [[r.SkyAtmosphere.SampleCountMin:4.0]]
[2022.03.30-11.56.01:867][  0]LogConfig: Setting CVar [[r.SkyAtmosphere.SampleCountMax:128.0]]
[2022.03.30-11.56.01:867][  0]LogConfig: Setting CVar [[r.SkyAtmosphere.TransmittanceLUT.UseSmallFormat:0]]
[2022.03.30-11.56.01:867][  0]LogConfig: Setting CVar [[r.SkyAtmosphere.TransmittanceLUT.SampleCount:10.0]]
[2022.03.30-11.56.01:867][  0]LogConfig: Setting CVar [[r.SkyAtmosphere.MultiScatteringLUT.SampleCount:15.0]]
[2022.03.30-11.56.01:867][  0]LogConfig: Setting CVar [[r.SkyLight.RealTimeReflectionCapture:1]]
[2022.03.30-11.56.01:867][  0]LogConfig: Applying CVar settings from Section [FoliageQuality@3] File [C:/Users/Peder/Desktop/Exjobb/Exjobb/MyProject/Saved/Config/Windows/Scalability.ini]
[2022.03.30-11.56.01:867][  0]LogConfig: Setting CVar [[foliage.DensityScale:1.0]]
[2022.03.30-11.56.01:867][  0]LogConfig: Setting CVar [[grass.DensityScale:1.0]]
[2022.03.30-11.56.01:867][  0]LogConfig: Applying CVar settings from Section [ShadingQuality@3] File [C:/Users/Peder/Desktop/Exjobb/Exjobb/MyProject/Saved/Config/Windows/Scalability.ini]
[2022.03.30-11.56.01:867][  0]LogConfig: Setting CVar [[r.HairStrands.SkyLighting.IntegrationType:2]]
[2022.03.30-11.56.01:867][  0]LogConfig: Setting CVar [[r.HairStrands.SkyAO.SampleCount:4]]
[2022.03.30-11.56.01:867][  0]LogConfig: Setting CVar [[r.HairStrands.Visibility.MSAA.SamplePerPixel:4]]
[2022.03.30-11.56.01:867][  0]LogConfig: Applying CVar settings from Section [Startup] File [../../../Engine/Config/ConsoleVariables.ini]
[2022.03.30-11.56.01:868][  0]LogConfig: Setting CVar [[net.UseAdaptiveNetUpdateFrequency:0]]
[2022.03.30-11.56.01:868][  0]LogConfig: Setting CVar [[p.chaos.AllowCreatePhysxBodies:1]]
[2022.03.30-11.56.01:868][  0]LogConfig: Setting CVar [[fx.SkipVectorVMBackendOptimizations:1]]
[2022.03.30-11.56.01:869][  0]LogConfig: Applying CVar settings from Section [ConsoleVariables] File [C:/Users/Peder/Desktop/Exjobb/Exjobb/MyProject/Saved/Config/Windows/Engine.ini]
[2022.03.30-11.56.01:869][  0]LogConfig: Applying CVar settings from Section [ConsoleVariables] File [C:/Users/Peder/Desktop/Exjobb/Exjobb/MyProject/Saved/Config/Windows/Editor.ini]
[2022.03.30-11.56.01:870][  0]LogInit: Computer: LAPTOP-68K1IS8T
[2022.03.30-11.56.01:870][  0]LogInit: User: Peder
[2022.03.30-11.56.01:871][  0]LogInit: CPU Page size=4096, Cores=4
[2022.03.30-11.56.01:871][  0]LogInit: High frequency timer resolution =10.000000 MHz
[2022.03.30-11.56.01:871][  0]LogMemory: Memory total: Physical=7.9GB (8GB approx)
[2022.03.30-11.56.01:871][  0]LogMemory: Platform Memory Stats for Windows
[2022.03.30-11.56.01:871][  0]LogMemory: Process Physical Memory: 137.98 MB used, 137.98 MB peak
[2022.03.30-11.56.01:872][  0]LogMemory: Process Virtual Memory: 110.05 MB used, 110.05 MB peak
[2022.03.30-11.56.01:872][  0]LogMemory: Physical Memory: 6941.66 MB used,  1135.36 MB free, 8077.02 MB total
[2022.03.30-11.56.01:872][  0]LogMemory: Virtual Memory: 134214240.00 MB used,  3490.59 MB free, 134217728.00 MB total
[2022.03.30-11.56.01:892][  0]LogWindows: WindowsPlatformFeatures enabled
[2022.03.30-11.56.02:294][  0]LogInit: Physics initialised using underlying interface: PhysX
[2022.03.30-11.56.02:299][  0]LogInit: Using OS detected language (en-GB).
[2022.03.30-11.56.02:299][  0]LogInit: Using OS detected locale (en-SE).
[2022.03.30-11.56.02:330][  0]LogTextLocalizationManager: No specific localization for 'en-GB' exists, so the 'en' localization will be used.
[2022.03.30-11.56.02:851][  0]LogInit: Setting process to per monitor DPI aware
[2022.03.30-11.56.02:932][  0]LogWindowsTextInputMethodSystem: Display: IME system deactivated.
[2022.03.30-11.56.03:027][  0]LogSlate: New Slate User Created.  User Index 0, Is Virtual User: 0
[2022.03.30-11.56.03:027][  0]LogSlate: Slate User Registered.  User Index 0, Is Virtual User: 0
[2022.03.30-11.56.05:985][  0]LogD3D11RHI: Loaded GFSDK_Aftermath_Lib.x64.dll
[2022.03.30-11.56.06:056][  0]LogHMD: Failed to initialize OpenVR with code 110
[2022.03.30-11.56.06:056][  0]LogD3D11RHI: D3D11 min allowed feature level: 11_0
[2022.03.30-11.56.06:056][  0]LogD3D11RHI: D3D11 max allowed feature level: 11_0
[2022.03.30-11.56.06:056][  0]LogD3D11RHI: D3D11 adapters:
[2022.03.30-11.56.06:375][  0]LogD3D11RHI:    0. 'NVIDIA GeForce GTX 1050' (Feature Level 11_0)
[2022.03.30-11.56.06:375][  0]LogD3D11RHI:       4021/0/4038 MB DedicatedVideo/DedicatedSystem/SharedSystem, Outputs:1, VendorId:0x10de
[2022.03.30-11.56.06:426][  0]LogD3D11RHI:    1. 'Intel(R) HD Graphics 630' (Feature Level 11_0)
[2022.03.30-11.56.06:427][  0]LogD3D11RHI:       128/0/4038 MB DedicatedVideo/DedicatedSystem/SharedSystem, Outputs:0, VendorId:0x8086
[2022.03.30-11.56.06:441][  0]LogD3D11RHI:    2. 'Microsoft Basic Render Driver' (Feature Level 11_0)
[2022.03.30-11.56.06:441][  0]LogD3D11RHI:       0/0/4038 MB DedicatedVideo/DedicatedSystem/SharedSystem, Outputs:0, VendorId:0x1414
[2022.03.30-11.56.06:442][  0]LogD3D11RHI: Chosen D3D11 Adapter:
[2022.03.30-11.56.06:442][  0]LogD3D11RHI:     Description : NVIDIA GeForce GTX 1050
[2022.03.30-11.56.06:442][  0]LogD3D11RHI:     VendorId    : 10de
[2022.03.30-11.56.06:442][  0]LogD3D11RHI:     DeviceId    : 1c8d
[2022.03.30-11.56.06:442][  0]LogD3D11RHI:     SubSysId    : 15e01043
[2022.03.30-11.56.06:442][  0]LogD3D11RHI:     Revision    : 00a1
[2022.03.30-11.56.06:442][  0]LogD3D11RHI:     DedicatedVideoMemory : 4216324096 bytes
[2022.03.30-11.56.06:442][  0]LogD3D11RHI:     DedicatedSystemMemory : 0 bytes
[2022.03.30-11.56.06:442][  0]LogD3D11RHI:     SharedSystemMemory : 4234684416 bytes
[2022.03.30-11.56.06:442][  0]LogD3D11RHI:     AdapterLuid : 0 61372
[2022.03.30-11.56.06:453][  0]LogD3D11RHI: Creating new Direct3DDevice
[2022.03.30-11.56.06:453][  0]LogD3D11RHI:     GPU DeviceId: 0x1c8d (for the marketing name, search the web for "GPU Device Id")
[2022.03.30-11.56.06:453][  0]LogWindows: EnumDisplayDevices:
[2022.03.30-11.56.06:454][  0]LogWindows:    0. 'Intel(R) HD Graphics 630' (P:1 D:1)
[2022.03.30-11.56.06:454][  0]LogWindows:    1. 'Intel(R) HD Graphics 630' (P:0 D:0)
[2022.03.30-11.56.06:455][  0]LogWindows:    2. 'Intel(R) HD Graphics 630' (P:0 D:0)
[2022.03.30-11.56.06:455][  0]LogWindows: DebugString: PrimaryIsNotTheChoosenAdapter PrimaryIsNotTheChoosenAdapter PrimaryIsNotTheChoosenAdapter FoundDriverCount:0 
[2022.03.30-11.56.06:455][  0]LogD3D11RHI:     Adapter Name: NVIDIA GeForce GTX 1050
[2022.03.30-11.56.06:455][  0]LogD3D11RHI:   Driver Version: Unknown (internal:Unknown, unified:Unknown)
[2022.03.30-11.56.06:455][  0]LogD3D11RHI:      Driver Date: Unknown
[2022.03.30-11.56.06:455][  0]LogRHI: Texture pool is 2814 MB (70% of 4021 MB)
[2022.03.30-11.56.06:456][  0]LogD3D11RHI: Creating D3DDevice using adapter:
[2022.03.30-11.56.06:456][  0]LogD3D11RHI:     Description : NVIDIA GeForce GTX 1050
[2022.03.30-11.56.06:456][  0]LogD3D11RHI:     VendorId    : 10de
[2022.03.30-11.56.06:456][  0]LogD3D11RHI:     DeviceId    : 1c8d
[2022.03.30-11.56.06:456][  0]LogD3D11RHI:     SubSysId    : 15e01043
[2022.03.30-11.56.06:456][  0]LogD3D11RHI:     Revision    : 00a1
[2022.03.30-11.56.06:456][  0]LogD3D11RHI:     DedicatedVideoMemory : 4216324096 bytes
[2022.03.30-11.56.06:457][  0]LogD3D11RHI:     DedicatedSystemMemory : 0 bytes
[2022.03.30-11.56.06:457][  0]LogD3D11RHI:     SharedSystemMemory : 4234684416 bytes
[2022.03.30-11.56.06:457][  0]LogD3D11RHI:     AdapterLuid : 0 61372
[2022.03.30-11.56.06:550][  0]LogD3D11RHI: RHI has support for 64 bit atomics
[2022.03.30-11.56.06:551][  0]LogD3D11RHI: Async texture creation enabled
[2022.03.30-11.56.06:551][  0]LogD3D11RHI: Array index from any shader is supported
[2022.03.30-11.56.06:603][  0]LogD3D11RHI: GPU Timing Frequency: 1000.000000 (Debug: 2 1)
[2022.03.30-11.56.06:699][  0]LogRHI: GeForceNow SDK initialized: 1
[2022.03.30-11.56.07:152][  0]LogTargetPlatformManager: Display: Loaded TargetPlatform 'AllDesktop'
[2022.03.30-11.56.07:186][  0]LogTargetPlatformManager: Display: Loaded TargetPlatform 'Android'
[2022.03.30-11.56.07:186][  0]LogTargetPlatformManager: Display: Loaded TargetPlatform 'Android_ASTC'
[2022.03.30-11.56.07:186][  0]LogTargetPlatformManager: Display: Loaded TargetPlatform 'Android_DXT'
[2022.03.30-11.56.07:186][  0]LogTargetPlatformManager: Display: Loaded TargetPlatform 'Android_ETC2'
[2022.03.30-11.56.07:186][  0]LogTargetPlatformManager: Display: Loaded TargetPlatform 'AndroidClient'
[2022.03.30-11.56.07:186][  0]LogTargetPlatformManager: Display: Loaded TargetPlatform 'Android_ASTCClient'
[2022.03.30-11.56.07:186][  0]LogTargetPlatformManager: Display: Loaded TargetPlatform 'Android_DXTClient'
[2022.03.30-11.56.07:186][  0]LogTargetPlatformManager: Display: Loaded TargetPlatform 'Android_ETC2Client'
[2022.03.30-11.56.07:186][  0]LogTargetPlatformManager: Display: Loaded TargetPlatform 'Android_Multi'
[2022.03.30-11.56.07:186][  0]LogTargetPlatformManager: Display: Loaded TargetPlatform 'Android_MultiClient'
[2022.03.30-11.56.07:224][  0]LogTargetPlatformManager: Display: Loaded TargetPlatform 'IOSClient'
[2022.03.30-11.56.07:225][  0]LogTargetPlatformManager: Display: Loaded TargetPlatform 'IOS'
[2022.03.30-11.56.07:251][  0]LogTargetPlatformManager: Display: Loaded TargetPlatform 'Linux'
[2022.03.30-11.56.07:262][  0]LogTargetPlatformManager: Display: Loaded TargetPlatform 'LinuxNoEditor'
[2022.03.30-11.56.07:273][  0]LogTargetPlatformManager: Display: Loaded TargetPlatform 'LinuxClient'
[2022.03.30-11.56.07:285][  0]LogTargetPlatformManager: Display: Loaded TargetPlatform 'LinuxServer'
[2022.03.30-11.56.07:318][  0]LogTargetPlatformManager: Display: Loaded TargetPlatform 'LinuxAArch64NoEditor'
[2022.03.30-11.56.07:380][  0]LogTargetPlatformManager: Display: Loaded TargetPlatform 'LinuxAArch64Client'
[2022.03.30-11.56.07:391][  0]LogTargetPlatformManager: Display: Loaded TargetPlatform 'LinuxAArch64Server'
[2022.03.30-11.56.07:439][  0]LogTargetPlatformManager: Display: Loaded TargetPlatform 'Lumin'
[2022.03.30-11.56.07:440][  0]LogTargetPlatformManager: Display: Loaded TargetPlatform 'LuminClient'
[2022.03.30-11.56.07:470][  0]LogTargetPlatformManager: Display: Loaded TargetPlatform 'MacNoEditor'
[2022.03.30-11.56.07:486][  0]LogTargetPlatformManager: Display: Loaded TargetPlatform 'Mac'
[2022.03.30-11.56.07:500][  0]LogTargetPlatformManager: Display: Loaded TargetPlatform 'MacClient'
[2022.03.30-11.56.07:516][  0]LogTargetPlatformManager: Display: Loaded TargetPlatform 'MacServer'
[2022.03.30-11.56.07:535][  0]LogTargetPlatformManager: Display: Loaded TargetPlatform 'TVOSClient'
[2022.03.30-11.56.07:535][  0]LogTargetPlatformManager: Display: Loaded TargetPlatform 'TVOS'
[2022.03.30-11.56.07:553][  0]LogTargetPlatformManager: Display: Loaded TargetPlatform 'WindowsNoEditor'
[2022.03.30-11.56.07:563][  0]LogTargetPlatformManager: Display: Loaded TargetPlatform 'Windows'
[2022.03.30-11.56.07:571][  0]LogTargetPlatformManager: Display: Loaded TargetPlatform 'WindowsClient'
[2022.03.30-11.56.07:585][  0]LogTargetPlatformManager: Display: Loaded TargetPlatform 'WindowsServer'
[2022.03.30-11.56.07:585][  0]LogTargetPlatformManager: Display: Building Assets For Windows
[2022.03.30-11.56.07:615][  0]LogAudioDebug: Display: Lib vorbis DLL was dynamically loaded.
[2022.03.30-11.56.07:744][  0]LogTextureFormatOodle: Display: Oodle Texture 2.9.0 init RDO Off
[2022.03.30-11.56.07:972][  0]LogRendererCore: Ray tracing is disabled. Reason: r.RayTracing=0.
[2022.03.30-11.56.07:975][  0]LogShaderCompilers: Guid format shader working directory is -10 characters bigger than the processId version (../../../../Users/Peder/Desktop/Exjobb/Exjobb/MyProject/Intermediate/Shaders/WorkingDirectory/24992/).
[2022.03.30-11.56.07:975][  0]LogShaderCompilers: Cleaned the shader compiler working directory 'C:/Users/Peder/AppData/Local/Temp/UnrealShaderWorkingDir/C27B8E9249928908F6D192BE262746DE/'.
[2022.03.30-11.56.07:977][  0]LogXGEController: Cannot use XGE Controller as Incredibuild is not installed on this machine.
[2022.03.30-11.56.07:978][  0]LogShaderCompilers: Cannot use XGE Shader Compiler as Incredibuild is not installed on this machine.
[2022.03.30-11.56.07:978][  0]LogShaderCompilers: Display: Using Local Shader Compiler.
[2022.03.30-11.56.12:516][  0]LogDerivedDataCache: Display: Max Cache Size: 512 MB
[2022.03.30-11.56.12:800][  0]LogDerivedDataCache: Loaded boot cache 0.28s 94MB C:/Users/Peder/AppData/Local/UnrealEngine/4.27/DerivedDataCache/Boot.ddc.
[2022.03.30-11.56.12:801][  0]LogDerivedDataCache: Display: Loaded Boot cache: C:/Users/Peder/AppData/Local/UnrealEngine/4.27/DerivedDataCache/Boot.ddc
[2022.03.30-11.56.12:801][  0]LogDerivedDataCache: FDerivedDataBackendGraph:  Pak pak cache file ../../../../Users/Peder/Desktop/Exjobb/Exjobb/MyProject/DerivedDataCache/DDC.ddp not found, will not use a pak cache.
[2022.03.30-11.56.12:801][  0]LogDerivedDataCache: Unable to find inner node Pak for hierarchical cache Hierarchy.
[2022.03.30-11.56.12:802][  0]LogDerivedDataCache: FDerivedDataBackendGraph:  CompressedPak pak cache file ../../../../Users/Peder/Desktop/Exjobb/Exjobb/MyProject/DerivedDataCache/Compressed.ddp not found, will not use a pak cache.
[2022.03.30-11.56.12:802][  0]LogDerivedDataCache: Unable to find inner node CompressedPak for hierarchical cache Hierarchy.
[2022.03.30-11.56.12:829][  0]LogDerivedDataCache: Display: Pak cache opened for reading ../../../Engine/DerivedDataCache/Compressed.ddp.
[2022.03.30-11.56.12:830][  0]LogDerivedDataCache: FDerivedDataBackendGraph:  EnterprisePak pak cache file ../../../Enterprise/DerivedDataCache/Compressed.ddp not found, will not use a pak cache.
[2022.03.30-11.56.12:830][  0]LogDerivedDataCache: Unable to find inner node EnterprisePak for hierarchical cache Hierarchy.
[2022.03.30-11.56.12:911][  0]LogDerivedDataCache: Speed tests for C:/Users/Peder/AppData/Local/UnrealEngine/Common/DerivedDataCache took 0.08 seconds
[2022.03.30-11.56.12:913][  0]LogDerivedDataCache: Display: Performance to C:/Users/Peder/AppData/Local/UnrealEngine/Common/DerivedDataCache: Latency=0.51ms. RandomReadSpeed=15.17MBs, RandomWriteSpeed=70.14MBs. Assigned SpeedClass 'Local'
[2022.03.30-11.56.12:920][  0]LogDerivedDataCache: Using Local data cache path C:/Users/Peder/AppData/Local/UnrealEngine/Common/DerivedDataCache: Writable
[2022.03.30-11.56.12:920][  0]LogDerivedDataCache: Shared data cache path not found in *engine.ini, will not use an Shared cache.
[2022.03.30-11.56.12:920][  0]LogDerivedDataCache: Unable to find inner node Shared for hierarchical cache Hierarchy.
[2022.03.30-11.56.12:992][  0]LogSlate: Using FreeType 2.10.0
[2022.03.30-11.56.13:007][  0]LogSlate: SlateFontServices - WITH_FREETYPE: 1, WITH_HARFBUZZ: 1
[2022.03.30-11.56.13:106][  0]LogAssetRegistry: FAssetRegistry took 0.0076 seconds to start up
[2022.03.30-11.56.13:739][  0]LogInit: Selected Device Profile: [Windows]
[2022.03.30-11.56.13:739][  0]LogInit: Active device profile: [00000250B186C900][00000250A724ED80 49] Windows
[2022.03.30-11.56.13:740][  0]LogInit: Profiles: [00000250B186C900][00000250A724ED80 49] Windows, [00000250B1843800][00000250AFB28F00 49] WindowsNoEditor, [00000250B186F500][00000250AFB2D080 49] WindowsServer, [00000250B1840E00][00000250AFB31200 49] WindowsClient, [00000250B186F800][00000250AFB35380 49] IOS, [00000250B1842800][00000250AFB39500 49] iPadAir, [00000250B186E000][00000250AFB3D680 49] iPadAir2, [00000250B17E8A00][00000250AFB45940 49] IPadPro, [00000250B17E8B00][00000250AFB41980 49] iPadAir3, [00000250B1841900][00000250AFB49B00 49] iPadAir4, [00000250B17EB400][00000250AFB4C100 49] iPadMini2, [00000250B1842A00][00000250AFB50280 49] iPadMini3, [00000250B17E9700][00000250AFB54400 49] iPadMini4, [00000250B186D100][00000250AFB58580 49] iPadMini5, [00000250B1830300][00000250AFB60840 49] iPhone6, [00000250B1830400][00000250AFB5C880 49] iPodTouch6, [00000250B17E3F00][00000250AFB64AC0 49] iPhone7, [00000250B17E3E00][00000250A7252B00 49] iPodTouch7, [00000250B1842000][00000250AFB68C40 49] iPhone5S, [00000250B17E1A00][00000250AFB6CD80 49] iPhone6Plus, [00000250B1830200][00000250AFB74F00 49] iPhone6S, [00000250B17E0600][00000250AFB79080 49] iPhone6SPlus, [00000250B1832900][00000250AFB7D200 49] iPhone7Plus, [00000250B17E3100][00000250AFB81380 49] iPhoneSE, [00000250B1832200][00000250AFB85500 49] iPhone8, [00000250B17E3B00][00000250AFB89680 49] iPhone8Plus, [00000250B1830A00][00000250AFB8D800 49] iPhoneX, [00000250B17E1400][00000250B1DF3980 49] iPhoneXS, [00000250B1833900][00000250B1DF7B00 49] iPhoneXSMax, [00000250B17E0900][00000250B1DFA100 49] iPhoneXR, [00000250B1832F00][00000250B1DFE280 49] iPhone11, [00000250B17E1300][00000250B1E02400 49] iPhone11Pro, [00000250B1831000][00000250B1E06580 49] iPhone11ProMax, [00000250B17E2A00][00000250B1E0A700 49] iPhoneSE2, [00000250B1831400][00000250B1E0E880 49] iPhone12Mini, [00000250B17E2400][00000250B1E12A00 49] iPhone12, [00000250B1830D00][00000250AFB70B40 49] iPhone12Pro, [00000250B17E2B00][00000250B1E16C80 49] iPhone12ProMax, [00000250B1833000][00000250B1E1ADC0 49] iPadPro105, [00000250B17E0700][00000250B1E1EF00 49] iPadPro129, [00000250B1832800][00000250B1E27080 49] iPadPro97, [00000250B17E2600][00000250B1E2B200 49] iPadPro2_129, [00000250B1833C00][00000250B1E2F380 49] iPad5, [00000250B17E2200][00000250B1E33500 49] iPad6, [00000250B1830F00][00000250B1E37680 49] iPad7, [00000250B17E2D00][00000250B1E3B800 49] iPad8, [00000250B1831100][00000250B1E3F980 49] iPadPro11, [00000250B17E1600][00000250B1E43B00 49] iPadPro2_11, [00000250B1833400][00000250B1E46100 49] iPadPro3_129, [00000250B17E2800][00000250B1E4A280 49] iPadPro4_129, [00000250B1833A00][00000250B1E4E400 49] AppleTV, [00000250B17E2100][00000250B1E52580 49] AppleTV4K, [00000250B1831F00][00000250B1E56700 49] TVOS, [00000250B17E3400][00000250B1E5A880 49] Mac, [00000250B1833800][00000250B1E5EA00 49] MacClient, [00000250B17E1E00][00000250B1E62B80 49] MacNoEditor, [00000250B1833F00][00000250B1E66D00 49] MacServer, [00000250B17E3500][00000250B1E22E40 49] Linux, [00000250B1830C00][00000250B1E6AF80 49] LinuxAArch64, [00000250B17E2F00][00000250B1E6F0C0 49] LinuxNoEditor, [00000250B1830B00][00000250B1E77240 49] LinuxAArch64NoEditor, [00000250B17E3700][00000250B1E7B3C0 49] LinuxClient, [00000250B1831A00][00000250B1E7F540 49] LinuxAArch64Client, [00000250B17E1000][00000250B1E836C0 49] LinuxServer, [00000250B1832500][00000250B1E87840 49] LinuxAArch64Server, [00000250B17E1900][00000250B1E8B9C0 49] Android, [00000250B1831300][00000250B1E8FB40 49] Android_Low, [00000250B17E2700][00000250B1E92140 49] Android_Mid, [00000250B1832B00][00000250B1E962C0 49] Android_High, [00000250B17E3800][00000250B1E9A440 49] Android_Default, [00000250B1831600][00000250B1E9E5C0 49] Android_Adreno4xx, [00000250B17E1500][00000250B1EA2740 49] Android_Adreno5xx_Low, [00000250B17EB600][00000250B1EA68C0 49] Android_Adreno5xx, [00000250B1841800][00000250B1EAAA40 49] Android_Adreno6xx, [00000250B17E9200][00000250B1EAEBC0 49] Android_Adreno6xx_Vulkan, [00000250B1843C00][00000250B1EB2D40 49] Android_Mali_T6xx, [00000250B17E9100][00000250B1EB6EC0 49] Android_Mali_T7xx, [00000250B1841600][00000250B1E73000 49] Android_Mali_T8xx, [00000250B17E9E00][00000250B1EBB140 49] Android_Mali_G71, [00000250B1840500][00000250B1EBF280 49] Android_Mali_G72, [00000250B17E8800][00000250B1EC33C0 49] Android_Mali_G72_Vulkan, [00000250B1841300][00000250B1ECB540 49] Android_Mali_G76, [00000250B17E8100][00000250B1ECF6C0 49] Android_Mali_G76_Vulkan, [00000250B1841F00][00000250B1ED3840 49] Android_Mali_G77, [00000250B17E9000][00000250B1ED79C0 49] Android_Mali_G77_Vulkan, [00000250B1840A00][00000250B1EDBB40 49] Android_Mali_G78, [00000250B17EAC00][00000250B1EDE140 49] Android_Mali_G78_Vulkan, [00000250B1843600][00000250B1EE22C0 49] Android_Mali_G710, [00000250B17EAA00][00000250B1EE6440 49] Android_Mali_G710_Vulkan, [00000250B1843F00][00000250B1EEA5C0 49] Android_Vulkan_SM5, [00000250B17EBB00][00000250B1EEE740 49] Android_PowerVR_G6xxx, [00000250B1843B00][00000250B1EF28C0 49] Android_PowerVR_GT7xxx, [00000250B17EB900][00000250B1EF6A40 49] Android_PowerVR_GE8xxx, [00000250B1840C00][00000250B1EFABC0 49] Android_PowerVR_GM9xxx, [00000250B17EA700][00000250B1EFED40 49] Android_PowerVR_GM9xxx_Vulkan, [00000250B1842700][00000250B1F02EC0 49] Android_TegraK1, [00000250B17E8900][00000250B1F07040 49] Android_Unknown_Vulkan, [00000250B1841D00][00000250B1EC7180 49] Lumin, [00000250B17E8500][00000250B1F0B2C0 49] Lumin_Desktop, [00000250B1843300][00000250B1F0F400 49] HoloLens, 
[2022.03.30-11.56.14:051][  0]LogMeshReduction: Using QuadricMeshReduction for automatic static mesh reduction
[2022.03.30-11.56.14:051][  0]LogMeshReduction: Using SimplygonMeshReduction for automatic skeletal mesh reduction
[2022.03.30-11.56.14:051][  0]LogMeshReduction: Using ProxyLODMeshReduction for automatic mesh merging
[2022.03.30-11.56.14:051][  0]LogMeshReduction: No distributed automatic mesh merging module available
[2022.03.30-11.56.14:052][  0]LogMeshMerging: No distributed automatic mesh merging module available
[2022.03.30-11.56.14:108][  0]LogNetVersion: MyProject 1.0.0, NetCL: 17155196, EngineNetVer: 17, GameNetVer: 0 (Checksum: 3629800737)
[2022.03.30-11.56.15:288][  0]LogTexture: Default maximum texture size for cubemaps generated from long-lat sources has been changed from 512 to unlimited. In order to preserve old behaiour for '/Engine/MapTemplates/Sky/DaylightAmbientCubemap.DaylightAmbientCubemap', its maximum texture size has been explicitly set to 512.
[2022.03.30-11.56.15:415][  0]LogHMD: PokeAHoleMaterial loaded successfully
[2022.03.30-11.56.15:425][  0]LogUObjectArray: 17178 objects as part of root set at end of initial load.
[2022.03.30-11.56.15:425][  0]LogUObjectAllocator: 4302048 out of 0 bytes used by permanent object pool.
[2022.03.30-11.56.15:425][  0]LogUObjectArray: CloseDisregardForGC: 0/0 objects in disregard for GC pool
[2022.03.30-11.56.16:466][  0]LogNiagaraDebuggerClient: Niagara Debugger Client Initialized | Session: DE021B3541D29A986C256E9B4F85CEBE | Instance: A3658A284A24DBA7B8AA91B145CE64E3 (LAPTOP-68K1IS8T-24992).
[2022.03.30-11.56.16:637][  0]LogPython: Using Python 3.7.7
[2022.03.30-11.56.18:016][  0]LogTcpMessaging: Initializing TcpMessaging bridge
[2022.03.30-11.56.18:030][  0]LogUdpMessaging: Initializing bridge on interface 0.0.0.0:0 to multicast group 230.0.0.1:6666.
[2022.03.30-11.56.18:544][  0]SourceControl: Source control is disabled
[2022.03.30-11.56.19:544][  0]LogUProjectInfo: Found projects:
[2022.03.30-11.56.20:257][  0]LogOpenImageDenoise: OIDN starting up
[2022.03.30-11.56.20:403][  0]LogAndroidPermission: UAndroidPermissionCallbackProxy::GetInstance
[2022.03.30-11.56.20:473][  0]LogAudioCaptureCore: Display: No Audio Capture implementations found. Audio input will be silent.
[2022.03.30-11.56.20:473][  0]LogAudioCaptureCore: Display: No Audio Capture implementations found. Audio input will be silent.
[2022.03.30-11.56.20:779][  0]LogCollectionManager: Loaded 0 collections in 0.002587 seconds
[2022.03.30-11.56.20:845][  0]LogFileCache: Scanning file cache for directory 'C:/Users/Peder/Desktop/Exjobb/Exjobb/MyProject/Saved/Collections/' took 0.00s
[2022.03.30-11.56.20:845][  0]LogFileCache: Scanning file cache for directory 'C:/Users/Peder/Desktop/Exjobb/Exjobb/MyProject/Content/Developers/Peder/Collections/' took 0.00s
[2022.03.30-11.56.20:845][  0]LogFileCache: Scanning file cache for directory 'C:/Users/Peder/Desktop/Exjobb/Exjobb/MyProject/Content/Collections/' took 0.00s
[2022.03.30-11.56.20:845][  0]LogOcInput: OculusInput pre-init called
[2022.03.30-11.56.21:600][  0]LogEngine: Initializing Engine...
[2022.03.30-11.56.21:632][  0]LogHMD: Failed to enumerate extensions. Please check that you have a valid OpenXR runtime installed.
[2022.03.30-11.56.21:633][  0]LogHMD: Failed to initialize OpenVR with code 110
[2022.03.30-11.56.21:635][  0]LogMagicLeap: Warning: VR disabled because ZI is not enabled.  To enable, in the editor, Edit -> Project Settings -> Plugins -> Magic Leap Plugin -> Enable Zero Iteration
[2022.03.30-11.56.21:641][  0]LogStats: UGameplayTagsManager::InitializeManager -  0.002 s
[2022.03.30-11.56.22:015][  0]LogInit: Initializing FReadOnlyCVARCache
[2022.03.30-11.56.22:464][  0]LogAIModule: Creating AISystem for world Untitled
[2022.03.30-11.56.22:466][  0]LogAudio: Display: Initializing Audio Device Manager...
[2022.03.30-11.56.22:481][  0]LogAudio: Display: Loading Default Audio Settings Objects...
[2022.03.30-11.56.22:493][  0]LogAudio: Display: No default SoundConcurrencyObject specified (or failed to load).
[2022.03.30-11.56.22:496][  0]LogAudio: Display: Audio Device Manager Initialized
[2022.03.30-11.56.22:497][  0]LogAudio: Display: Creating Audio Device:                 Id: 1, Scope: Shared, Realtime: True
[2022.03.30-11.56.22:497][  0]LogAudioMixer: Display: Audio Mixer Platform Settings:
[2022.03.30-11.56.22:497][  0]LogAudioMixer: Display: 	Sample Rate:						  48000
[2022.03.30-11.56.22:497][  0]LogAudioMixer: Display: 	Callback Buffer Frame Size Requested: 1024
[2022.03.30-11.56.22:497][  0]LogAudioMixer: Display: 	Callback Buffer Frame Size To Use:	  1024
[2022.03.30-11.56.22:497][  0]LogAudioMixer: Display: 	Number of buffers to queue:			  2
[2022.03.30-11.56.22:497][  0]LogAudioMixer: Display: 	Max Channels (voices):				  32
[2022.03.30-11.56.22:497][  0]LogAudioMixer: Display: 	Number of Async Source Workers:		  0
[2022.03.30-11.56.22:498][  0]LogAudio: Display: AudioDevice MaxSources: 32
[2022.03.30-11.56.22:499][  0]LogAudio: Display: Audio Spatialization Plugin: None (built-in).
[2022.03.30-11.56.22:499][  0]LogAudio: Display: Audio Reverb Plugin: None (built-in).
[2022.03.30-11.56.22:499][  0]LogAudio: Display: Audio Occlusion Plugin: None (built-in).
[2022.03.30-11.56.22:499][  0]LogAudioMixer: Display: Initializing audio mixer.
[2022.03.30-11.56.22:614][  0]LogAudioMixer: Display: 0: FrontLeft
[2022.03.30-11.56.22:614][  0]LogAudioMixer: Display: 1: FrontRight
[2022.03.30-11.56.22:782][  0]LogAudioMixer: Display: Using Audio Device Speakers (Realtek High Definition Audio)
[2022.03.30-11.56.22:787][  0]LogAudioMixer: Display: Initializing Sound Submixes...
[2022.03.30-11.56.22:793][  0]LogAudioMixer: Display: Creating Master Submix 'MasterSubmixDefault'
[2022.03.30-11.56.22:794][  0]LogAudioMixer: Display: Creating Master Submix 'MasterReverbSubmixDefault'
[2022.03.30-11.56.22:795][  0]LogAudioMixer: Display: Creating Master Submix 'MasterEQSubmixDefault'
[2022.03.30-11.56.22:795][  0]LogAudioMixer: FMixerPlatformXAudio2::StartAudioStream() called
[2022.03.30-11.56.22:795][  0]LogAudioMixer: Display: Output buffers initialized: Frames=1024, Channels=2, Samples=2048
[2022.03.30-11.56.22:798][  0]LogAudioMixer: Display: Starting AudioMixerPlatformInterface::RunInternal()
[2022.03.30-11.56.22:798][  0]LogAudioMixer: Display: FMixerPlatformXAudio2::SubmitBuffer() called for the first time
[2022.03.30-11.56.22:798][  0]LogInit: FAudioDevice initialized.
[2022.03.30-11.56.22:801][  0]LogAudio: Display: Audio Device (ID: 1) registered with world 'Untitled'.
[2022.03.30-11.56.22:804][  0]LogNetVersion: Set ProjectVersion to 1.0.0.0. Version Checksum will be recalculated on next use.
[2022.03.30-11.56.22:964][  0]LogDerivedDataCache: Saved boot cache 0.16s 94MB C:/Users/Peder/AppData/Local/UnrealEngine/4.27/DerivedDataCache/Boot.ddc.
[2022.03.30-11.56.22:968][  0]LogInit: Texture streaming: Enabled
[2022.03.30-11.56.23:011][  0]LogAnalytics: Display: [UEEditor.Rocket.Release] APIServer = https://datarouter.ol.epicgames.com/. AppVersion = 4.27.2-18319896+++UE4+Release-4.27
[2022.03.30-11.56.23:024][  0]LogEngineSessionManager: EngineSessionManager initialized
[2022.03.30-11.56.23:025][  0]LogEditorSessionSummary: Verbose: Initializing EditorSessionSummaryWriter for editor session tracking
[2022.03.30-11.56.23:045][  0]LogEditorSessionSummary: EditorSessionSummaryWriter initialized
[2022.03.30-11.56.23:172][  0]LogInit: Transaction tracking system initialized
[2022.03.30-11.56.23:283][  0]BlueprintLog: New page: Editor Load
[2022.03.30-11.56.23:633][  0]LocalizationService: Localization service is disabled
[2022.03.30-11.56.23:740][  0]TimingProfiler: Initialize
[2022.03.30-11.56.23:743][  0]TimingProfiler: OnSessionChanged
[2022.03.30-11.56.23:743][  0]LoadingProfiler: Initialize
[2022.03.30-11.56.23:744][  0]LoadingProfiler: OnSessionChanged
[2022.03.30-11.56.23:744][  0]NetworkingProfiler: Initialize
[2022.03.30-11.56.23:745][  0]NetworkingProfiler: OnSessionChanged
[2022.03.30-11.56.23:745][  0]MemoryProfiler: Initialize
[2022.03.30-11.56.23:745][  0]MemoryProfiler: OnSessionChanged
[2022.03.30-11.56.24:118][  0]LogSlate: Took 0.006696 seconds to synchronously load lazily loaded font '../../../Engine/Content/Slate/Fonts/Roboto-Regular.ttf' (155K)
[2022.03.30-11.56.31:566][  0]LogSlate: Window 'Low drive space warning' being destroyed
[2022.03.30-11.56.31:568][  0]LogWindowsTextInputMethodSystem: Display: IME system deactivated.
[2022.03.30-11.56.31:580][  0]Message dialog closed, result: Ok, title: Low drive space warning, text: The following drive locations have limited free space.
It is recommended that you free some space to avoid issues such as crashed and data loss due to files not being able to be written and saved.

  947 MB Free 		 C:/UE_4.27/Engine/Binaries/Win64/
 				 The base engine directory. 

  947 MB Free 		 C:/Users/Peder/Desktop/Exjobb/Exjobb/MyProject/
 				 The project directory. 

  947 MB Free 		 C:/Users/Peder/Documents/
 				 User directory where user specific settings are stored. 

[2022.03.30-11.56.31:891][  0]LogCook: Display: CookSettings for Memory: MemoryMaxUsedVirtual 0MiB, MemoryMaxUsedPhysical 16384MiB, MemoryMinFreeVirtual 0MiB, MemoryMinFreePhysical 1024MiB
[2022.03.30-11.56.31:891][  0]LogCook: Display: Mobile HDR setting 1
[2022.03.30-11.56.32:582][  0]LogFileCache: Scanning file cache for directory 'C:/Users/Peder/Desktop/Exjobb/Exjobb/MyProject/Content/' took 0.01s
