Log file open, 04/14/22 14:00:50
LogWindows: Failed to load 'aqProf.dll' (GetLastError=126)
LogWindows: File 'aqProf.dll' does not exist
LogWindows: Failed to load 'VtuneApi.dll' (GetLastError=126)
LogWindows: File 'VtuneApi.dll' does not exist
LogWindows: Failed to load 'VtuneApi32e.dll' (GetLastError=126)
LogWindows: File 'VtuneApi32e.dll' does not exist
LogConsoleResponse: Display: Failed to find resolution value strings in scalability ini. Falling back to default.
LogConsoleResponse: Display: Failed to find resolution value strings in scalability ini. Falling back to default.
LogInit: Display: Running engine for game: MyProject
LogPlatformFile: Not using cached read wrapper
LogTaskGraph: Started task graph with 5 named threads and 35 total threads with 3 sets of task threads.
LogStats: Stats thread started at 0.250984
LogICUInternationalization: ICU TimeZone Detection - Raw Offset: +1:00, Platform Override: ''
LogInit: Display: Loading text-based GConfig....
LogPluginManager: Mounting plugin MeshPainting
LogPluginManager: Mounting plugin XGEController
LogPluginManager: Mounting plugin Paper2D
LogPluginManager: Mounting plugin AISupport
LogPluginManager: Mounting plugin EnvironmentQueryEditor
LogPluginManager: Mounting plugin LightPropagationVolume
LogPluginManager: Mounting plugin LiveLink
LogPluginManager: Mounting plugin CameraShakePreviewer
LogPluginManager: Mounting plugin GameplayCameras
LogPluginManager: Mounting plugin AnimationSharing
LogPluginManager: Mounting plugin CodeLiteSourceCodeAccess
LogPluginManager: Mounting plugin CLionSourceCodeAccess
LogPluginManager: Mounting plugin GitSourceControl
LogPluginManager: Mounting plugin KDevelopSourceCodeAccess
LogPluginManager: Mounting plugin NullSourceCodeAccess
LogPluginManager: Mounting plugin PerforceSourceControl
LogPluginManager: Mounting plugin PluginUtils
LogPluginManager: Mounting plugin PlasticSourceControl
LogPluginManager: Mounting plugin PropertyAccessNode
LogPluginManager: Mounting plugin SubversionSourceControl
LogPluginManager: Mounting plugin UObjectPlugin
LogPluginManager: Mounting plugin TextureFormatOodle
LogPluginManager: Mounting plugin VisualStudioCodeSourceCodeAccess
LogPluginManager: Mounting plugin VisualStudioSourceCodeAccess
LogPluginManager: Mounting plugin XCodeSourceCodeAccess
LogPluginManager: Mounting plugin DatasmithContent
LogPluginManager: Mounting plugin VariantManagerContent
LogPluginManager: Mounting plugin Niagara
LogPluginManager: Mounting plugin AssetManagerEditor
LogPluginManager: Mounting plugin AlembicImporter
LogPluginManager: Mounting plugin AutomationUtils
LogPluginManager: Mounting plugin BackChannel
LogPluginManager: Mounting plugin ChaosCloth
LogPluginManager: Mounting plugin ChaosClothEditor
LogPluginManager: Mounting plugin ChaosEditor
LogPluginManager: Mounting plugin ChaosNiagara
LogPluginManager: Mounting plugin CharacterAI
LogPluginManager: Mounting plugin PixWinPlugin
LogPluginManager: Mounting plugin ChaosSolverPlugin
LogPluginManager: Mounting plugin RiderSourceCodeAccess
LogPluginManager: Mounting plugin DataValidation
LogPluginManager: Mounting plugin FacialAnimation
LogPluginManager: Mounting plugin GameplayTagsEditor
LogPluginManager: Mounting plugin GeometryMode
LogPluginManager: Mounting plugin CryptoKeys
LogPluginManager: Mounting plugin MacGraphicsSwitching
LogPluginManager: Mounting plugin GeometryCache
LogPluginManager: Mounting plugin CurveEditorTools
LogPluginManager: Mounting plugin MaterialAnalyzer
LogPluginManager: Mounting plugin MobileLauncherProfileWizard
LogPluginManager: Mounting plugin GeometryCollectionPlugin
LogPluginManager: Mounting plugin PluginBrowser
LogPluginManager: Mounting plugin SpeedTreeImporter
LogPluginManager: Mounting plugin GeometryProcessing
LogPluginManager: Mounting plugin MotoSynth
LogPluginManager: Mounting plugin OpenImageDenoise
LogPluginManager: Mounting plugin PlanarCut
LogPluginManager: Mounting plugin PlatformCrypto
LogPluginManager: Mounting plugin ProxyLODPlugin
LogPluginManager: Mounting plugin PythonScriptPlugin
LogPluginManager: Mounting plugin SkeletalReduction
LogPluginManager: Mounting plugin LuminPlatformFeatures
LogPluginManager: Mounting plugin MagicLeap
LogPluginManager: Mounting plugin MagicLeapLightEstimation
LogPluginManager: Mounting plugin MagicLeapMedia
LogPluginManager: Mounting plugin MagicLeapPassableWorld
LogPluginManager: Mounting plugin MLSDK
LogPluginManager: Mounting plugin AndroidMedia
LogPluginManager: Mounting plugin AvfMedia
LogPluginManager: Mounting plugin ImgMedia
LogPluginManager: Mounting plugin MediaCompositing
LogPluginManager: Mounting plugin MediaPlayerEditor
LogPluginManager: Mounting plugin WmfMedia
LogPluginManager: Mounting plugin WebMMedia
LogPluginManager: Mounting plugin TcpMessaging
LogPluginManager: Mounting plugin UdpMessaging
LogPluginManager: Mounting plugin ActorSequence
LogPluginManager: Mounting plugin LevelSequenceEditor
LogPluginManager: Mounting plugin MatineeToLevelSequence
LogPluginManager: Mounting plugin LauncherChunkInstaller
LogPluginManager: Mounting plugin TemplateSequence
LogPluginManager: Mounting plugin OnlineSubsystem
LogPluginManager: Mounting plugin OnlineSubsystemNull
LogPluginManager: Mounting plugin OnlineSubsystemUtils
LogPluginManager: Mounting plugin ActorLayerUtilities
LogPluginManager: Mounting plugin AndroidPermission
LogPluginManager: Mounting plugin AndroidMoviePlayer
LogPluginManager: Mounting plugin AndroidDeviceProfileSelector
LogPluginManager: Mounting plugin AppleMoviePlayer
LogPluginManager: Mounting plugin AppleImageUtils
LogPluginManager: Mounting plugin ArchVisCharacter
LogPluginManager: Mounting plugin AssetTags
LogPluginManager: Mounting plugin AudioCapture
LogPluginManager: Mounting plugin AudioSynesthesia
LogPluginManager: Mounting plugin CableComponent
LogPluginManager: Mounting plugin ChunkDownloader
LogPluginManager: Mounting plugin EditableMesh
LogPluginManager: Mounting plugin CustomMeshComponent
LogPluginManager: Mounting plugin ExampleDeviceProfileSelector
LogPluginManager: Mounting plugin GoogleCloudMessaging
LogPluginManager: Mounting plugin GooglePAD
LogPluginManager: Mounting plugin ScreenshotTools
LogPluginManager: Mounting plugin Takes
LogPluginManager: Mounting plugin LinuxDeviceProfileSelector
LogPluginManager: Mounting plugin IOSDeviceProfileSelector
LogPluginManager: Mounting plugin LocationServicesBPLibrary
LogPluginManager: Mounting plugin MobilePatchingUtils
LogPluginManager: Mounting plugin OpenXREyeTracker
LogPluginManager: Mounting plugin OpenXRHandTracking
LogPluginManager: Mounting plugin OSC
LogPluginManager: Mounting plugin OpenXR
LogPluginManager: Mounting plugin PostSplashScreen
LogPluginManager: Mounting plugin PhysXVehicles
LogPluginManager: Mounting plugin ProceduralMeshComponent
LogPluginManager: Mounting plugin PropertyAccessEditor
LogPluginManager: Mounting plugin SignificanceManager
LogPluginManager: Mounting plugin SoundFields
LogPluginManager: Mounting plugin RuntimePhysXCooking
LogPluginManager: Mounting plugin Synthesis
LogPluginManager: Mounting plugin WebMMoviePlayer
LogPluginManager: Mounting plugin WindowsMoviePlayer
LogPluginManager: Mounting plugin OodleData
LogPluginManager: Mounting plugin OodleNetwork
LogPluginManager: Mounting plugin ContentBrowserClassDataSource
LogPluginManager: Mounting plugin ContentBrowserFileDataSource
LogPluginManager: Mounting plugin ContentBrowserAssetDataSource
LogPluginManager: Mounting plugin OnlineSubsystemIOS
LogPluginManager: Mounting plugin OnlineSubsystemGooglePlay
LogPluginManager: Mounting plugin OculusVR
LogPluginManager: Mounting plugin SteamVR
PixWinPlugin: PIX capture plugin failed to initialize! Check that the process is launched from PIX.
LogInit: Using libcurl 7.55.1-DEV
LogInit:  - built for x86_64-pc-win32
LogInit:  - supports SSL with OpenSSL/1.1.1
LogInit:  - supports HTTP deflate (compression) using libz 1.2.8
LogInit:  - other features:
LogInit:      CURL_VERSION_SSL
LogInit:      CURL_VERSION_LIBZ
LogInit:      CURL_VERSION_IPV6
LogInit:      CURL_VERSION_ASYNCHDNS
LogInit:      CURL_VERSION_LARGEFILE
LogInit:      CURL_VERSION_IDN
LogInit:  CurlRequestOptions (configurable via config and command line):
LogInit:  - bVerifyPeer = true  - Libcurl will verify peer certificate
LogInit:  - bUseHttpProxy = false  - Libcurl will NOT use HTTP proxy
LogInit:  - bDontReuseConnections = false  - Libcurl will reuse connections
LogInit:  - MaxHostConnections = 16  - Libcurl will limit the number of connections to a host
LogInit:  - LocalHostAddr = Default
LogInit:  - BufferSize = 65536
LogOnline: OSS: Creating online subsystem instance for: NULL
LogInit: WinSock: version 1.1 (2.2), MaxSocks=32767, MaxUdp=65467
LogOnline: OSS: TryLoadSubsystemAndSetDefault: Loaded subsystem for module [NULL]
LogOculusPluginWrapper: OculusPlugin initialized successfully
LogHMD: Failed initializing OVRPlugin 1.59.0
LogInit: Build: ++UE4+Release-4.27-CL-18319896
LogInit: Engine Version: 4.27.2-18319896+++UE4+Release-4.27
LogInit: Compatible Engine Version: 4.27.0-17155196+++UE4+Release-4.27
LogInit: Net CL: 17155196
LogInit: OS: Windows 10 (Release 2009) (), CPU: Intel(R) Core(TM) i7-8700 CPU @ 3.20GHz, GPU: NVIDIA GeForce RTX 2060
LogInit: Compiled (64-bit): Nov 30 2021 07:12:08
LogInit: Compiled with Visual C++: 19.24.28315.00
LogInit: Build Configuration: Development
LogInit: Branch Name: ++UE4+Release-4.27
LogInit: Command Line:  /Game/StarterContent/Maps/Minimal_Default -game -PIEVIACONSOLE -Multiprocess GameUserSettingsINI=C:/Users/peddr489/Documents/GitHub/Exjobb/MyProject/Saved/Config/Windows/PIEGameUserSettings0.ini -MultiprocessSaveConfig -forcepassthrough -messaging -SessionName="Play in Standalone Game" -windowed -WinX=1919 -WinY=24 SAVEWINPOS=1 -ResX=1910 -ResY=726
LogInit: Base Directory: C:/Program Files/Epic Games/UE_4.27/Engine/Binaries/Win64/
LogInit: Allocator: TBB
LogInit: Installed Engine Build: 1
LogDevObjectVersion: Number of dev versions registered: 29
LogDevObjectVersion:   Dev-Blueprints (B0D832E4-1F89-4F0D-ACCF-7EB736FD4AA2): 10
LogDevObjectVersion:   Dev-Build (E1C64328-A22C-4D53-A36C-8E866417BD8C): 0
LogDevObjectVersion:   Dev-Core (375EC13C-06E4-48FB-B500-84F0262A717E): 4
LogDevObjectVersion:   Dev-Editor (E4B068ED-F494-42E9-A231-DA0B2E46BB41): 40
LogDevObjectVersion:   Dev-Framework (CFFC743F-43B0-4480-9391-14DF171D2073): 37
LogDevObjectVersion:   Dev-Mobile (B02B49B5-BB20-44E9-A304-32B752E40360): 3
LogDevObjectVersion:   Dev-Networking (A4E4105C-59A1-49B5-A7C5-40C4547EDFEE): 0
LogDevObjectVersion:   Dev-Online (39C831C9-5AE6-47DC-9A44-9C173E1C8E7C): 0
LogDevObjectVersion:   Dev-Physics (78F01B33-EBEA-4F98-B9B4-84EACCB95AA2): 14
LogDevObjectVersion:   Dev-Platform (6631380F-2D4D-43E0-8009-CF276956A95A): 0
LogDevObjectVersion:   Dev-Rendering (12F88B9F-8875-4AFC-A67C-D90C383ABD29): 45
LogDevObjectVersion:   Dev-Sequencer (7B5AE74C-D270-4C10-A958-57980B212A5A): 13
LogDevObjectVersion:   Dev-VR (D7296918-1DD6-4BDD-9DE2-64A83CC13884): 3
LogDevObjectVersion:   Dev-LoadTimes (C2A15278-BFE7-4AFE-6C17-90FF531DF755): 1
LogDevObjectVersion:   Private-Geometry (6EACA3D4-40EC-4CC1-B786-8BED09428FC5): 3
LogDevObjectVersion:   Dev-AnimPhys (29E575DD-E0A3-4627-9D10-D276232CDCEA): 17
LogDevObjectVersion:   Dev-Anim (AF43A65D-7FD3-4947-9873-3E8ED9C1BB05): 15
LogDevObjectVersion:   Dev-ReflectionCapture (6B266CEC-1EC7-4B8F-A30B-E4D90942FC07): 1
LogDevObjectVersion:   Dev-Automation (0DF73D61-A23F-47EA-B727-89E90C41499A): 1
LogDevObjectVersion:   FortniteMain (601D1886-AC64-4F84-AA16-D3DE0DEAC7D6): 47
LogDevObjectVersion:   FortniteRelease (E7086368-6B23-4C58-8439-1B7016265E91): 1
LogDevObjectVersion:   Dev-Enterprise (9DFFBCD6-494F-0158-E221-12823C92A888): 10
LogDevObjectVersion:   Dev-Niagara (F2AED0AC-9AFE-416F-8664-AA7FFA26D6FC): 1
LogDevObjectVersion:   Dev-Destruction (174F1F0B-B4C6-45A5-B13F-2EE8D0FB917D): 10
LogDevObjectVersion:   Dev-Physics-Ext (35F94A83-E258-406C-A318-09F59610247C): 41
LogDevObjectVersion:   Dev-PhysicsMaterial-Chaos (B68FC16E-8B1B-42E2-B453-215C058844FE): 1
LogDevObjectVersion:   Dev-CineCamera (B2E18506-4273-CFC2-A54E-F4BB758BBA07): 1
LogDevObjectVersion:   Dev-VirtualProduction (64F58936-FD1B-42BA-BA96-7289D5D0FA4E): 1
LogDevObjectVersion:   Dev-MediaFramework (6F0ED827-A609-4895-9C91-998D90180EA4): 2
LogInit: Presizing for max 25165824 objects, including 0 objects not considered by GC, pre-allocating 0 bytes for permanent pool.
LogConfig: Applying CVar settings from Section [/Script/Engine.StreamingSettings] File [C:/Users/peddr489/Documents/GitHub/Exjobb/MyProject/Saved/Config/Windows/Engine.ini]
LogConfig: Setting CVar [[s.MinBulkDataSizeForAsyncLoading:131072]]
LogConfig: Setting CVar [[s.AsyncLoadingThreadEnabled:0]]
LogConfig: Setting CVar [[s.EventDrivenLoaderEnabled:1]]
LogConfig: Setting CVar [[s.WarnIfTimeLimitExceeded:0]]
LogConfig: Setting CVar [[s.TimeLimitExceededMultiplier:1.5]]
LogConfig: Setting CVar [[s.TimeLimitExceededMinTime:0.005]]
LogConfig: Setting CVar [[s.UseBackgroundLevelStreaming:1]]
LogConfig: Setting CVar [[s.PriorityAsyncLoadingExtraTime:15.0]]
LogConfig: Setting CVar [[s.LevelStreamingActorsUpdateTimeLimit:5.0]]
LogConfig: Setting CVar [[s.PriorityLevelStreamingActorsUpdateExtraTime:5.0]]
LogConfig: Setting CVar [[s.LevelStreamingComponentsRegistrationGranularity:10]]
LogConfig: Setting CVar [[s.UnregisterComponentsTimeLimit:1.0]]
LogConfig: Setting CVar [[s.LevelStreamingComponentsUnregistrationGranularity:5]]
LogConfig: Setting CVar [[s.FlushStreamingOnExit:1]]
LogInit: Object subsystem initialized
LogConfig: Setting CVar [[con.DebugEarlyDefault:1]]
LogConfig: Setting CVar [[r.setres:1280x720]]
[2022.04.14-12.00.51:491][  0]LogConfig: Setting CVar [[con.DebugEarlyDefault:1]]
[2022.04.14-12.00.51:491][  0]LogConfig: Setting CVar [[r.setres:1280x720]]
[2022.04.14-12.00.51:491][  0]LogConfig: Applying CVar settings from Section [/Script/Engine.RendererSettings] File [C:/Users/peddr489/Documents/GitHub/Exjobb/MyProject/Saved/Config/Windows/Engine.ini]
[2022.04.14-12.00.51:491][  0]LogConfig: Setting CVar [[r.GPUCrashDebugging:0]]
[2022.04.14-12.00.51:491][  0]LogConfig: Applying CVar settings from Section [/Script/Engine.RendererOverrideSettings] File [C:/Users/peddr489/Documents/GitHub/Exjobb/MyProject/Saved/Config/Windows/Engine.ini]
[2022.04.14-12.00.51:491][  0]LogConfig: Applying CVar settings from Section [/Script/Engine.StreamingSettings] File [C:/Users/peddr489/Documents/GitHub/Exjobb/MyProject/Saved/Config/Windows/Engine.ini]
[2022.04.14-12.00.51:491][  0]LogConfig: Setting CVar [[s.MinBulkDataSizeForAsyncLoading:131072]]
[2022.04.14-12.00.51:491][  0]LogConfig: Setting CVar [[s.AsyncLoadingThreadEnabled:0]]
[2022.04.14-12.00.51:491][  0]LogConfig: Setting CVar [[s.EventDrivenLoaderEnabled:1]]
[2022.04.14-12.00.51:491][  0]LogConfig: Setting CVar [[s.WarnIfTimeLimitExceeded:0]]
[2022.04.14-12.00.51:491][  0]LogConfig: Setting CVar [[s.TimeLimitExceededMultiplier:1.5]]
[2022.04.14-12.00.51:491][  0]LogConfig: Setting CVar [[s.TimeLimitExceededMinTime:0.005]]
[2022.04.14-12.00.51:491][  0]LogConfig: Setting CVar [[s.UseBackgroundLevelStreaming:1]]
[2022.04.14-12.00.51:491][  0]LogConfig: Setting CVar [[s.PriorityAsyncLoadingExtraTime:15.0]]
[2022.04.14-12.00.51:491][  0]LogConfig: Setting CVar [[s.LevelStreamingActorsUpdateTimeLimit:5.0]]
[2022.04.14-12.00.51:491][  0]LogConfig: Setting CVar [[s.PriorityLevelStreamingActorsUpdateExtraTime:5.0]]
[2022.04.14-12.00.51:491][  0]LogConfig: Setting CVar [[s.LevelStreamingComponentsRegistrationGranularity:10]]
[2022.04.14-12.00.51:491][  0]LogConfig: Setting CVar [[s.UnregisterComponentsTimeLimit:1.0]]
[2022.04.14-12.00.51:491][  0]LogConfig: Setting CVar [[s.LevelStreamingComponentsUnregistrationGranularity:5]]
[2022.04.14-12.00.51:491][  0]LogConfig: Setting CVar [[s.FlushStreamingOnExit:1]]
[2022.04.14-12.00.51:492][  0]LogConfig: Applying CVar settings from Section [/Script/Engine.GarbageCollectionSettings] File [C:/Users/peddr489/Documents/GitHub/Exjobb/MyProject/Saved/Config/Windows/Engine.ini]
[2022.04.14-12.00.51:492][  0]LogConfig: Setting CVar [[gc.MaxObjectsNotConsideredByGC:1]]
[2022.04.14-12.00.51:492][  0]LogConfig: Setting CVar [[gc.SizeOfPermanentObjectPool:0]]
[2022.04.14-12.00.51:492][  0]LogConfig: Setting CVar [[gc.FlushStreamingOnGC:0]]
[2022.04.14-12.00.51:492][  0]LogConfig: Setting CVar [[gc.NumRetriesBeforeForcingGC:10]]
[2022.04.14-12.00.51:492][  0]LogConfig: Setting CVar [[gc.AllowParallelGC:1]]
[2022.04.14-12.00.51:492][  0]LogConfig: Setting CVar [[gc.TimeBetweenPurgingPendingKillObjects:61.1]]
[2022.04.14-12.00.51:492][  0]LogConfig: Setting CVar [[gc.MaxObjectsInEditor:25165824]]
[2022.04.14-12.00.51:492][  0]LogConfig: Setting CVar [[gc.IncrementalBeginDestroyEnabled:1]]
[2022.04.14-12.00.51:492][  0]LogConfig: Setting CVar [[gc.CreateGCClusters:1]]
[2022.04.14-12.00.51:492][  0]LogConfig: Setting CVar [[gc.MinGCClusterSize:5]]
[2022.04.14-12.00.51:492][  0]LogConfig: Setting CVar [[gc.ActorClusteringEnabled:0]]
[2022.04.14-12.00.51:492][  0]LogConfig: Setting CVar [[gc.BlueprintClusteringEnabled:0]]
[2022.04.14-12.00.51:492][  0]LogConfig: Setting CVar [[gc.UseDisregardForGCOnDedicatedServers:0]]
[2022.04.14-12.00.51:492][  0]LogConfig: Setting CVar [[gc.MultithreadedDestructionEnabled:1]]
[2022.04.14-12.00.51:492][  0]LogConfig: Applying CVar settings from Section [/Script/Engine.NetworkSettings] File [C:/Users/peddr489/Documents/GitHub/Exjobb/MyProject/Saved/Config/Windows/Engine.ini]
[2022.04.14-12.00.51:492][  0]LogConfig: Applying CVar settings from Section [/Script/UnrealEd.CookerSettings] File [C:/Users/peddr489/Documents/GitHub/Exjobb/MyProject/Saved/Config/Windows/Engine.ini]
[2022.04.14-12.00.51:554][  0]LogConfig: Applying CVar settings from Section [ViewDistanceQuality@3] File [C:/Users/peddr489/Documents/GitHub/Exjobb/MyProject/Saved/Config/Windows/Scalability.ini]
[2022.04.14-12.00.51:554][  0]LogConfig: Setting CVar [[r.SkeletalMeshLODBias:0]]
[2022.04.14-12.00.51:554][  0]LogConfig: Setting CVar [[r.ViewDistanceScale:1.0]]
[2022.04.14-12.00.51:554][  0]LogConfig: Applying CVar settings from Section [AntiAliasingQuality@3] File [C:/Users/peddr489/Documents/GitHub/Exjobb/MyProject/Saved/Config/Windows/Scalability.ini]
[2022.04.14-12.00.51:554][  0]LogConfig: Setting CVar [[r.PostProcessAAQuality:4]]
[2022.04.14-12.00.51:554][  0]LogConfig: Applying CVar settings from Section [ShadowQuality@3] File [C:/Users/peddr489/Documents/GitHub/Exjobb/MyProject/Saved/Config/Windows/Scalability.ini]
[2022.04.14-12.00.51:554][  0]LogConfig: Setting CVar [[r.LightFunctionQuality:1]]
[2022.04.14-12.00.51:554][  0]LogConfig: Setting CVar [[r.ShadowQuality:5]]
[2022.04.14-12.00.51:554][  0]LogConfig: Setting CVar [[r.Shadow.CSM.MaxCascades:10]]
[2022.04.14-12.00.51:554][  0]LogConfig: Setting CVar [[r.Shadow.MaxResolution:2048]]
[2022.04.14-12.00.51:554][  0]LogConfig: Setting CVar [[r.Shadow.MaxCSMResolution:2048]]
[2022.04.14-12.00.51:554][  0]LogConfig: Setting CVar [[r.Shadow.RadiusThreshold:0.01]]
[2022.04.14-12.00.51:554][  0]LogConfig: Setting CVar [[r.Shadow.DistanceScale:1.0]]
[2022.04.14-12.00.51:554][  0]LogConfig: Setting CVar [[r.Shadow.CSM.TransitionScale:1.0]]
[2022.04.14-12.00.51:554][  0]LogConfig: Setting CVar [[r.Shadow.PreShadowResolutionFactor:1.0]]
[2022.04.14-12.00.51:554][  0]LogConfig: Setting CVar [[r.DistanceFieldShadowing:1]]
[2022.04.14-12.00.51:554][  0]LogConfig: Setting CVar [[r.DistanceFieldAO:1]]
[2022.04.14-12.00.51:554][  0]LogConfig: Setting CVar [[r.AOQuality:2]]
[2022.04.14-12.00.51:554][  0]LogConfig: Setting CVar [[r.VolumetricFog:1]]
[2022.04.14-12.00.51:554][  0]LogConfig: Setting CVar [[r.VolumetricFog.GridPixelSize:8]]
[2022.04.14-12.00.51:554][  0]LogConfig: Setting CVar [[r.VolumetricFog.GridSizeZ:128]]
[2022.04.14-12.00.51:554][  0]LogConfig: Setting CVar [[r.VolumetricFog.HistoryMissSupersampleCount:4]]
[2022.04.14-12.00.51:554][  0]LogConfig: Setting CVar [[r.LightMaxDrawDistanceScale:1]]
[2022.04.14-12.00.51:554][  0]LogConfig: Setting CVar [[r.CapsuleShadows:1]]
[2022.04.14-12.00.51:554][  0]LogConfig: Applying CVar settings from Section [PostProcessQuality@3] File [C:/Users/peddr489/Documents/GitHub/Exjobb/MyProject/Saved/Config/Windows/Scalability.ini]
[2022.04.14-12.00.51:554][  0]LogConfig: Setting CVar [[r.MotionBlurQuality:4]]
[2022.04.14-12.00.51:554][  0]LogConfig: Setting CVar [[r.AmbientOcclusionMipLevelFactor:0.4]]
[2022.04.14-12.00.51:554][  0]LogConfig: Setting CVar [[r.AmbientOcclusionMaxQuality:100]]
[2022.04.14-12.00.51:554][  0]LogConfig: Setting CVar [[r.AmbientOcclusionLevels:-1]]
[2022.04.14-12.00.51:554][  0]LogConfig: Setting CVar [[r.AmbientOcclusionRadiusScale:1.0]]
[2022.04.14-12.00.51:554][  0]LogConfig: Setting CVar [[r.DepthOfFieldQuality:2]]
[2022.04.14-12.00.51:554][  0]LogConfig: Setting CVar [[r.RenderTargetPoolMin:400]]
[2022.04.14-12.00.51:554][  0]LogConfig: Setting CVar [[r.LensFlareQuality:2]]
[2022.04.14-12.00.51:554][  0]LogConfig: Setting CVar [[r.SceneColorFringeQuality:1]]
[2022.04.14-12.00.51:554][  0]LogConfig: Setting CVar [[r.EyeAdaptationQuality:2]]
[2022.04.14-12.00.51:554][  0]LogConfig: Setting CVar [[r.BloomQuality:5]]
[2022.04.14-12.00.51:554][  0]LogConfig: Setting CVar [[r.FastBlurThreshold:100]]
[2022.04.14-12.00.51:554][  0]LogConfig: Setting CVar [[r.Upscale.Quality:3]]
[2022.04.14-12.00.51:554][  0]LogConfig: Setting CVar [[r.Tonemapper.GrainQuantization:1]]
[2022.04.14-12.00.51:554][  0]LogConfig: Setting CVar [[r.LightShaftQuality:1]]
[2022.04.14-12.00.51:554][  0]LogConfig: Setting CVar [[r.Filter.SizeScale:1]]
[2022.04.14-12.00.51:554][  0]LogConfig: Setting CVar [[r.Tonemapper.Quality:5]]
[2022.04.14-12.00.51:554][  0]LogConfig: Setting CVar [[r.DOF.Gather.AccumulatorQuality:1        ; higher gathering accumulator quality]]
[2022.04.14-12.00.51:554][  0]LogConfig: Setting CVar [[r.DOF.Gather.PostfilterMethod:1          ; Median3x3 postfilering method]]
[2022.04.14-12.00.51:554][  0]LogConfig: Setting CVar [[r.DOF.Gather.EnableBokehSettings:0       ; no bokeh simulation when gathering]]
[2022.04.14-12.00.51:554][  0]LogConfig: Setting CVar [[r.DOF.Gather.RingCount:4                 ; medium number of samples when gathering]]
[2022.04.14-12.00.51:554][  0]LogConfig: Setting CVar [[r.DOF.Scatter.ForegroundCompositing:1    ; additive foreground scattering]]
[2022.04.14-12.00.51:554][  0]LogConfig: Setting CVar [[r.DOF.Scatter.BackgroundCompositing:2    ; additive background scattering]]
[2022.04.14-12.00.51:554][  0]LogConfig: Setting CVar [[r.DOF.Scatter.EnableBokehSettings:1      ; bokeh simulation when scattering]]
[2022.04.14-12.00.51:555][  0]LogConfig: Setting CVar [[r.DOF.Scatter.MaxSpriteRatio:0.1         ; only a maximum of 10% of scattered bokeh]]
[2022.04.14-12.00.51:555][  0]LogConfig: Setting CVar [[r.DOF.Recombine.Quality:1                ; cheap slight out of focus]]
[2022.04.14-12.00.51:555][  0]LogConfig: Setting CVar [[r.DOF.Recombine.EnableBokehSettings:0    ; no bokeh simulation on slight out of focus]]
[2022.04.14-12.00.51:555][  0]LogConfig: Setting CVar [[r.DOF.TemporalAAQuality:1                ; more stable temporal accumulation]]
[2022.04.14-12.00.51:555][  0]LogConfig: Setting CVar [[r.DOF.Kernel.MaxForegroundRadius:0.025]]
[2022.04.14-12.00.51:555][  0]LogConfig: Setting CVar [[r.DOF.Kernel.MaxBackgroundRadius:0.025]]
[2022.04.14-12.00.51:555][  0]LogConfig: Applying CVar settings from Section [TextureQuality@3] File [C:/Users/peddr489/Documents/GitHub/Exjobb/MyProject/Saved/Config/Windows/Scalability.ini]
[2022.04.14-12.00.51:555][  0]LogConfig: Setting CVar [[r.Streaming.MipBias:0]]
[2022.04.14-12.00.51:555][  0]LogConfig: Setting CVar [[r.Streaming.AmortizeCPUToGPUCopy:0]]
[2022.04.14-12.00.51:555][  0]LogConfig: Setting CVar [[r.Streaming.MaxNumTexturesToStreamPerFrame:0]]
[2022.04.14-12.00.51:555][  0]LogConfig: Setting CVar [[r.Streaming.Boost:1]]
[2022.04.14-12.00.51:555][  0]LogConfig: Setting CVar [[r.MaxAnisotropy:8]]
[2022.04.14-12.00.51:555][  0]LogConfig: Setting CVar [[r.VT.MaxAnisotropy:8]]
[2022.04.14-12.00.51:555][  0]LogConfig: Setting CVar [[r.Streaming.LimitPoolSizeToVRAM:0]]
[2022.04.14-12.00.51:555][  0]LogConfig: Setting CVar [[r.Streaming.PoolSize:1000]]
[2022.04.14-12.00.51:555][  0]LogConfig: Setting CVar [[r.Streaming.MaxEffectiveScreenSize:0]]
[2022.04.14-12.00.51:555][  0]LogConfig: Applying CVar settings from Section [EffectsQuality@3] File [C:/Users/peddr489/Documents/GitHub/Exjobb/MyProject/Saved/Config/Windows/Scalability.ini]
[2022.04.14-12.00.51:555][  0]LogConfig: Setting CVar [[r.TranslucencyLightingVolumeDim:64]]
[2022.04.14-12.00.51:555][  0]LogConfig: Setting CVar [[r.RefractionQuality:2]]
[2022.04.14-12.00.51:555][  0]LogConfig: Setting CVar [[r.SSR.Quality:3]]
[2022.04.14-12.00.51:555][  0]LogConfig: Setting CVar [[r.SSR.HalfResSceneColor:0]]
[2022.04.14-12.00.51:555][  0]LogConfig: Setting CVar [[r.SceneColorFormat:4]]
[2022.04.14-12.00.51:555][  0]LogConfig: Setting CVar [[r.DetailMode:2]]
[2022.04.14-12.00.51:555][  0]LogConfig: Setting CVar [[r.TranslucencyVolumeBlur:1]]
[2022.04.14-12.00.51:555][  0]LogConfig: Setting CVar [[r.MaterialQualityLevel:1 ; High quality]]
[2022.04.14-12.00.51:555][  0]LogConfig: Setting CVar [[r.AnisotropicMaterials:1]]
[2022.04.14-12.00.51:555][  0]LogConfig: Setting CVar [[r.SSS.Scale:1]]
[2022.04.14-12.00.51:555][  0]LogConfig: Setting CVar [[r.SSS.SampleSet:2]]
[2022.04.14-12.00.51:555][  0]LogConfig: Setting CVar [[r.SSS.Quality:1]]
[2022.04.14-12.00.51:555][  0]LogConfig: Setting CVar [[r.SSS.HalfRes:0]]
[2022.04.14-12.00.51:555][  0]LogConfig: Setting CVar [[r.SSGI.Quality:3]]
[2022.04.14-12.00.51:555][  0]LogConfig: Setting CVar [[r.EmitterSpawnRateScale:1.0]]
[2022.04.14-12.00.51:555][  0]LogConfig: Setting CVar [[r.ParticleLightQuality:2]]
[2022.04.14-12.00.51:555][  0]LogConfig: Setting CVar [[r.SkyAtmosphere.AerialPerspectiveLUT.FastApplyOnOpaque:1 ; Always have FastSkyLUT 1 in this case to avoid wrong sky]]
[2022.04.14-12.00.51:555][  0]LogConfig: Setting CVar [[r.SkyAtmosphere.AerialPerspectiveLUT.SampleCountMaxPerSlice:4]]
[2022.04.14-12.00.51:555][  0]LogConfig: Setting CVar [[r.SkyAtmosphere.AerialPerspectiveLUT.DepthResolution:16.0]]
[2022.04.14-12.00.51:555][  0]LogConfig: Setting CVar [[r.SkyAtmosphere.FastSkyLUT:1]]
[2022.04.14-12.00.51:555][  0]LogConfig: Setting CVar [[r.SkyAtmosphere.FastSkyLUT.SampleCountMin:4.0]]
[2022.04.14-12.00.51:555][  0]LogConfig: Setting CVar [[r.SkyAtmosphere.FastSkyLUT.SampleCountMax:128.0]]
[2022.04.14-12.00.51:555][  0]LogConfig: Setting CVar [[r.SkyAtmosphere.SampleCountMin:4.0]]
[2022.04.14-12.00.51:555][  0]LogConfig: Setting CVar [[r.SkyAtmosphere.SampleCountMax:128.0]]
[2022.04.14-12.00.51:555][  0]LogConfig: Setting CVar [[r.SkyAtmosphere.TransmittanceLUT.UseSmallFormat:0]]
[2022.04.14-12.00.51:555][  0]LogConfig: Setting CVar [[r.SkyAtmosphere.TransmittanceLUT.SampleCount:10.0]]
[2022.04.14-12.00.51:555][  0]LogConfig: Setting CVar [[r.SkyAtmosphere.MultiScatteringLUT.SampleCount:15.0]]
[2022.04.14-12.00.51:555][  0]LogConfig: Setting CVar [[r.SkyLight.RealTimeReflectionCapture:1]]
[2022.04.14-12.00.51:555][  0]LogConfig: Applying CVar settings from Section [FoliageQuality@3] File [C:/Users/peddr489/Documents/GitHub/Exjobb/MyProject/Saved/Config/Windows/Scalability.ini]
[2022.04.14-12.00.51:555][  0]LogConfig: Setting CVar [[foliage.DensityScale:1.0]]
[2022.04.14-12.00.51:555][  0]LogConfig: Setting CVar [[grass.DensityScale:1.0]]
[2022.04.14-12.00.51:555][  0]LogConfig: Applying CVar settings from Section [ShadingQuality@3] File [C:/Users/peddr489/Documents/GitHub/Exjobb/MyProject/Saved/Config/Windows/Scalability.ini]
[2022.04.14-12.00.51:555][  0]LogConfig: Setting CVar [[r.HairStrands.SkyLighting.IntegrationType:2]]
[2022.04.14-12.00.51:555][  0]LogConfig: Setting CVar [[r.HairStrands.SkyAO.SampleCount:4]]
[2022.04.14-12.00.51:555][  0]LogConfig: Setting CVar [[r.HairStrands.Visibility.MSAA.SamplePerPixel:4]]
[2022.04.14-12.00.51:555][  0]LogInit: Selected Device Profile: [Windows]
[2022.04.14-12.00.51:555][  0]LogInit: Applying CVar settings loaded from the selected device profile: [Windows]
[2022.04.14-12.00.51:555][  0]LogHAL: Display: Platform has ~ 16 GB [17018552320 / 17179869184 / 16], which maps to Larger [LargestMinGB=32, LargerMinGB=12, DefaultMinGB=8, SmallerMinGB=6, SmallestMinGB=0)
[2022.04.14-12.00.51:555][  0]LogInit: Going up to parent DeviceProfile []
[2022.04.14-12.00.51:555][  0]LogConfig: Applying CVar settings from Section [ViewDistanceQuality@3] File [C:/Users/peddr489/Documents/GitHub/Exjobb/MyProject/Saved/Config/Windows/Scalability.ini]
[2022.04.14-12.00.51:555][  0]LogConfig: Setting CVar [[r.SkeletalMeshLODBias:0]]
[2022.04.14-12.00.51:555][  0]LogConfig: Setting CVar [[r.ViewDistanceScale:1.0]]
[2022.04.14-12.00.51:555][  0]LogConfig: Applying CVar settings from Section [AntiAliasingQuality@3] File [C:/Users/peddr489/Documents/GitHub/Exjobb/MyProject/Saved/Config/Windows/Scalability.ini]
[2022.04.14-12.00.51:555][  0]LogConfig: Setting CVar [[r.PostProcessAAQuality:4]]
[2022.04.14-12.00.51:555][  0]LogConfig: Applying CVar settings from Section [ShadowQuality@3] File [C:/Users/peddr489/Documents/GitHub/Exjobb/MyProject/Saved/Config/Windows/Scalability.ini]
[2022.04.14-12.00.51:555][  0]LogConfig: Setting CVar [[r.LightFunctionQuality:1]]
[2022.04.14-12.00.51:555][  0]LogConfig: Setting CVar [[r.ShadowQuality:5]]
[2022.04.14-12.00.51:555][  0]LogConfig: Setting CVar [[r.Shadow.CSM.MaxCascades:10]]
[2022.04.14-12.00.51:555][  0]LogConfig: Setting CVar [[r.Shadow.MaxResolution:2048]]
[2022.04.14-12.00.51:555][  0]LogConfig: Setting CVar [[r.Shadow.MaxCSMResolution:2048]]
[2022.04.14-12.00.51:555][  0]LogConfig: Setting CVar [[r.Shadow.RadiusThreshold:0.01]]
[2022.04.14-12.00.51:555][  0]LogConfig: Setting CVar [[r.Shadow.DistanceScale:1.0]]
[2022.04.14-12.00.51:555][  0]LogConfig: Setting CVar [[r.Shadow.CSM.TransitionScale:1.0]]
[2022.04.14-12.00.51:555][  0]LogConfig: Setting CVar [[r.Shadow.PreShadowResolutionFactor:1.0]]
[2022.04.14-12.00.51:555][  0]LogConfig: Setting CVar [[r.DistanceFieldShadowing:1]]
[2022.04.14-12.00.51:555][  0]LogConfig: Setting CVar [[r.DistanceFieldAO:1]]
[2022.04.14-12.00.51:555][  0]LogConfig: Setting CVar [[r.AOQuality:2]]
[2022.04.14-12.00.51:555][  0]LogConfig: Setting CVar [[r.VolumetricFog:1]]
[2022.04.14-12.00.51:555][  0]LogConfig: Setting CVar [[r.VolumetricFog.GridPixelSize:8]]
[2022.04.14-12.00.51:556][  0]LogConfig: Setting CVar [[r.VolumetricFog.GridSizeZ:128]]
[2022.04.14-12.00.51:556][  0]LogConfig: Setting CVar [[r.VolumetricFog.HistoryMissSupersampleCount:4]]
[2022.04.14-12.00.51:556][  0]LogConfig: Setting CVar [[r.LightMaxDrawDistanceScale:1]]
[2022.04.14-12.00.51:556][  0]LogConfig: Setting CVar [[r.CapsuleShadows:1]]
[2022.04.14-12.00.51:556][  0]LogConfig: Applying CVar settings from Section [PostProcessQuality@3] File [C:/Users/peddr489/Documents/GitHub/Exjobb/MyProject/Saved/Config/Windows/Scalability.ini]
[2022.04.14-12.00.51:556][  0]LogConfig: Setting CVar [[r.MotionBlurQuality:4]]
[2022.04.14-12.00.51:556][  0]LogConfig: Setting CVar [[r.AmbientOcclusionMipLevelFactor:0.4]]
[2022.04.14-12.00.51:556][  0]LogConfig: Setting CVar [[r.AmbientOcclusionMaxQuality:100]]
[2022.04.14-12.00.51:556][  0]LogConfig: Setting CVar [[r.AmbientOcclusionLevels:-1]]
[2022.04.14-12.00.51:556][  0]LogConfig: Setting CVar [[r.AmbientOcclusionRadiusScale:1.0]]
[2022.04.14-12.00.51:556][  0]LogConfig: Setting CVar [[r.DepthOfFieldQuality:2]]
[2022.04.14-12.00.51:556][  0]LogConfig: Setting CVar [[r.RenderTargetPoolMin:400]]
[2022.04.14-12.00.51:556][  0]LogConfig: Setting CVar [[r.LensFlareQuality:2]]
[2022.04.14-12.00.51:556][  0]LogConfig: Setting CVar [[r.SceneColorFringeQuality:1]]
[2022.04.14-12.00.51:556][  0]LogConfig: Setting CVar [[r.EyeAdaptationQuality:2]]
[2022.04.14-12.00.51:556][  0]LogConfig: Setting CVar [[r.BloomQuality:5]]
[2022.04.14-12.00.51:556][  0]LogConfig: Setting CVar [[r.FastBlurThreshold:100]]
[2022.04.14-12.00.51:556][  0]LogConfig: Setting CVar [[r.Upscale.Quality:3]]
[2022.04.14-12.00.51:556][  0]LogConfig: Setting CVar [[r.Tonemapper.GrainQuantization:1]]
[2022.04.14-12.00.51:556][  0]LogConfig: Setting CVar [[r.LightShaftQuality:1]]
[2022.04.14-12.00.51:556][  0]LogConfig: Setting CVar [[r.Filter.SizeScale:1]]
[2022.04.14-12.00.51:556][  0]LogConfig: Setting CVar [[r.Tonemapper.Quality:5]]
[2022.04.14-12.00.51:556][  0]LogConfig: Setting CVar [[r.DOF.Gather.AccumulatorQuality:1        ; higher gathering accumulator quality]]
[2022.04.14-12.00.51:556][  0]LogConfig: Setting CVar [[r.DOF.Gather.PostfilterMethod:1          ; Median3x3 postfilering method]]
[2022.04.14-12.00.51:556][  0]LogConfig: Setting CVar [[r.DOF.Gather.EnableBokehSettings:0       ; no bokeh simulation when gathering]]
[2022.04.14-12.00.51:556][  0]LogConfig: Setting CVar [[r.DOF.Gather.RingCount:4                 ; medium number of samples when gathering]]
[2022.04.14-12.00.51:556][  0]LogConfig: Setting CVar [[r.DOF.Scatter.ForegroundCompositing:1    ; additive foreground scattering]]
[2022.04.14-12.00.51:556][  0]LogConfig: Setting CVar [[r.DOF.Scatter.BackgroundCompositing:2    ; additive background scattering]]
[2022.04.14-12.00.51:556][  0]LogConfig: Setting CVar [[r.DOF.Scatter.EnableBokehSettings:1      ; bokeh simulation when scattering]]
[2022.04.14-12.00.51:556][  0]LogConfig: Setting CVar [[r.DOF.Scatter.MaxSpriteRatio:0.1         ; only a maximum of 10% of scattered bokeh]]
[2022.04.14-12.00.51:556][  0]LogConfig: Setting CVar [[r.DOF.Recombine.Quality:1                ; cheap slight out of focus]]
[2022.04.14-12.00.51:556][  0]LogConfig: Setting CVar [[r.DOF.Recombine.EnableBokehSettings:0    ; no bokeh simulation on slight out of focus]]
[2022.04.14-12.00.51:556][  0]LogConfig: Setting CVar [[r.DOF.TemporalAAQuality:1                ; more stable temporal accumulation]]
[2022.04.14-12.00.51:556][  0]LogConfig: Setting CVar [[r.DOF.Kernel.MaxForegroundRadius:0.025]]
[2022.04.14-12.00.51:556][  0]LogConfig: Setting CVar [[r.DOF.Kernel.MaxBackgroundRadius:0.025]]
[2022.04.14-12.00.51:556][  0]LogConfig: Applying CVar settings from Section [TextureQuality@3] File [C:/Users/peddr489/Documents/GitHub/Exjobb/MyProject/Saved/Config/Windows/Scalability.ini]
[2022.04.14-12.00.51:556][  0]LogConfig: Setting CVar [[r.Streaming.MipBias:0]]
[2022.04.14-12.00.51:556][  0]LogConfig: Setting CVar [[r.Streaming.AmortizeCPUToGPUCopy:0]]
[2022.04.14-12.00.51:556][  0]LogConfig: Setting CVar [[r.Streaming.MaxNumTexturesToStreamPerFrame:0]]
[2022.04.14-12.00.51:556][  0]LogConfig: Setting CVar [[r.Streaming.Boost:1]]
[2022.04.14-12.00.51:556][  0]LogConfig: Setting CVar [[r.MaxAnisotropy:8]]
[2022.04.14-12.00.51:556][  0]LogConfig: Setting CVar [[r.VT.MaxAnisotropy:8]]
[2022.04.14-12.00.51:556][  0]LogConfig: Setting CVar [[r.Streaming.LimitPoolSizeToVRAM:0]]
[2022.04.14-12.00.51:556][  0]LogConfig: Setting CVar [[r.Streaming.PoolSize:1000]]
[2022.04.14-12.00.51:556][  0]LogConfig: Setting CVar [[r.Streaming.MaxEffectiveScreenSize:0]]
[2022.04.14-12.00.51:556][  0]LogConfig: Applying CVar settings from Section [EffectsQuality@3] File [C:/Users/peddr489/Documents/GitHub/Exjobb/MyProject/Saved/Config/Windows/Scalability.ini]
[2022.04.14-12.00.51:556][  0]LogConfig: Setting CVar [[r.TranslucencyLightingVolumeDim:64]]
[2022.04.14-12.00.51:556][  0]LogConfig: Setting CVar [[r.RefractionQuality:2]]
[2022.04.14-12.00.51:556][  0]LogConfig: Setting CVar [[r.SSR.Quality:3]]
[2022.04.14-12.00.51:556][  0]LogConfig: Setting CVar [[r.SSR.HalfResSceneColor:0]]
[2022.04.14-12.00.51:556][  0]LogConfig: Setting CVar [[r.SceneColorFormat:4]]
[2022.04.14-12.00.51:556][  0]LogConfig: Setting CVar [[r.DetailMode:2]]
[2022.04.14-12.00.51:556][  0]LogConfig: Setting CVar [[r.TranslucencyVolumeBlur:1]]
[2022.04.14-12.00.51:556][  0]LogConfig: Setting CVar [[r.MaterialQualityLevel:1 ; High quality]]
[2022.04.14-12.00.51:556][  0]LogConfig: Setting CVar [[r.AnisotropicMaterials:1]]
[2022.04.14-12.00.51:556][  0]LogConfig: Setting CVar [[r.SSS.Scale:1]]
[2022.04.14-12.00.51:556][  0]LogConfig: Setting CVar [[r.SSS.SampleSet:2]]
[2022.04.14-12.00.51:556][  0]LogConfig: Setting CVar [[r.SSS.Quality:1]]
[2022.04.14-12.00.51:556][  0]LogConfig: Setting CVar [[r.SSS.HalfRes:0]]
[2022.04.14-12.00.51:556][  0]LogConfig: Setting CVar [[r.SSGI.Quality:3]]
[2022.04.14-12.00.51:556][  0]LogConfig: Setting CVar [[r.EmitterSpawnRateScale:1.0]]
[2022.04.14-12.00.51:556][  0]LogConfig: Setting CVar [[r.ParticleLightQuality:2]]
[2022.04.14-12.00.51:556][  0]LogConfig: Setting CVar [[r.SkyAtmosphere.AerialPerspectiveLUT.FastApplyOnOpaque:1 ; Always have FastSkyLUT 1 in this case to avoid wrong sky]]
[2022.04.14-12.00.51:556][  0]LogConfig: Setting CVar [[r.SkyAtmosphere.AerialPerspectiveLUT.SampleCountMaxPerSlice:4]]
[2022.04.14-12.00.51:556][  0]LogConfig: Setting CVar [[r.SkyAtmosphere.AerialPerspectiveLUT.DepthResolution:16.0]]
[2022.04.14-12.00.51:556][  0]LogConfig: Setting CVar [[r.SkyAtmosphere.FastSkyLUT:1]]
[2022.04.14-12.00.51:556][  0]LogConfig: Setting CVar [[r.SkyAtmosphere.FastSkyLUT.SampleCountMin:4.0]]
[2022.04.14-12.00.51:556][  0]LogConfig: Setting CVar [[r.SkyAtmosphere.FastSkyLUT.SampleCountMax:128.0]]
[2022.04.14-12.00.51:556][  0]LogConfig: Setting CVar [[r.SkyAtmosphere.SampleCountMin:4.0]]
[2022.04.14-12.00.51:556][  0]LogConfig: Setting CVar [[r.SkyAtmosphere.SampleCountMax:128.0]]
[2022.04.14-12.00.51:556][  0]LogConfig: Setting CVar [[r.SkyAtmosphere.TransmittanceLUT.UseSmallFormat:0]]
[2022.04.14-12.00.51:556][  0]LogConfig: Setting CVar [[r.SkyAtmosphere.TransmittanceLUT.SampleCount:10.0]]
[2022.04.14-12.00.51:556][  0]LogConfig: Setting CVar [[r.SkyAtmosphere.MultiScatteringLUT.SampleCount:15.0]]
[2022.04.14-12.00.51:556][  0]LogConfig: Setting CVar [[r.SkyLight.RealTimeReflectionCapture:1]]
[2022.04.14-12.00.51:556][  0]LogConfig: Applying CVar settings from Section [FoliageQuality@3] File [C:/Users/peddr489/Documents/GitHub/Exjobb/MyProject/Saved/Config/Windows/Scalability.ini]
[2022.04.14-12.00.51:556][  0]LogConfig: Setting CVar [[foliage.DensityScale:1.0]]
[2022.04.14-12.00.51:556][  0]LogConfig: Setting CVar [[grass.DensityScale:1.0]]
[2022.04.14-12.00.51:556][  0]LogConfig: Applying CVar settings from Section [ShadingQuality@3] File [C:/Users/peddr489/Documents/GitHub/Exjobb/MyProject/Saved/Config/Windows/Scalability.ini]
[2022.04.14-12.00.51:556][  0]LogConfig: Setting CVar [[r.HairStrands.SkyLighting.IntegrationType:2]]
[2022.04.14-12.00.51:556][  0]LogConfig: Setting CVar [[r.HairStrands.SkyAO.SampleCount:4]]
[2022.04.14-12.00.51:556][  0]LogConfig: Setting CVar [[r.HairStrands.Visibility.MSAA.SamplePerPixel:4]]
[2022.04.14-12.00.51:556][  0]LogConfig: Applying CVar settings from Section [Startup] File [../../../Engine/Config/ConsoleVariables.ini]
[2022.04.14-12.00.51:558][  0]LogConfig: Setting CVar [[net.UseAdaptiveNetUpdateFrequency:0]]
[2022.04.14-12.00.51:558][  0]LogConfig: Setting CVar [[p.chaos.AllowCreatePhysxBodies:1]]
[2022.04.14-12.00.51:558][  0]LogConfig: Setting CVar [[fx.SkipVectorVMBackendOptimizations:1]]
[2022.04.14-12.00.51:558][  0]LogConfig: Applying CVar settings from Section [ConsoleVariables] File [C:/Users/peddr489/Documents/GitHub/Exjobb/MyProject/Saved/Config/Windows/Engine.ini]
[2022.04.14-12.00.51:558][  0]LogConfig: Applying CVar settings from Section [ConsoleVariables] File [C:/Users/peddr489/Documents/GitHub/Exjobb/MyProject/Saved/Config/Windows/Editor.ini]
[2022.04.14-12.00.51:558][  0]LogInit: Computer: WIN02329
[2022.04.14-12.00.51:558][  0]LogInit: User: peddr489
[2022.04.14-12.00.51:558][  0]LogInit: CPU Page size=4096, Cores=6
[2022.04.14-12.00.51:558][  0]LogInit: High frequency timer resolution =10.000000 MHz
[2022.04.14-12.00.51:558][  0]LogMemory: Memory total: Physical=15.8GB (16GB approx)
[2022.04.14-12.00.51:558][  0]LogMemory: Platform Memory Stats for Windows
[2022.04.14-12.00.51:558][  0]LogMemory: Process Physical Memory: 145.10 MB used, 145.11 MB peak
[2022.04.14-12.00.51:558][  0]LogMemory: Process Virtual Memory: 125.85 MB used, 125.85 MB peak
[2022.04.14-12.00.51:558][  0]LogMemory: Physical Memory: 7468.30 MB used,  8761.86 MB free, 16230.16 MB total
[2022.04.14-12.00.51:558][  0]LogMemory: Virtual Memory: 134208008.00 MB used,  9718.39 MB free, 134217728.00 MB total
[2022.04.14-12.00.51:564][  0]LogWindows: WindowsPlatformFeatures enabled
[2022.04.14-12.00.51:610][  0]LogInit: Physics initialised using underlying interface: PhysX
[2022.04.14-12.00.51:610][  0]LogInit: Using OS detected language (sv-SE).
[2022.04.14-12.00.51:610][  0]LogInit: Using OS detected locale (sv-SE).
[2022.04.14-12.00.51:615][  0]LogTextLocalizationManager: No localization for 'sv-SE' exists, so 'en' will be used for the language.
[2022.04.14-12.00.51:619][  0]LogTextLocalizationManager: No localization for 'sv-SE' exists, so 'en' will be used for the locale.
[2022.04.14-12.00.51:826][  0]LogWindowsTextInputMethodSystem: Display: IME system deactivated.
[2022.04.14-12.00.51:903][  0]LogSlate: New Slate User Created.  User Index 0, Is Virtual User: 0
[2022.04.14-12.00.51:903][  0]LogSlate: Slate User Registered.  User Index 0, Is Virtual User: 0
[2022.04.14-12.00.51:975][  0]LogD3D11RHI: Loaded GFSDK_Aftermath_Lib.x64.dll
[2022.04.14-12.00.51:978][  0]LogHMD: Failed to initialize OpenVR with code 110
[2022.04.14-12.00.51:978][  0]LogD3D11RHI: D3D11 min allowed feature level: 11_0
[2022.04.14-12.00.51:978][  0]LogD3D11RHI: D3D11 max allowed feature level: 11_0
[2022.04.14-12.00.51:978][  0]LogD3D11RHI: D3D11 adapters:
[2022.04.14-12.00.52:058][  0]LogD3D11RHI:    0. 'NVIDIA GeForce RTX 2060' (Feature Level 11_0)
[2022.04.14-12.00.52:058][  0]LogD3D11RHI:       5980/0/8115 MB DedicatedVideo/DedicatedSystem/SharedSystem, Outputs:4, VendorId:0x10de
[2022.04.14-12.00.52:061][  0]LogD3D11RHI:    1. 'Microsoft Basic Render Driver' (Feature Level 11_0)
[2022.04.14-12.00.52:061][  0]LogD3D11RHI:       0/0/8115 MB DedicatedVideo/DedicatedSystem/SharedSystem, Outputs:0, VendorId:0x1414
[2022.04.14-12.00.52:061][  0]LogD3D11RHI: Chosen D3D11 Adapter:
[2022.04.14-12.00.52:061][  0]LogD3D11RHI:     Description : NVIDIA GeForce RTX 2060
[2022.04.14-12.00.52:061][  0]LogD3D11RHI:     VendorId    : 10de
[2022.04.14-12.00.52:061][  0]LogD3D11RHI:     DeviceId    : 1f08
[2022.04.14-12.00.52:061][  0]LogD3D11RHI:     SubSysId    : 869d1043
[2022.04.14-12.00.52:061][  0]LogD3D11RHI:     Revision    : 00a1
[2022.04.14-12.00.52:061][  0]LogD3D11RHI:     DedicatedVideoMemory : 6270484480 bytes
[2022.04.14-12.00.52:061][  0]LogD3D11RHI:     DedicatedSystemMemory : 0 bytes
[2022.04.14-12.00.52:061][  0]LogD3D11RHI:     SharedSystemMemory : 8509276160 bytes
[2022.04.14-12.00.52:061][  0]LogD3D11RHI:     AdapterLuid : 0 48747
[2022.04.14-12.00.52:066][  0]LogD3D11RHI: Creating new Direct3DDevice
[2022.04.14-12.00.52:066][  0]LogD3D11RHI:     GPU DeviceId: 0x1f08 (for the marketing name, search the web for "GPU Device Id")
[2022.04.14-12.00.52:066][  0]LogWindows: EnumDisplayDevices:
[2022.04.14-12.00.52:066][  0]LogWindows:    0. 'NVIDIA GeForce RTX 2060' (P:0 D:1)
[2022.04.14-12.00.52:066][  0]LogWindows:    1. 'NVIDIA GeForce RTX 2060' (P:0 D:1)
[2022.04.14-12.00.52:066][  0]LogWindows:    2. 'NVIDIA GeForce RTX 2060' (P:1 D:1)
[2022.04.14-12.00.52:067][  0]LogWindows:    3. 'NVIDIA GeForce RTX 2060' (P:0 D:1)
[2022.04.14-12.00.52:067][  0]LogWindows: DebugString: FoundDriverCount:4 
[2022.04.14-12.00.52:067][  0]LogD3D11RHI:     Adapter Name: NVIDIA GeForce RTX 2060
[2022.04.14-12.00.52:067][  0]LogD3D11RHI:   Driver Version: 456.71 (internal:27.21.14.5671, unified:456.71)
[2022.04.14-12.00.52:067][  0]LogD3D11RHI:      Driver Date: 9-30-2020
[2022.04.14-12.00.52:067][  0]LogRHI: Texture pool is 4186 MB (70% of 5980 MB)
[2022.04.14-12.00.52:067][  0]LogD3D11RHI: Creating D3DDevice using adapter:
[2022.04.14-12.00.52:067][  0]LogD3D11RHI:     Description : NVIDIA GeForce RTX 2060
[2022.04.14-12.00.52:067][  0]LogD3D11RHI:     VendorId    : 10de
[2022.04.14-12.00.52:067][  0]LogD3D11RHI:     DeviceId    : 1f08
[2022.04.14-12.00.52:067][  0]LogD3D11RHI:     SubSysId    : 869d1043
[2022.04.14-12.00.52:067][  0]LogD3D11RHI:     Revision    : 00a1
[2022.04.14-12.00.52:067][  0]LogD3D11RHI:     DedicatedVideoMemory : 6270484480 bytes
[2022.04.14-12.00.52:067][  0]LogD3D11RHI:     DedicatedSystemMemory : 0 bytes
[2022.04.14-12.00.52:067][  0]LogD3D11RHI:     SharedSystemMemory : 8509276160 bytes
[2022.04.14-12.00.52:067][  0]LogD3D11RHI:     AdapterLuid : 0 48747
[2022.04.14-12.00.52:116][  0]LogD3D11RHI: RHI has support for 64 bit atomics
[2022.04.14-12.00.52:116][  0]LogD3D11RHI: Async texture creation enabled
[2022.04.14-12.00.52:116][  0]LogD3D11RHI: Array index from any shader is supported
[2022.04.14-12.00.52:135][  0]LogD3D11RHI: GPU Timing Frequency: 1000.000000 (Debug: 2 1)
[2022.04.14-12.00.52:177][  0]LogRHI: GeForceNow SDK initialized: 1
[2022.04.14-12.00.52:453][  0]LogTargetPlatformManager: Display: Loaded TargetPlatform 'WindowsNoEditor'
[2022.04.14-12.00.52:458][  0]LogTargetPlatformManager: Display: Loaded TargetPlatform 'Windows'
[2022.04.14-12.00.52:462][  0]LogTargetPlatformManager: Display: Loaded TargetPlatform 'WindowsClient'
[2022.04.14-12.00.52:466][  0]LogTargetPlatformManager: Display: Loaded TargetPlatform 'WindowsServer'
[2022.04.14-12.00.52:466][  0]LogTargetPlatformManager: Display: Building Assets For Windows
[2022.04.14-12.00.52:473][  0]LogAudioDebug: Display: Lib vorbis DLL was dynamically loaded.
[2022.04.14-12.00.52:503][  0]LogTextureFormatOodle: Display: Oodle Texture 2.9.0 init RDO Off
[2022.04.14-12.00.52:530][  0]LogRendererCore: Ray tracing is disabled. Reason: r.RayTracing=0.
[2022.04.14-12.00.52:530][  0]LogShaderCompilers: Guid format shader working directory is -17 characters bigger than the processId version (../../../../../../Users/peddr489/Documents/GitHub/Exjobb/MyProject/Intermediate/Shaders/WorkingDirectory/1612/).
[2022.04.14-12.00.52:531][  0]LogShaderCompilers: Cleaned the shader compiler working directory 'C:/Users/peddr489/AppData/Local/Temp/UnrealShaderWorkingDir/042F1953425F55AC4633A8B4A9AAC730/'.
[2022.04.14-12.00.52:531][  0]LogXGEController: Cannot use XGE Controller as Incredibuild is not installed on this machine.
[2022.04.14-12.00.52:531][  0]LogShaderCompilers: Cannot use XGE Shader Compiler as Incredibuild is not installed on this machine.
[2022.04.14-12.00.52:531][  0]LogShaderCompilers: Display: Using Local Shader Compiler.
[2022.04.14-12.00.53:204][  0]LogDerivedDataCache: Display: Max Cache Size: 512 MB
[2022.04.14-12.00.53:252][  0]LogDerivedDataCache: Loaded boot cache 0.05s 94MB C:/Users/peddr489/AppData/Local/UnrealEngine/4.27/DerivedDataCache/Boot.ddc.
[2022.04.14-12.00.53:252][  0]LogDerivedDataCache: Display: Loaded Boot cache: C:/Users/peddr489/AppData/Local/UnrealEngine/4.27/DerivedDataCache/Boot.ddc
[2022.04.14-12.00.53:252][  0]LogDerivedDataCache: FDerivedDataBackendGraph:  Pak pak cache file ../../../../../../Users/peddr489/Documents/GitHub/Exjobb/MyProject/DerivedDataCache/DDC.ddp not found, will not use a pak cache.
[2022.04.14-12.00.53:252][  0]LogDerivedDataCache: Unable to find inner node Pak for hierarchical cache Hierarchy.
[2022.04.14-12.00.53:252][  0]LogDerivedDataCache: FDerivedDataBackendGraph:  CompressedPak pak cache file ../../../../../../Users/peddr489/Documents/GitHub/Exjobb/MyProject/DerivedDataCache/Compressed.ddp not found, will not use a pak cache.
[2022.04.14-12.00.53:252][  0]LogDerivedDataCache: Unable to find inner node CompressedPak for hierarchical cache Hierarchy.
[2022.04.14-12.00.53:266][  0]LogDerivedDataCache: Display: Pak cache opened for reading ../../../Engine/DerivedDataCache/Compressed.ddp.
[2022.04.14-12.00.53:266][  0]LogDerivedDataCache: FDerivedDataBackendGraph:  EnterprisePak pak cache file ../../../Enterprise/DerivedDataCache/Compressed.ddp not found, will not use a pak cache.
[2022.04.14-12.00.53:266][  0]LogDerivedDataCache: Unable to find inner node EnterprisePak for hierarchical cache Hierarchy.
[2022.04.14-12.00.53:284][  0]LogDerivedDataCache: Speed tests for C:/Users/peddr489/AppData/Local/UnrealEngine/Common/DerivedDataCache took 0.02 seconds
[2022.04.14-12.00.53:284][  0]LogDerivedDataCache: Display: Performance to C:/Users/peddr489/AppData/Local/UnrealEngine/Common/DerivedDataCache: Latency=0.03ms. RandomReadSpeed=282.18MBs, RandomWriteSpeed=67.12MBs. Assigned SpeedClass 'Local'
[2022.04.14-12.00.53:284][  0]LogDerivedDataCache: Using Local data cache path C:/Users/peddr489/AppData/Local/UnrealEngine/Common/DerivedDataCache: Writable
[2022.04.14-12.00.53:285][  0]LogDerivedDataCache: Shared data cache path not found in *engine.ini, will not use an Shared cache.
[2022.04.14-12.00.53:285][  0]LogDerivedDataCache: Unable to find inner node Shared for hierarchical cache Hierarchy.
[2022.04.14-12.00.53:316][  0]LogSlate: Using FreeType 2.10.0
[2022.04.14-12.00.53:316][  0]LogSlate: SlateFontServices - WITH_FREETYPE: 1, WITH_HARFBUZZ: 1
[2022.04.14-12.00.53:385][  0]LogInit: Using OS detected language (sv-SE).
[2022.04.14-12.00.53:385][  0]LogInit: Using OS detected locale (sv-SE).
[2022.04.14-12.00.53:385][  0]LogTextLocalizationManager: No localization for 'sv-SE' exists, so 'en' will be used for the language.
[2022.04.14-12.00.53:385][  0]LogTextLocalizationManager: No localization for 'sv-SE' exists, so 'en' will be used for the locale.
[2022.04.14-12.00.53:388][  0]LogTextLocalizationManager: Compacting localization data took   0.00ms
[2022.04.14-12.00.53:388][  0]LogAssetRegistry: FAssetRegistry took 0.0018 seconds to start up
[2022.04.14-12.00.53:527][  0]LogPackageLocalizationCache: Processed 27 localized package path(s) for 1 prioritized culture(s) in 0.001041 seconds
[2022.04.14-12.00.53:585][  0]LogInit: Selected Device Profile: [Windows]
[2022.04.14-12.00.53:585][  0]LogInit: Active device profile: [000002B66CBCF400][000002B66681D6C0 49] Windows
[2022.04.14-12.00.53:585][  0]LogInit: Profiles: [000002B66CBCF400][000002B66681D6C0 49] Windows, [000002B66CB7CE00][000002B665F65800 49] WindowsNoEditor, [000002B66CBCCE00][000002B665F69940 49] WindowsServer, [000002B66CB7E900][000002B665F71AC0 49] WindowsClient, [000002B66CBCE900][000002B665F740C0 49] IOS, [000002B66CB7F300][000002B665F78240 49] iPadAir, [000002B66CBCF200][000002B665F7C3C0 49] iPadAir2, [000002B66CB23500][000002B665F84680 49] IPadPro, [000002B66CB23600][000002B665F806C0 49] iPadAir3, [000002B66CBCC300][000002B665F88840 49] iPadAir4, [000002B66CB21300][000002B665F8C9C0 49] iPadMini2, [000002B66CBCDA00][000002B665F90B40 49] iPadMini3, [000002B66CB20B00][000002B665B50CC0 49] iPadMini4, [000002B66CBCC800][000002B665B54E40 49] iPadMini5, [000002B66CB7A700][000002B665B5D100 49] iPhone6, [000002B66CB7A800][000002B665B59140 49] iPodTouch6, [000002B66CB22100][000002B665B65400 49] iPhone7, [000002B66CB22200][000002B665B61440 49] iPodTouch7, [000002B66CB79200][000002B665B695C0 49] iPhone5S, [000002B66CB21D00][000002B665F6D700 49] iPhone6Plus, [000002B66CB7A500][000002B665B6D840 49] iPhone6S, [000002B66CB23800][000002B665B71980 49] iPhone6SPlus, [000002B66CB7B800][000002B665B75AC0 49] iPhone7Plus, [000002B66CB20E00][000002B665B7C0C0 49] iPhoneSE, [000002B66CB78300][000002B665B80240 49] iPhone8, [000002B66CB23D00][000002B665B843C0 49] iPhone8Plus, [000002B66CB78100][000002B665B88540 49] iPhoneX, [000002B66CB20200][000002B665B8C6C0 49] iPhoneXS, [000002B66CB79500][000002B665B90840 49] iPhoneXSMax, [000002B66CB22500][000002B665B949C0 49] iPhoneXR, [000002B66CB79F00][000002B665B98B40 49] iPhone11, [000002B66CB21100][000002B66BF50CC0 49] iPhone11Pro, [000002B66CB7AE00][000002B66BF54E40 49] iPhone11ProMax, [000002B66CB21B00][000002B66BF58FC0 49] iPhoneSE2, [000002B66CB7AC00][000002B66BF5D140 49] iPhone12Mini, [000002B66CB23B00][000002B66BF612C0 49] iPhone12, [000002B66CB79900][000002B66BF65440 49] iPhone12Pro, [000002B66CB21200][000002B66BF695C0 49] iPhone12ProMax, [000002B66CB7BF00][000002B66BF6D740 49] iPadPro105, [000002B66CB22400][000002B66BF718C0 49] iPadPro129, [000002B66CB79D00][000002B665B79A00 49] iPadPro97, [000002B66CB21A00][000002B66BF75B40 49] iPadPro2_129, [000002B66CB79C00][000002B66BF78100 49] iPad5, [000002B66CB20800][000002B66BF80280 49] iPad6, [000002B66CB7B300][000002B66BF84400 49] iPad7, [000002B66CB23100][000002B66BF88580 49] iPad8, [000002B66CB7B200][000002B66BF8C700 49] iPadPro11, [000002B66CB23700][000002B66BF90880 49] iPadPro2_11, [000002B66CB78600][000002B66BF94A00 49] iPadPro3_129, [000002B66CB23900][000002B66BF98B80 49] iPadPro4_129, [000002B66CB79800][000002B66BF9CD00 49] AppleTV, [000002B66CB23E00][000002B66BFA0E80 49] AppleTV4K, [000002B66CB7C100][000002B66BFA5000 49] TVOS, [000002B66CC10800][000002B66BFA9180 49] Mac, [000002B66CB7D600][000002B66BFAD300 49] MacClient, [000002B66CC10C00][000002B66BFB1480 49] MacNoEditor, [000002B66CB7CC00][000002B66BFB5600 49] MacServer, [000002B66CC11C00][000002B66BFB9780 49] Linux, [000002B66CB7C600][000002B66BFBD900 49] LinuxAArch64, [000002B66CC11400][000002B66BFC1A80 49] LinuxNoEditor, [000002B66CB7C900][000002B66BF7DBC0 49] LinuxAArch64NoEditor, [000002B66CC10200][000002B66BFC4180 49] LinuxClient, [000002B66CB7EF00][000002B66BFC82C0 49] LinuxAArch64Client, [000002B66CC11700][000002B66BFD0440 49] LinuxServer, [000002B66CB7C400][000002B66BFD45C0 49] LinuxAArch64Server, [000002B66CC11B00][000002B66BFD8740 49] Android, [000002B66CB7D500][000002B66BFDC8C0 49] Android_Low, [000002B66CC10700][000002B66BFE0A40 49] Android_Mid, [000002B66CB7CB00][000002B66BFE4BC0 49] Android_High, [000002B66CC12600][000002B66BFE8D40 49] Android_Default, [000002B66CB7ED00][000002B66BFECEC0 49] Android_Adreno4xx, [000002B66CC11F00][000002B66BFF1040 49] Android_Adreno5xx_Low, [000002B66CB7C300][000002B66BFF51C0 49] Android_Adreno5xx, [000002B66CC10D00][000002B66BFF9340 49] Android_Adreno6xx, [000002B66CB22900][000002B66BFFD4C0 49] Android_Adreno6xx_Vulkan, [000002B66CB7B100][000002B66C001640 49] Android_Mali_T6xx, [000002B66CB21600][000002B66C0057C0 49] Android_Mali_T7xx, [000002B66CB7B900][000002B66C009940 49] Android_Mali_T8xx, [000002B66CB21500][000002B66C00DAC0 49] Android_Mali_G71, [000002B66CC11500][000002B66C0100C0 49] Android_Mali_G72, [000002B66CB22300][000002B66BFCC200 49] Android_Mali_G72_Vulkan, [000002B66CC12100][000002B66C014340 49] Android_Mali_G76, [000002B66CB20400][000002B66C018480 49] Android_Mali_G76_Vulkan, [000002B66CC11A00][000002B66C01C5C0 49] Android_Mali_G77, [000002B66CB23000][000002B66C024740 49] Android_Mali_G77_Vulkan, [000002B66CC12400][000002B66C0288C0 49] Android_Mali_G78, [000002B66CB20600][000002B66C02CA40 49] Android_Mali_G78_Vulkan, [000002B66CC12500][000002B66C030BC0 49] Android_Mali_G710, [000002B66CB22700][000002B66C034D40 49] Android_Mali_G710_Vulkan, [000002B66CC10100][000002B66C038EC0 49] Android_Vulkan_SM5, [000002B66CB23A00][000002B66C03D040 49] Android_PowerVR_G6xxx, [000002B66CC12900][000002B665B9D1C0 49] Android_PowerVR_GT7xxx, [000002B66CB20A00][000002B665BA1340 49] Android_PowerVR_GE8xxx, [000002B66CC10300][000002B665BA54C0 49] Android_PowerVR_GM9xxx, [000002B66CB23C00][000002B665BA9640 49] Android_PowerVR_GM9xxx_Vulkan, [000002B66CC12800][000002B665BAD7C0 49] Android_TegraK1, [000002B66CB20D00][000002B665BB1940 49] Android_Unknown_Vulkan, [000002B66CC12B00][000002B665BB5AC0 49] Lumin, [000002B66CB21800][000002B665BB80C0 49] Lumin_Desktop, [000002B66CB78D00][000002B665BBC240 49] HoloLens, 
[2022.04.14-12.00.53:621][  0]LogMeshReduction: Using QuadricMeshReduction for automatic static mesh reduction
[2022.04.14-12.00.53:621][  0]LogMeshReduction: Using SimplygonMeshReduction for automatic skeletal mesh reduction
[2022.04.14-12.00.53:621][  0]LogMeshReduction: Using ProxyLODMeshReduction for automatic mesh merging
[2022.04.14-12.00.53:621][  0]LogMeshReduction: No distributed automatic mesh merging module available
[2022.04.14-12.00.53:621][  0]LogMeshMerging: No distributed automatic mesh merging module available
[2022.04.14-12.00.53:765][  0]LogNetVersion: MyProject 1.0.0, NetCL: 17155196, EngineNetVer: 17, GameNetVer: 0 (Checksum: 3629800737)
[2022.04.14-12.00.53:956][  0]LogTexture: Default maximum texture size for cubemaps generated from long-lat sources has been changed from 512 to unlimited. In order to preserve old behaiour for '/Engine/MapTemplates/Sky/DaylightAmbientCubemap.DaylightAmbientCubemap', its maximum texture size has been explicitly set to 512.
[2022.04.14-12.00.54:000][  0]LogHMD: PokeAHoleMaterial loaded successfully
[2022.04.14-12.00.54:091][  0]LogMoviePlayer: Initializing movie player
[2022.04.14-12.00.54:197][  0]LogNiagaraDebuggerClient: Niagara Debugger Client Initialized | Session: A22959B04A6E3D30A66D34957355FB65 | Instance: E753BF134F55EFE82EC6F5942C56B4E5 (WIN02329-1612).
[2022.04.14-12.00.54:214][  0]LogCollectionManager: Loaded 0 collections in 0.001476 seconds
[2022.04.14-12.00.54:216][  0]LogFileCache: Scanning file cache for directory 'C:/Users/peddr489/Documents/GitHub/Exjobb/MyProject/Saved/Collections/' took 0.00s
[2022.04.14-12.00.54:216][  0]LogFileCache: Scanning file cache for directory 'C:/Users/peddr489/Documents/GitHub/Exjobb/MyProject/Content/Developers/peddr489/Collections/' took 0.00s
[2022.04.14-12.00.54:216][  0]LogFileCache: Scanning file cache for directory 'C:/Users/peddr489/Documents/GitHub/Exjobb/MyProject/Content/Collections/' took 0.00s
[2022.04.14-12.00.54:216][  0]LogCollectionManager: Fixed up redirectors for 0 collections in 0.000002 seconds (updated 0 objects)
[2022.04.14-12.00.54:241][  0]LogPython: Using Python 3.7.7
[2022.04.14-12.00.54:716][  0]LogTcpMessaging: Initializing TcpMessaging bridge
[2022.04.14-12.00.54:719][  0]LogUdpMessaging: Initializing bridge on interface 0.0.0.0:0 to multicast group 230.0.0.1:6666.
[2022.04.14-12.00.54:799][  0]SourceControl: Source control is disabled
[2022.04.14-12.00.54:799][  0]SourceControl: Source control is disabled
[2022.04.14-12.00.54:802][  0]SourceControl: Source control is disabled
[2022.04.14-12.00.54:807][  0]LogUProjectInfo: Found projects:
[2022.04.14-12.00.54:879][  0]LogOpenImageDenoise: OIDN starting up
[2022.04.14-12.00.54:910][  0]LogAndroidPermission: UAndroidPermissionCallbackProxy::GetInstance
[2022.04.14-12.00.54:928][  0]LogAudioCaptureCore: Display: No Audio Capture implementations found. Audio input will be silent.
[2022.04.14-12.00.54:928][  0]LogAudioCaptureCore: Display: No Audio Capture implementations found. Audio input will be silent.
[2022.04.14-12.00.54:996][  0]LogOcInput: OculusInput pre-init called
[2022.04.14-12.00.55:003][  0]LogUObjectArray: 22248 objects as part of root set at end of initial load.
[2022.04.14-12.00.55:003][  0]LogUObjectAllocator: 6010896 out of 0 bytes used by permanent object pool.
[2022.04.14-12.00.55:003][  0]LogUObjectArray: CloseDisregardForGC: 0/0 objects in disregard for GC pool
[2022.04.14-12.00.55:043][  0]LogEngine: Initializing Engine...
[2022.04.14-12.00.55:044][  0]LogHMD: Failed to enumerate extensions. Please check that you have a valid OpenXR runtime installed.
[2022.04.14-12.00.55:045][  0]LogHMD: Failed to initialize OpenVR with code 110
[2022.04.14-12.00.55:045][  0]LogMagicLeap: Warning: VR disabled because ZI is not enabled.  To enable, in the editor, Edit -> Project Settings -> Plugins -> Magic Leap Plugin -> Enable Zero Iteration
[2022.04.14-12.00.55:046][  0]LogStats: UGameplayTagsManager::InitializeManager -  0.000 s
[2022.04.14-12.00.55:121][  0]LogInit: Initializing FReadOnlyCVARCache
[2022.04.14-12.00.55:121][  0]LogAudio: Display: Initializing Audio Device Manager...
[2022.04.14-12.00.55:124][  0]LogAudio: Display: Loading Default Audio Settings Objects...
[2022.04.14-12.00.55:124][  0]LogLinker: Warning: Error opening file '../../../Engine/Content/EngineSounds/Master.uasset'.
[2022.04.14-12.00.55:124][  0]LogLinker: Warning: Error opening file '../../../Engine/Content/EngineSounds/Master.uasset'.
[2022.04.14-12.00.55:124][  0]LogUObjectGlobals: Warning: Failed to find object 'Object /Engine/EngineSounds/Master.Master'
[2022.04.14-12.00.55:124][  0]LogAudio: Warning: Failed to load Default SoundClassObject from path ''.  Attempting to fall back to engine default.
[2022.04.14-12.00.55:125][  0]LogLinker: Warning: Error opening file '../../../Engine/Content/EngineSounds/Master.uasset'.
[2022.04.14-12.00.55:125][  0]LogUObjectGlobals: Warning: Failed to find object 'Object None./Engine/EngineSounds/Master'
[2022.04.14-12.00.55:125][  0]LogAudio: Error: Failed to load Default SoundClassObject from path '/Engine/EngineSounds/Master'.
[2022.04.14-12.00.55:125][  0]LogLinker: Warning: Error opening file '../../../Engine/Content/EngineSounds/Master.uasset'.
[2022.04.14-12.00.55:125][  0]LogAudio: Display: No default MediaSoundClassObject specified (or failed to load).
[2022.04.14-12.00.55:125][  0]LogAudio: Display: No default SoundConcurrencyObject specified (or failed to load).
[2022.04.14-12.00.55:125][  0]LogAudio: Display: Audio Device Manager Initialized
[2022.04.14-12.00.55:125][  0]LogAudio: Display: Creating Audio Device:                 Id: 1, Scope: Shared, Realtime: True
[2022.04.14-12.00.55:125][  0]LogAudioMixer: Display: Audio Mixer Platform Settings:
[2022.04.14-12.00.55:125][  0]LogAudioMixer: Display: 	Sample Rate:						  48000
[2022.04.14-12.00.55:125][  0]LogAudioMixer: Display: 	Callback Buffer Frame Size Requested: 1024
[2022.04.14-12.00.55:125][  0]LogAudioMixer: Display: 	Callback Buffer Frame Size To Use:	  1024
[2022.04.14-12.00.55:125][  0]LogAudioMixer: Display: 	Number of buffers to queue:			  2
[2022.04.14-12.00.55:125][  0]LogAudioMixer: Display: 	Max Channels (voices):				  32
[2022.04.14-12.00.55:125][  0]LogAudioMixer: Display: 	Number of Async Source Workers:		  0
[2022.04.14-12.00.55:125][  0]LogAudio: Display: AudioDevice MaxSources: 32
[2022.04.14-12.00.55:125][  0]LogAudio: Display: Audio Spatialization Plugin: None (built-in).
[2022.04.14-12.00.55:125][  0]LogAudio: Display: Audio Reverb Plugin: None (built-in).
[2022.04.14-12.00.55:125][  0]LogAudio: Display: Audio Occlusion Plugin: None (built-in).
[2022.04.14-12.00.55:126][  0]LogAudioMixer: Display: Initializing audio mixer.
[2022.04.14-12.00.55:139][  0]LogAudioMixer: Warning: Did not find the channel type flags for audio device 'Högtalare (4- AudioBox 1818 VSL)'. Reverting to a default channel ordering.
[2022.04.14-12.00.55:139][  0]LogAudioMixer: Display: 0: FrontLeft
[2022.04.14-12.00.55:139][  0]LogAudioMixer: Display: 1: FrontRight
[2022.04.14-12.00.55:139][  0]LogAudioMixer: Display: 2: FrontCenter
[2022.04.14-12.00.55:139][  0]LogAudioMixer: Display: 3: LowFrequency
[2022.04.14-12.00.55:139][  0]LogAudioMixer: Display: 4: SideLeft
[2022.04.14-12.00.55:139][  0]LogAudioMixer: Display: 5: SideRight
[2022.04.14-12.00.55:139][  0]LogAudioMixer: Display: 6: BackLeft
[2022.04.14-12.00.55:139][  0]LogAudioMixer: Display: 7: BackRight
[2022.04.14-12.00.55:154][  0]LogAudioMixer: Display: Using Audio Device Högtalare (4- AudioBox 1818 VSL)
[2022.04.14-12.00.55:159][  0]LogAudioMixer: Display: Initializing Sound Submixes...
[2022.04.14-12.00.55:160][  0]LogAudioMixer: Display: Creating Master Submix 'MasterSubmixDefault'
[2022.04.14-12.00.55:160][  0]LogAudioMixer: Display: Creating Master Submix 'MasterReverbSubmixDefault'
[2022.04.14-12.00.55:161][  0]LogAudioMixer: Display: Creating Master Submix 'MasterEQSubmixDefault'
[2022.04.14-12.00.55:161][  0]LogAudioMixer: FMixerPlatformXAudio2::StartAudioStream() called
[2022.04.14-12.00.55:161][  0]LogAudioMixer: Display: Output buffers initialized: Frames=1024, Channels=8, Samples=8192
[2022.04.14-12.00.55:161][  0]LogAudioMixer: Display: Starting AudioMixerPlatformInterface::RunInternal()
[2022.04.14-12.00.55:161][  0]LogAudioMixer: Display: FMixerPlatformXAudio2::SubmitBuffer() called for the first time
[2022.04.14-12.00.55:162][  0]LogInit: FAudioDevice initialized.
[2022.04.14-12.00.55:162][  0]LogNetVersion: Set ProjectVersion to 1.0.0.0. Version Checksum will be recalculated on next use.
[2022.04.14-12.00.55:164][  0]LogInit: Texture streaming: Enabled
[2022.04.14-12.00.55:217][  0]LogAudio: Display: Audio Device (ID: 1) registered with world 'Untitled'.
[2022.04.14-12.00.55:217][  0]LogSlate: Updating window title bar state: overlay mode, drag disabled, window buttons hidden, title bar hidden
[2022.04.14-12.00.55:218][  0]LogInit: Display: Game Engine Initialized.
[2022.04.14-12.00.55:218][  0]LogNiagaraEditor: GEditor isn't valid! Particle reset commands will not work for Niagara components!
[2022.04.14-12.00.55:317][  0]LogInit: Display: Starting Game.
[2022.04.14-12.00.55:317][  0]LogNet: Browse: /Game/StarterContent/Maps/Minimal_Default?Name=Player
[2022.04.14-12.00.55:317][  0]LogLoad: LoadMap: /Game/StarterContent/Maps/Minimal_Default?Name=Player
[2022.04.14-12.00.55:317][  0]LogWorld: BeginTearingDown for /Temp/Untitled_0
[2022.04.14-12.00.55:318][  0]LogWorld: UWorld::CleanupWorld for Untitled, bSessionEnded=true, bCleanupResources=true
[2022.04.14-12.00.55:318][  0]LogSlate: InvalidateAllWidgets triggered.  All widgets were invalidated
[2022.04.14-12.00.55:322][  0]LogAudio: Display: Audio Device unregistered from world 'None'.
[2022.04.14-12.00.55:323][  0]LogUObjectHash: Compacting FUObjectHashTables data took   0.61ms
[2022.04.14-12.00.55:493][  0]LogAudio: Display: Audio Device (ID: 1) registered with world 'Minimal_Default'.
[2022.04.14-12.00.55:499][  0]LogAIModule: Creating AISystem for world Minimal_Default
[2022.04.14-12.00.55:502][  0]LogLoad: Game class is 'MyGameMode_C'
[2022.04.14-12.00.55:515][  0]LogWorld: Bringing World /Game/StarterContent/Maps/Minimal_Default.Minimal_Default up for play (max tick rate 0) at 2022.04.14-14.00.55
[2022.04.14-12.00.55:516][  0]LogWorld: Bringing up level for play took: 0.012231
[2022.04.14-12.00.55:517][  0]LogLoad: Took 0.200194 seconds to LoadMap(/Game/StarterContent/Maps/Minimal_Default)
[2022.04.14-12.00.55:826][  0]LogSlate: Took 0.000214 seconds to synchronously load lazily loaded font '../../../Engine/Content/Slate/Fonts/Roboto-Regular.ttf' (155K)
[2022.04.14-12.00.55:950][  0]LogRenderer: Reallocating scene render targets to support 1912x728 Format 10 NumSamples 1 (Frame:1).
[2022.04.14-12.00.55:950][  0]LogInit: Display: Engine is initialized. Leaving FEngineLoop::Init()
[2022.04.14-12.00.55:950][  0]LogLoad: (Engine Initialization) Total time: 5.56 seconds
[2022.04.14-12.00.55:950][  0]LogLoad: (Engine Initialization) Total Blueprint compile time: 0.00 seconds
[2022.04.14-12.00.55:953][  0]LogContentStreaming: Texture pool size now 1000 MB
[2022.04.14-12.00.56:018][  2]LogRenderer: Reallocating scene render targets to support 128x128 Format 10 NumSamples 1 (Frame:1).
[2022.04.14-12.00.56:050][  2]LogRenderer: Reallocating scene render targets to support 1912x728 Format 10 NumSamples 1 (Frame:2).
[2022.04.14-12.01.00:013][168]LogSlate: Window 'MyProject (64-bit Development PCD3D_SM5) ' being destroyed
[2022.04.14-12.01.00:013][168]LogWindowsTextInputMethodSystem: Display: IME system deactivated.
[2022.04.14-12.01.00:018][168]LogWindowsTextInputMethodSystem: Display: IME system deactivated.
[2022.04.14-12.01.00:019][168]LogSlate: Updating window title bar state: overlay mode, drag disabled, window buttons hidden, title bar hidden
[2022.04.14-12.01.00:019][168]LogEngine: All Windows Closed
[2022.04.14-12.01.00:019][168]LogWindows: FPlatformMisc::RequestExit(0)
[2022.04.14-12.01.00:019][168]LogWindows: FPlatformMisc::RequestExitWithStatus(0, 0)
[2022.04.14-12.01.00:019][168]LogCore: Engine exit requested (reason: Win RequestExit)
[2022.04.14-12.01.00:019][169]LogCore: Engine exit requested (reason: EngineExit() was called; note: exit was already requested)
[2022.04.14-12.01.00:019][169]LogInit: Display: PreExit Game.
[2022.04.14-12.01.00:030][169]LogWorld: BeginTearingDown for /Game/StarterContent/Maps/Minimal_Default
[2022.04.14-12.01.00:030][169]LogWorld: UWorld::CleanupWorld for Minimal_Default, bSessionEnded=true, bCleanupResources=true
[2022.04.14-12.01.00:031][169]LogSlate: InvalidateAllWidgets triggered.  All widgets were invalidated
[2022.04.14-12.01.00:047][169]LogAudio: Display: Beginning Audio Device Manager Shutdown (Module: AudioMixerXAudio2)...
[2022.04.14-12.01.00:048][169]LogAudio: Display: Destroying 1 Remaining Audio Device(s)...
[2022.04.14-12.01.00:048][169]LogAudio: Display: Audio Device unregistered from world 'Minimal_Default'.
[2022.04.14-12.01.00:070][169]LogAudioMixer: FMixerPlatformXAudio2::StopAudioStream() called
[2022.04.14-12.01.00:071][169]LogAudioMixer: FMixerPlatformXAudio2::StopAudioStream() called
[2022.04.14-12.01.00:073][169]LogAudio: Display: Audio Device Manager Shutdown
[2022.04.14-12.01.00:078][169]LogExit: Preparing to exit.
[2022.04.14-12.01.00:729][169]LogSlate: Updating window title bar state: overlay mode, drag disabled, window buttons hidden, title bar hidden
[2022.04.14-12.01.00:732][169]LogUObjectHash: Compacting FUObjectHashTables data took   0.90ms
[2022.04.14-12.01.00:759][169]LogMoviePlayer: Shutting down movie player
[2022.04.14-12.01.00:843][169]LogDemo: Cleaned up 0 splitscreen connections with owner deletion
[2022.04.14-12.01.00:846][169]LogExit: Game engine shut down
[2022.04.14-12.01.00:881][169]LogExit: Object subsystem successfully closed.
[2022.04.14-12.01.00:891][169]LogShaderCompilers: Display: === FShaderJobCache stats ===
[2022.04.14-12.01.00:891][169]LogShaderCompilers: Display: Total job queries 0, among them cache hits 0 (0.00%)
[2022.04.14-12.01.00:891][169]LogShaderCompilers: Display: Tracking 0 distinct input hashes that result in 0 distinct outputs (0.00%)
[2022.04.14-12.01.00:891][169]LogShaderCompilers: Display: RAM used: 0.00 MB (0.00 GB) of 819.20 MB (0.80 GB) budget. Usage: 0.00%
[2022.04.14-12.01.00:891][169]LogShaderCompilers: Display: ================================================
[2022.04.14-12.01.00:905][169]LogShaderCompilers: Display: Shaders left to compile 0
[2022.04.14-12.01.00:925][169]LogModuleManager: Shutting down and abandoning module SequenceRecorderSections (562)
[2022.04.14-12.01.00:925][169]LogModuleManager: Shutting down and abandoning module SequenceRecorder (560)
[2022.04.14-12.01.00:925][169]LogModuleManager: Shutting down and abandoning module AutomationController (558)
[2022.04.14-12.01.00:925][169]LogModuleManager: Shutting down and abandoning module AutomationWorker (556)
[2022.04.14-12.01.00:925][169]LogModuleManager: Shutting down and abandoning module Voice (554)
[2022.04.14-12.01.00:925][169]LogModuleManager: Shutting down and abandoning module AIModule (552)
[2022.04.14-12.01.00:925][169]LogModuleManager: Shutting down and abandoning module GameplayDebugger (551)
[2022.04.14-12.01.00:925][169]LogModuleManager: Shutting down and abandoning module AITestSuite (549)
[2022.04.14-12.01.00:925][169]LogModuleManager: Shutting down and abandoning module NavigationSystem (547)
[2022.04.14-12.01.00:925][169]LogModuleManager: Shutting down and abandoning module SteamVREditor (544)
[2022.04.14-12.01.00:925][169]LogModuleManager: Shutting down and abandoning module ToolMenus (543)
[2022.04.14-12.01.00:925][169]LogModuleManager: Shutting down and abandoning module OculusMR (540)
[2022.04.14-12.01.00:925][169]LogModuleManager: Shutting down and abandoning module OpenXRInput (538)
[2022.04.14-12.01.00:925][169]LogModuleManager: Shutting down and abandoning module TakeRecorderSources (536)
[2022.04.14-12.01.00:925][169]LogModuleManager: Shutting down and abandoning module TakeRecorder (535)
[2022.04.14-12.01.00:925][169]LogModuleManager: Shutting down and abandoning module TakeTrackRecorders (532)
[2022.04.14-12.01.00:925][169]LogModuleManager: Shutting down and abandoning module TakesCore (530)
[2022.04.14-12.01.00:925][169]LogModuleManager: Shutting down and abandoning module WebMMediaFactory (528)
[2022.04.14-12.01.00:925][169]LogModuleManager: Shutting down and abandoning module WebMMedia (526)
[2022.04.14-12.01.00:925][169]LogModuleManager: Shutting down and abandoning module WmfMediaFactory (524)
[2022.04.14-12.01.00:925][169]LogModuleManager: Shutting down and abandoning module OpenExrWrapper (522)
[2022.04.14-12.01.00:925][169]LogModuleManager: Shutting down and abandoning module ImgMediaFactory (520)
[2022.04.14-12.01.00:926][169]LogModuleManager: Shutting down and abandoning module AvfMediaFactory (518)
[2022.04.14-12.01.00:926][169]LogModuleManager: Shutting down and abandoning module MagicLeapMediaCodecFactory (516)
[2022.04.14-12.01.00:926][169]LogModuleManager: Shutting down and abandoning module MagicLeapMediaFactory (514)
[2022.04.14-12.01.00:926][169]LogModuleManager: Shutting down and abandoning module PlanarCut (512)
[2022.04.14-12.01.00:926][169]LogModuleManager: Shutting down and abandoning module CharacterAI (510)
[2022.04.14-12.01.00:926][169]LogModuleManager: Shutting down and abandoning module SessionServices (508)
[2022.04.14-12.01.00:926][169]LogModuleManager: Shutting down and abandoning module MovieSceneCapture (506)
[2022.04.14-12.01.00:926][169]LogModuleManager: Shutting down and abandoning module LiveCoding (504)
[2022.04.14-12.01.00:926][169]LogModuleManager: Shutting down and abandoning module LevelSequence (502)
[2022.04.14-12.01.00:926][169]LogModuleManager: Shutting down and abandoning module MovieSceneTracks (500)
[2022.04.14-12.01.00:926][169]LogModuleManager: Shutting down and abandoning module MovieScene (498)
[2022.04.14-12.01.00:926][169]LogModuleManager: Shutting down and abandoning module StreamingPauseRendering (496)
[2022.04.14-12.01.00:926][169]LogModuleManager: Shutting down and abandoning module PortalServices (494)
[2022.04.14-12.01.00:926][169]LogModuleManager: Shutting down and abandoning module PortalRpc (492)
[2022.04.14-12.01.00:926][169]LogModuleManager: Shutting down and abandoning module MessagingRpc (490)
[2022.04.14-12.01.00:926][169]LogModuleManager: Shutting down and abandoning module AudioMixerXAudio2 (488)
[2022.04.14-12.01.00:926][169]LogModuleManager: Shutting down and abandoning module AudioMixerCore (487)
[2022.04.14-12.01.00:926][169]LogModuleManager: Shutting down and abandoning module ImageWriteQueue (484)
[2022.04.14-12.01.00:928][169]LogModuleManager: Shutting down and abandoning module ProfilerService (482)
[2022.04.14-12.01.01:023][169]LogModuleManager: Shutting down and abandoning module TaskGraph (480)
[2022.04.14-12.01.01:023][169]LogModuleManager: Shutting down and abandoning module OculusInput (478)
[2022.04.14-12.01.01:023][169]LogModuleManager: Shutting down and abandoning module OodleNetworkHandlerComponent (476)
[2022.04.14-12.01.01:023][169]LogModuleManager: Shutting down and abandoning module Synthesis (474)
[2022.04.14-12.01.01:023][169]LogModuleManager: Shutting down and abandoning module ProceduralMeshComponent (472)
[2022.04.14-12.01.01:023][169]LogModuleManager: Shutting down and abandoning module OSC (470)
[2022.04.14-12.01.01:023][169]LogModuleManager: Shutting down and abandoning module MobilePatchingUtils (468)
[2022.04.14-12.01.01:023][169]LogModuleManager: Shutting down and abandoning module TakeMovieScene (466)
[2022.04.14-12.01.01:023][169]LogModuleManager: Shutting down and abandoning module GooglePAD (464)
[2022.04.14-12.01.01:023][169]LogModuleManager: Shutting down and abandoning module CustomMeshComponent (462)
[2022.04.14-12.01.01:023][169]LogModuleManager: Shutting down and abandoning module EditableMesh (460)
[2022.04.14-12.01.01:023][169]LogModuleManager: Shutting down and abandoning module CableComponent (458)
[2022.04.14-12.01.01:023][169]LogModuleManager: Shutting down and abandoning module AudioCapture (456)
[2022.04.14-12.01.01:023][169]LogModuleManager: Shutting down and abandoning module AudioCaptureRtAudio (455)
[2022.04.14-12.01.01:023][169]LogModuleManager: Shutting down and abandoning module AssetTags (452)
[2022.04.14-12.01.01:023][169]LogModuleManager: Shutting down and abandoning module ArchVisCharacter (450)
[2022.04.14-12.01.01:023][169]LogModuleManager: Shutting down and abandoning module AppleImageUtilsBlueprintSupport (448)
[2022.04.14-12.01.01:023][169]LogModuleManager: Shutting down and abandoning module AppleImageUtils (446)
[2022.04.14-12.01.01:023][169]LogModuleManager: Shutting down and abandoning module AndroidPermission (444)
[2022.04.14-12.01.01:023][169]LogModuleManager: Shutting down and abandoning module ActorLayerUtilities (442)
[2022.04.14-12.01.01:023][169]LogModuleManager: Shutting down and abandoning module TemplateSequence (440)
[2022.04.14-12.01.01:023][169]LogModuleManager: Shutting down and abandoning module MediaCompositing (438)
[2022.04.14-12.01.01:023][169]LogModuleManager: Shutting down and abandoning module ImgMedia (436)
[2022.04.14-12.01.01:024][169]LogModuleManager: Shutting down and abandoning module MagicLeapSharedWorld (434)
[2022.04.14-12.01.01:024][169]LogModuleManager: Shutting down and abandoning module MagicLeapLightEstimation (432)
[2022.04.14-12.01.01:024][169]LogModuleManager: Shutting down and abandoning module MagicLeapHelperVulkan (430)
[2022.04.14-12.01.01:024][169]LogModuleManager: Shutting down and abandoning module MagicLeapHelperOpenGL (428)
[2022.04.14-12.01.01:024][169]LogModuleManager: Shutting down and abandoning module MagicLeapAudio (426)
[2022.04.14-12.01.01:024][169]LogModuleManager: Shutting down and abandoning module OpenImageDenoise (424)
[2022.04.14-12.01.01:024][169]LogOpenImageDenoise: OIDN shutting down
[2022.04.14-12.01.01:024][169]LogModuleManager: Shutting down and abandoning module MotoSynth (422)
[2022.04.14-12.01.01:024][169]LogModuleManager: Shutting down and abandoning module MeshConversion (420)
[2022.04.14-12.01.01:024][169]LogModuleManager: Shutting down and abandoning module DynamicMesh (418)
[2022.04.14-12.01.01:024][169]LogModuleManager: Shutting down and abandoning module GeometryAlgorithms (416)
[2022.04.14-12.01.01:024][169]LogModuleManager: Shutting down and abandoning module GeometricObjects (414)
[2022.04.14-12.01.01:024][169]LogModuleManager: Shutting down and abandoning module GeometryCollectionTracks (412)
[2022.04.14-12.01.01:024][169]LogModuleManager: Shutting down and abandoning module GeometryCollectionSequencer (411)
[2022.04.14-12.01.01:024][169]LogModuleManager: Shutting down and abandoning module GeometryCacheTracks (408)
[2022.04.14-12.01.01:024][169]LogModuleManager: Shutting down and abandoning module GeometryCacheSequencer (407)
[2022.04.14-12.01.01:024][169]LogModuleManager: Shutting down and abandoning module GeometryCache (404)
[2022.04.14-12.01.01:024][169]LogModuleManager: Shutting down and abandoning module GeometryCacheEd (403)
[2022.04.14-12.01.01:024][169]LogModuleManager: Shutting down and abandoning module ChaosNiagara (400)
[2022.04.14-12.01.01:024][169]LogModuleManager: Shutting down and abandoning module FieldSystemEngine (399)
[2022.04.14-12.01.01:024][169]LogModuleManager: Shutting down and abandoning module BackChannel (396)
[2022.04.14-12.01.01:024][169]LogModuleManager: Shutting down and abandoning module AutomationUtils (394)
[2022.04.14-12.01.01:024][169]LogModuleManager: Shutting down and abandoning module VisualStudioSourceCodeAccess (392)
[2022.04.14-12.01.01:024][169]LogModuleManager: Shutting down and abandoning module HotReload (391)
[2022.04.14-12.01.01:024][169]LogModuleManager: Shutting down and abandoning module VisualStudioCodeSourceCodeAccess (388)
[2022.04.14-12.01.01:024][169]LogModuleManager: Shutting down and abandoning module UObjectPlugin (386)
[2022.04.14-12.01.01:024][169]LogModuleManager: Shutting down and abandoning module SubversionSourceControl (384)
[2022.04.14-12.01.01:024][169]LogModuleManager: Shutting down and abandoning module PerforceSourceControl (382)
[2022.04.14-12.01.01:024][169]LogModuleManager: Shutting down and abandoning module SourceControl (381)
[2022.04.14-12.01.01:024][169]LogModuleManager: Shutting down and abandoning module CLionSourceCodeAccess (378)
[2022.04.14-12.01.01:024][169]LogModuleManager: Shutting down and abandoning module LiveLinkSequencer (376)
[2022.04.14-12.01.01:024][169]LogModuleManager: Shutting down and abandoning module LiveLinkMovieScene (374)
[2022.04.14-12.01.01:024][169]LogModuleManager: Shutting down and abandoning module LiveLinkGraphNode (372)
[2022.04.14-12.01.01:024][169]LogModuleManager: Shutting down and abandoning module LiveLinkComponents (370)
[2022.04.14-12.01.01:024][169]LogModuleManager: Shutting down and abandoning module LiveLink (368)
[2022.04.14-12.01.01:761][169]LogModuleManager: Shutting down and abandoning module MyProject (366)
[2022.04.14-12.01.01:761][169]LogModuleManager: Shutting down and abandoning module RuntimePhysXCooking (364)
[2022.04.14-12.01.01:761][169]LogModuleManager: Shutting down and abandoning module SoundFields (362)
[2022.04.14-12.01.01:761][169]LogModuleManager: Shutting down and abandoning module SignificanceManager (360)
[2022.04.14-12.01.01:761][169]LogModuleManager: Shutting down and abandoning module PropertyAccessEditor (358)
[2022.04.14-12.01.01:761][169]LogModuleManager: Shutting down and abandoning module PhysXVehiclesEditor (356)
[2022.04.14-12.01.01:761][169]LogModuleManager: Shutting down and abandoning module LocationServicesBPLibrary (352)
[2022.04.14-12.01.01:761][169]LogModuleManager: Shutting down and abandoning module AudioSynesthesia (350)
[2022.04.14-12.01.01:761][169]LogModuleManager: Shutting down and abandoning module AudioSynesthesiaCore (348)
[2022.04.14-12.01.01:761][169]LogModuleManager: Shutting down and abandoning module ActorSequence (346)
[2022.04.14-12.01.01:761][169]LogModuleManager: Shutting down and abandoning module UdpMessaging (344)
[2022.04.14-12.01.01:862][169]LogModuleManager: Shutting down and abandoning module TcpMessaging (342)
[2022.04.14-12.01.01:963][169]LogModuleManager: Shutting down and abandoning module ImgMediaEngine (340)
[2022.04.14-12.01.01:963][169]LogModuleManager: Shutting down and abandoning module MagicLeapARPin (338)
[2022.04.14-12.01.01:963][169]LogModuleManager: Shutting down and abandoning module MagicLeapHandMeshing (336)
[2022.04.14-12.01.01:963][169]LogModuleManager: Shutting down and abandoning module MagicLeapSecureStorage (334)
[2022.04.14-12.01.01:963][169]LogModuleManager: Shutting down and abandoning module MagicLeapPrivileges (332)
[2022.04.14-12.01.01:963][169]LogModuleManager: Shutting down and abandoning module MagicLeapPlanes (330)
[2022.04.14-12.01.01:963][169]LogMagicLeapPlanes: Planes tracker already destroyed.
[2022.04.14-12.01.01:963][169]LogModuleManager: Shutting down and abandoning module MagicLeapImageTracker (328)
[2022.04.14-12.01.01:963][169]LogModuleManager: Shutting down and abandoning module MagicLeapIdentity (326)
[2022.04.14-12.01.01:963][169]LogModuleManager: Shutting down and abandoning module MagicLeapHandTracking (324)
[2022.04.14-12.01.01:963][169]LogModuleManager: Shutting down and abandoning module MagicLeapEyeTracker (322)
[2022.04.14-12.01.01:963][169]LogModuleManager: Shutting down and abandoning module MagicLeapController (320)
[2022.04.14-12.01.01:963][169]LogModuleManager: Shutting down and abandoning module MagicLeapARPinImpl (318)
[2022.04.14-12.01.01:963][169]LogModuleManager: Shutting down and abandoning module MagicLeapAR (316)
[2022.04.14-12.01.01:963][169]LogModuleManager: Shutting down and abandoning module PythonScriptPlugin (314)
[2022.04.14-12.01.01:963][169]LogModuleManager: Shutting down and abandoning module GameplayTagsEditor (312)
[2022.04.14-12.01.01:963][169]LogModuleManager: Shutting down and abandoning module FacialAnimation (310)
[2022.04.14-12.01.01:963][169]LogModuleManager: Shutting down and abandoning module AssetManagerEditor (308)
[2022.04.14-12.01.01:963][169]LogModuleManager: Shutting down and abandoning module TreeMap (307)
[2022.04.14-12.01.01:963][169]LogModuleManager: Shutting down and abandoning module NiagaraAnimNotifies (304)
[2022.04.14-12.01.01:963][169]LogModuleManager: Shutting down and abandoning module Niagara (302)
[2022.04.14-12.01.01:963][169]LogModuleManager: Shutting down and abandoning module SignalProcessing (301)
[2022.04.14-12.01.01:963][169]LogModuleManager: Shutting down and abandoning module NiagaraEditor (299)
[2022.04.14-12.01.01:963][169]LogModuleManager: Shutting down and abandoning module ContentBrowser (298)
[2022.04.14-12.01.01:963][169]LogModuleManager: Shutting down and abandoning module CollectionManager (297)
[2022.04.14-12.01.01:963][169]LogModuleManager: Shutting down and abandoning module DirectoryWatcher (296)
[2022.04.14-12.01.01:963][169]LogModuleManager: Shutting down and abandoning module ContentBrowserData (293)
[2022.04.14-12.01.01:963][169]LogModuleManager: Shutting down and abandoning module NiagaraCore (288)
[2022.04.14-12.01.01:963][169]LogModuleManager: Shutting down and abandoning module PropertyAccessNode (286)
[2022.04.14-12.01.01:963][169]LogModuleManager: Shutting down and abandoning module AnimationSharing (284)
[2022.04.14-12.01.01:963][169]LogModuleManager: Shutting down and abandoning module GameplayCameras (282)
[2022.04.14-12.01.01:963][169]LogModuleManager: Shutting down and abandoning module LightPropagationVolumeRuntime (280)
[2022.04.14-12.01.01:963][169]LogModuleManager: Shutting down and abandoning module EnvironmentQueryEditor (278)
[2022.04.14-12.01.01:963][169]LogModuleManager: Shutting down and abandoning module Paper2D (276)
[2022.04.14-12.01.01:964][169]LogModuleManager: Shutting down and abandoning module WindowsMoviePlayer (274)
[2022.04.14-12.01.01:964][169]LogModuleManager: Shutting down and abandoning module WebMMoviePlayer (272)
[2022.04.14-12.01.01:964][169]LogModuleManager: Shutting down and abandoning module NetworkReplayStreaming (270)
[2022.04.14-12.01.01:964][169]LogModuleManager: Shutting down and abandoning module PacketHandler (268)
[2022.04.14-12.01.01:964][169]LogModuleManager: Shutting down and abandoning module ClothingSystemEditor (266)
[2022.04.14-12.01.01:964][169]LogModuleManager: Shutting down and abandoning module ClothingSystemRuntimeNv (264)
[2022.04.14-12.01.01:964][169]LogModuleManager: Shutting down and abandoning module MediaAssets (262)
[2022.04.14-12.01.01:964][169]LogModuleManager: Shutting down and abandoning module Overlay (260)
[2022.04.14-12.01.01:964][169]LogModuleManager: Shutting down and abandoning module OverlayEditor (259)
[2022.04.14-12.01.01:964][169]LogModuleManager: Shutting down and abandoning module VREditor (256)
[2022.04.14-12.01.01:964][169]LogModuleManager: Shutting down and abandoning module StringTableEditor (254)
[2022.04.14-12.01.01:964][169]LogModuleManager: Shutting down and abandoning module GameplayTasksEditor (252)
[2022.04.14-12.01.01:964][169]LogModuleManager: Shutting down and abandoning module BehaviorTreeEditor (250)
[2022.04.14-12.01.01:964][169]LogModuleManager: Shutting down and abandoning module FunctionalTesting (248)
[2022.04.14-12.01.01:964][169]LogModuleManager: Shutting down and abandoning module CollisionAnalyzer (246)
[2022.04.14-12.01.01:964][169]LogModuleManager: Shutting down and abandoning module WorkspaceMenuStructure (245)
[2022.04.14-12.01.01:964][169]LogModuleManager: Shutting down and abandoning module UMG (242)
[2022.04.14-12.01.01:964][169]LogModuleManager: Shutting down and abandoning module UMGEditor (241)
[2022.04.14-12.01.01:964][169]LogModuleManager: Shutting down and abandoning module Sequencer (240)
[2022.04.14-12.01.01:964][169]LogModuleManager: Shutting down and abandoning module MessageLog (237)
[2022.04.14-12.01.01:964][169]LogModuleManager: Shutting down and abandoning module SlateReflector (232)
[2022.04.14-12.01.01:964][169]LogModuleManager: Shutting down and abandoning module Slate (230)
[2022.04.14-12.01.01:964][169]LogModuleManager: Shutting down and abandoning module SlateCore (228)
[2022.04.14-12.01.01:965][169]LogModuleManager: Shutting down and abandoning module LandscapeEditorUtilities (226)
[2022.04.14-12.01.01:965][169]LogModuleManager: Shutting down and abandoning module UnrealEd (224)
[2022.04.14-12.01.01:965][169]LogModuleManager: Shutting down and abandoning module MRMesh (222)
[2022.04.14-12.01.01:965][169]LogModuleManager: Shutting down and abandoning module Messaging (220)
[2022.04.14-12.01.01:965][169]LogModuleManager: Shutting down and abandoning module SourceCodeAccess (218)
[2022.04.14-12.01.01:965][169]LogModuleManager: Shutting down and abandoning module HeadMountedDisplay (216)
[2022.04.14-12.01.01:965][169]LogModuleManager: Shutting down and abandoning module XAudio2 (214)
[2022.04.14-12.01.01:965][169]LogModuleManager: Shutting down and abandoning module Networking (212)
[2022.04.14-12.01.01:965][169]LogModuleManager: Shutting down and abandoning module Core (210)
[2022.04.14-12.01.01:965][169]LogModuleManager: Shutting down and abandoning module MaterialEditor (208)
[2022.04.14-12.01.01:965][169]LogModuleManager: Shutting down and abandoning module MovieSceneTools (206)
[2022.04.14-12.01.01:965][169]LogModuleManager: Shutting down and abandoning module EditorStyle (205)
[2022.04.14-12.01.01:966][169]LogModuleManager: Shutting down and abandoning module KismetCompiler (202)
[2022.04.14-12.01.01:966][169]LogModuleManager: Shutting down and abandoning module MeshBuilder (200)
[2022.04.14-12.01.01:966][169]LogModuleManager: Shutting down and abandoning module MeshUtilities (198)
[2022.04.14-12.01.01:966][169]LogModuleManager: Shutting down and abandoning module MeshMergeUtilities (197)
[2022.04.14-12.01.01:966][169]LogModuleManager: Shutting down and abandoning module MeshReductionInterface (196)
[2022.04.14-12.01.01:966][169]LogModuleManager: Shutting down and abandoning module MeshBoneReduction (195)
[2022.04.14-12.01.01:966][169]LogModuleManager: Shutting down and abandoning module SkeletalMeshReduction (193)
[2022.04.14-12.01.01:966][169]LogModuleManager: Shutting down and abandoning module ProxyLODMeshReduction (191)
[2022.04.14-12.01.01:966][169]LogModuleManager: Shutting down and abandoning module QuadricMeshReduction (189)
[2022.04.14-12.01.01:966][169]LogModuleManager: Shutting down and abandoning module MaterialBaking (185)
[2022.04.14-12.01.01:966][169]LogModuleManager: Shutting down and abandoning module NullInstallBundleManager (180)
[2022.04.14-12.01.01:966][169]LogModuleManager: Shutting down and abandoning module PIEPreviewDeviceProfileSelector (178)
[2022.04.14-12.01.01:966][169]LogModuleManager: Shutting down and abandoning module DerivedDataCache (176)
[2022.04.14-12.01.01:966][169]LogModuleManager: Shutting down and abandoning module TargetPlatform (174)
[2022.04.14-12.01.01:966][169]LogModuleManager: Shutting down and abandoning module VulkanShaderFormat (173)
[2022.04.14-12.01.01:966][169]LogModuleManager: Shutting down and abandoning module ShaderFormatVectorVM (171)
[2022.04.14-12.01.01:966][169]LogModuleManager: Shutting down and abandoning module ShaderFormatOpenGL (169)
[2022.04.14-12.01.01:966][169]LogModuleManager: Shutting down and abandoning module ShaderFormatD3D (167)
[2022.04.14-12.01.01:966][169]LogModuleManager: Shutting down and abandoning module MetalShaderFormat (165)
[2022.04.14-12.01.01:966][169]LogModuleManager: Shutting down and abandoning module TextureFormatOodle (163)
[2022.04.14-12.01.01:966][169]LogModuleManager: Shutting down and abandoning module TextureFormatUncompressed (161)
[2022.04.14-12.01.01:966][169]LogModuleManager: Shutting down and abandoning module TextureFormatPVR (159)
[2022.04.14-12.01.01:966][169]LogModuleManager: Shutting down and abandoning module TextureFormatETC2 (157)
[2022.04.14-12.01.01:966][169]LogModuleManager: Shutting down and abandoning module TextureFormatDXT (155)
[2022.04.14-12.01.01:966][169]LogModuleManager: Shutting down and abandoning module TextureFormatIntelISPCTexComp (153)
[2022.04.14-12.01.01:966][169]LogModuleManager: Shutting down and abandoning module TextureFormatASTC (151)
[2022.04.14-12.01.01:966][169]LogModuleManager: Shutting down and abandoning module ImageWrapper (150)
[2022.04.14-12.01.01:966][169]LogModuleManager: Shutting down and abandoning module AudioFormatOpus (147)
[2022.04.14-12.01.01:966][169]LogModuleManager: Shutting down and abandoning module AudioFormatOgg (145)
[2022.04.14-12.01.01:966][169]LogModuleManager: Shutting down and abandoning module AudioFormatADPCM (143)
[2022.04.14-12.01.01:966][169]LogModuleManager: Shutting down and abandoning module WindowsServerTargetPlatform (141)
[2022.04.14-12.01.01:966][169]LogModuleManager: Shutting down and abandoning module WindowsClientTargetPlatform (139)
[2022.04.14-12.01.01:966][169]LogModuleManager: Shutting down and abandoning module WindowsTargetPlatform (137)
[2022.04.14-12.01.01:966][169]LogModuleManager: Shutting down and abandoning module WindowsNoEditorTargetPlatform (135)
[2022.04.14-12.01.01:966][169]LogModuleManager: Shutting down and abandoning module D3D11RHI (132)
[2022.04.14-12.01.01:966][169]LogModuleManager: Shutting down and abandoning module InputCore (130)
[2022.04.14-12.01.01:966][169]LogModuleManager: Shutting down and abandoning module Settings (128)
[2022.04.14-12.01.01:966][169]LogModuleManager: Shutting down and abandoning module PhysXCooking (126)
[2022.04.14-12.01.01:966][169]LogModuleManager: Shutting down and abandoning module Chaos (124)
[2022.04.14-12.01.01:966][169]LogModuleManager: Shutting down and abandoning module WindowsPlatformFeatures (122)
[2022.04.14-12.01.01:966][169]LogModuleManager: Shutting down and abandoning module GameplayMediaEncoder (121)
[2022.04.14-12.01.01:966][169]LogModuleManager: Shutting down and abandoning module AVEncoder (120)
[2022.04.14-12.01.01:966][169]LogModuleManager: Shutting down and abandoning module SteamVRInputDevice (116)
[2022.04.14-12.01.01:966][169]LogModuleManager: Shutting down and abandoning module SteamVRInput (114)
[2022.04.14-12.01.01:966][169]LogModuleManager: Shutting down and abandoning module SteamVR (112)
[2022.04.14-12.01.01:966][169]LogHMD: Freeing OpenVRDLLHandle.
[2022.04.14-12.01.01:966][169]LogModuleManager: Shutting down and abandoning module OculusHMD (110)
[2022.04.14-12.01.01:966][169]LogModuleManager: Shutting down and abandoning module OpenXRAR (108)
[2022.04.14-12.01.01:966][169]LogModuleManager: Shutting down and abandoning module AugmentedReality (107)
[2022.04.14-12.01.01:966][169]LogModuleManager: Shutting down and abandoning module OpenXRHandTracking (104)
[2022.04.14-12.01.01:966][169]LogSlate: Slate User Destroyed.  User Index 0, Is Virtual User: 0
[2022.04.14-12.01.01:966][169]LogModuleManager: Shutting down and abandoning module OpenXRHMD (103)
[2022.04.14-12.01.01:966][169]LogModuleManager: Shutting down and abandoning module OpenXREyeTracker (100)
[2022.04.14-12.01.01:967][169]LogModuleManager: Shutting down and abandoning module ExampleDeviceProfileSelector (98)
[2022.04.14-12.01.01:967][169]LogModuleManager: Shutting down and abandoning module ChunkDownloader (96)
[2022.04.14-12.01.01:967][169]LogModuleManager: Shutting down and abandoning module OnlineBlueprintSupport (94)
[2022.04.14-12.01.01:967][169]LogModuleManager: Shutting down and abandoning module OnlineSubsystem (90)
[2022.04.14-12.01.01:967][169]LogModuleManager: Shutting down and abandoning module XMPP (85)
[2022.04.14-12.01.01:967][169]LogModuleManager: Shutting down and abandoning module WebSockets (84)
[2022.04.14-12.01.01:998][169]LogModuleManager: Shutting down and abandoning module HTTP (81)
[2022.04.14-12.01.01:998][169]LogHttp: Display: cleaning up 0 outstanding Http requests.
[2022.04.14-12.01.02:012][169]LogModuleManager: Shutting down and abandoning module SSL (80)
[2022.04.14-12.01.02:013][169]LogModuleManager: Shutting down and abandoning module LauncherChunkInstaller (76)
[2022.04.14-12.01.02:013][169]LogModuleManager: Shutting down and abandoning module WmfMedia (74)
[2022.04.14-12.01.02:014][169]LogModuleManager: Shutting down and abandoning module Media (73)
[2022.04.14-12.01.02:014][169]LogModuleManager: Shutting down and abandoning module MediaInfo (72)
[2022.04.14-12.01.02:014][169]LogModuleManager: Shutting down and abandoning module ExrReaderGpu (68)
[2022.04.14-12.01.02:014][169]LogModuleManager: Shutting down and abandoning module MLSDK (66)
[2022.04.14-12.01.02:014][169]LogModuleManager: Shutting down and abandoning module MagicLeap (64)
[2022.04.14-12.01.02:014][169]LogModuleManager: Shutting down and abandoning module PixWinPlugin (62)
[2022.04.14-12.01.02:014][169]LogModuleManager: Shutting down and abandoning module ChaosCloth (60)
[2022.04.14-12.01.02:014][169]LogModuleManager: Shutting down and abandoning module NiagaraVertexFactories (58)
[2022.04.14-12.01.02:014][169]LogModuleManager: Shutting down and abandoning module NiagaraShader (56)
[2022.04.14-12.01.02:014][169]LogModuleManager: Shutting down and abandoning module VariantManagerContent (54)
[2022.04.14-12.01.02:014][169]LogModuleManager: Shutting down and abandoning module DatasmithContent (52)
[2022.04.14-12.01.02:015][169]LogModuleManager: Shutting down and abandoning module AISupportModule (50)
[2022.04.14-12.01.02:015][169]LogModuleManager: Shutting down and abandoning module DesktopPlatform (48)
[2022.04.14-12.01.02:015][169]LogModuleManager: Shutting down and abandoning module OodleDataCompressionFormat (46)
[2022.04.14-12.01.02:015][169]LogModuleManager: Shutting down and abandoning module PythonScriptPluginPreload (44)
[2022.04.14-12.01.02:015][169]LogModuleManager: Shutting down and abandoning module PlatformCryptoOpenSSL (42)
[2022.04.14-12.01.02:015][169]LogModuleManager: Shutting down and abandoning module PlatformCryptoTypes (40)
[2022.04.14-12.01.02:015][169]LogModuleManager: Shutting down and abandoning module PlatformCrypto (38)
[2022.04.14-12.01.02:015][169]LogModuleManager: Shutting down and abandoning module XGEController (36)
[2022.04.14-12.01.02:015][169]LogModuleManager: Shutting down and abandoning module AnimationModifiers (34)
[2022.04.14-12.01.02:015][169]LogModuleManager: Shutting down and abandoning module AudioEditor (32)
[2022.04.14-12.01.02:015][169]LogModuleManager: Shutting down and abandoning module PropertyEditor (31)
[2022.04.14-12.01.02:015][169]LogModuleManager: Shutting down and abandoning module TextureCompressor (28)
[2022.04.14-12.01.02:015][169]LogModuleManager: Shutting down and abandoning module RenderCore (26)
[2022.04.14-12.01.02:015][169]LogModuleManager: Shutting down and abandoning module Landscape (24)
[2022.04.14-12.01.02:015][169]LogModuleManager: Shutting down and abandoning module SlateRHIRenderer (22)
[2022.04.14-12.01.02:015][169]LogModuleManager: Shutting down and abandoning module AnimGraphRuntime (20)
[2022.04.14-12.01.02:015][169]LogModuleManager: Shutting down and abandoning module Renderer (18)
[2022.04.14-12.01.02:015][169]LogModuleManager: Shutting down and abandoning module Engine (16)
[2022.04.14-12.01.02:015][169]LogModuleManager: Shutting down and abandoning module CoreUObject (14)
[2022.04.14-12.01.02:015][169]LogModuleManager: Shutting down and abandoning module NetworkFile (12)
[2022.04.14-12.01.02:015][169]LogModuleManager: Shutting down and abandoning module CookedIterativeFile (10)
[2022.04.14-12.01.02:015][169]LogModuleManager: Shutting down and abandoning module StreamingFile (8)
[2022.04.14-12.01.02:015][169]LogModuleManager: Shutting down and abandoning module SandboxFile (6)
[2022.04.14-12.01.02:015][169]LogModuleManager: Shutting down and abandoning module PakFile (4)
[2022.04.14-12.01.02:015][169]LogModuleManager: Shutting down and abandoning module RSA (3)
[2022.04.14-12.01.02:097][169]LogContentStreaming: Display: There are 1 unreleased StreamingManagers
[2022.04.14-12.01.02:106][169]LogD3D11RHI: Shutdown
[2022.04.14-12.01.02:106][169]LogD3D11RHI: CleanupD3DDevice
[2022.04.14-12.01.02:107][169]LogExit: Exiting.
[2022.04.14-12.01.02:116][169]Log file closed, 04/14/22 14:01:02
