Log file open, 04/29/22 13:39:25
LogWindows: Failed to load 'aqProf.dll' (GetLastError=126)
LogWindows: File 'aqProf.dll' does not exist
LogWindows: Failed to load 'VtuneApi.dll' (GetLastError=126)
LogWindows: File 'VtuneApi.dll' does not exist
LogWindows: Failed to load 'VtuneApi32e.dll' (GetLastError=126)
LogWindows: File 'VtuneApi32e.dll' does not exist
LogConsoleResponse: Display: Failed to find resolution value strings in scalability ini. Falling back to default.
LogConsoleResponse: Display: Failed to find resolution value strings in scalability ini. Falling back to default.
LogInit: Display: Running engine for game: MyProject
LogPlatformFile: Not using cached read wrapper
LogTaskGraph: Started task graph with 5 named threads and 35 total threads with 3 sets of task threads.
LogStats: Stats thread started at 0.341068
LogICUInternationalization: ICU TimeZone Detection - Raw Offset: +1:00, Platform Override: ''
LogInit: Display: Loading text-based GConfig....
LogPluginManager: Mounting plugin MeshPainting
LogPluginManager: Mounting plugin XGEController
LogPluginManager: Mounting plugin Paper2D
LogPluginManager: Mounting plugin LiveLink
LogPluginManager: Mounting plugin AISupport
LogPluginManager: Mounting plugin EnvironmentQueryEditor
LogPluginManager: Mounting plugin OodleData
LogPluginManager: Mounting plugin CLionSourceCodeAccess
LogPluginManager: Mounting plugin GitSourceControl
LogPluginManager: Mounting plugin NullSourceCodeAccess
LogPluginManager: Mounting plugin KDevelopSourceCodeAccess
LogPluginManager: Mounting plugin CodeLiteSourceCodeAccess
LogPluginManager: Mounting plugin AnimationSharing
LogPluginManager: Mounting plugin OodleNetwork
LogPluginManager: Mounting plugin PerforceSourceControl
LogPluginManager: Mounting plugin LightPropagationVolume
LogPluginManager: Mounting plugin PixWinPlugin
LogPluginManager: Mounting plugin PropertyAccessNode
LogPluginManager: Mounting plugin PluginUtils
LogPluginManager: Mounting plugin PlasticSourceControl
LogPluginManager: Mounting plugin RiderSourceCodeAccess
LogPluginManager: Mounting plugin SubversionSourceControl
LogPluginManager: Mounting plugin AssetManagerEditor
LogPluginManager: Mounting plugin TextureFormatOodle
LogPluginManager: Mounting plugin UObjectPlugin
LogPluginManager: Mounting plugin VisualStudioSourceCodeAccess
LogPluginManager: Mounting plugin VisualStudioCodeSourceCodeAccess
LogPluginManager: Mounting plugin CurveEditorTools
LogPluginManager: Mounting plugin DataValidation
LogPluginManager: Mounting plugin CryptoKeys
LogPluginManager: Mounting plugin FacialAnimation
LogPluginManager: Mounting plugin GameplayTagsEditor
LogPluginManager: Mounting plugin GeometryMode
LogPluginManager: Mounting plugin MacGraphicsSwitching
LogPluginManager: Mounting plugin MaterialAnalyzer
LogPluginManager: Mounting plugin MobileLauncherProfileWizard
LogPluginManager: Mounting plugin PluginBrowser
LogPluginManager: Mounting plugin SpeedTreeImporter
LogPluginManager: Mounting plugin DatasmithContent
LogPluginManager: Mounting plugin VariantManagerContent
LogPluginManager: Mounting plugin Niagara
LogPluginManager: Mounting plugin XCodeSourceCodeAccess
LogPluginManager: Mounting plugin LuminPlatformFeatures
LogPluginManager: Mounting plugin MagicLeap
LogPluginManager: Mounting plugin MagicLeapLightEstimation
LogPluginManager: Mounting plugin MagicLeapMedia
LogPluginManager: Mounting plugin MagicLeapPassableWorld
LogPluginManager: Mounting plugin MLSDK
LogPluginManager: Mounting plugin AlembicImporter
LogPluginManager: Mounting plugin BackChannel
LogPluginManager: Mounting plugin AutomationUtils
LogPluginManager: Mounting plugin ChaosCloth
LogPluginManager: Mounting plugin ChaosClothEditor
LogPluginManager: Mounting plugin ChaosEditor
LogPluginManager: Mounting plugin ChaosSolverPlugin
LogPluginManager: Mounting plugin ChaosNiagara
LogPluginManager: Mounting plugin CharacterAI
LogPluginManager: Mounting plugin GeometryCache
LogPluginManager: Mounting plugin ActorSequence
LogPluginManager: Mounting plugin GeometryCollectionPlugin
LogPluginManager: Mounting plugin LevelSequenceEditor
LogPluginManager: Mounting plugin MatineeToLevelSequence
LogPluginManager: Mounting plugin TemplateSequence
LogPluginManager: Mounting plugin AndroidMedia
LogPluginManager: Mounting plugin AvfMedia
LogPluginManager: Mounting plugin ImgMedia
LogPluginManager: Mounting plugin MediaCompositing
LogPluginManager: Mounting plugin UdpMessaging
LogPluginManager: Mounting plugin WebMMedia
LogPluginManager: Mounting plugin MediaPlayerEditor
LogPluginManager: Mounting plugin WmfMedia
LogPluginManager: Mounting plugin GeometryProcessing
LogPluginManager: Mounting plugin MotoSynth
LogPluginManager: Mounting plugin OpenImageDenoise
LogPluginManager: Mounting plugin PlanarCut
LogPluginManager: Mounting plugin PlatformCrypto
LogPluginManager: Mounting plugin TcpMessaging
LogPluginManager: Mounting plugin ProxyLODPlugin
LogPluginManager: Mounting plugin PythonScriptPlugin
LogPluginManager: Mounting plugin LauncherChunkInstaller
LogPluginManager: Mounting plugin SkeletalReduction
LogPluginManager: Mounting plugin OnlineSubsystem
LogPluginManager: Mounting plugin OnlineSubsystemNull
LogPluginManager: Mounting plugin OnlineSubsystemUtils
LogPluginManager: Mounting plugin ActorLayerUtilities
LogPluginManager: Mounting plugin AndroidMoviePlayer
LogPluginManager: Mounting plugin AndroidPermission
LogPluginManager: Mounting plugin AndroidDeviceProfileSelector
LogPluginManager: Mounting plugin AppleImageUtils
LogPluginManager: Mounting plugin AppleMoviePlayer
LogPluginManager: Mounting plugin ArchVisCharacter
LogPluginManager: Mounting plugin AssetTags
LogPluginManager: Mounting plugin AudioCapture
LogPluginManager: Mounting plugin AudioSynesthesia
LogPluginManager: Mounting plugin CableComponent
LogPluginManager: Mounting plugin ChunkDownloader
LogPluginManager: Mounting plugin CustomMeshComponent
LogPluginManager: Mounting plugin EditableMesh
LogPluginManager: Mounting plugin ExampleDeviceProfileSelector
LogPluginManager: Mounting plugin GoogleCloudMessaging
LogPluginManager: Mounting plugin GooglePAD
LogPluginManager: Mounting plugin ScreenshotTools
LogPluginManager: Mounting plugin IOSDeviceProfileSelector
LogPluginManager: Mounting plugin LinuxDeviceProfileSelector
LogPluginManager: Mounting plugin LocationServicesBPLibrary
LogPluginManager: Mounting plugin MobilePatchingUtils
LogPluginManager: Mounting plugin OpenXR
LogPluginManager: Mounting plugin OpenXREyeTracker
LogPluginManager: Mounting plugin OpenXRHandTracking
LogPluginManager: Mounting plugin OSC
LogPluginManager: Mounting plugin PhysXVehicles
LogPluginManager: Mounting plugin PostSplashScreen
LogPluginManager: Mounting plugin ProceduralMeshComponent
LogPluginManager: Mounting plugin PropertyAccessEditor
LogPluginManager: Mounting plugin RuntimePhysXCooking
LogPluginManager: Mounting plugin SignificanceManager
LogPluginManager: Mounting plugin SoundFields
LogPluginManager: Mounting plugin Synthesis
LogPluginManager: Mounting plugin WebMMoviePlayer
LogPluginManager: Mounting plugin WindowsMoviePlayer
LogPluginManager: Mounting plugin Takes
LogPluginManager: Mounting plugin CameraShakePreviewer
LogPluginManager: Mounting plugin GameplayCameras
LogPluginManager: Mounting plugin ContentBrowserAssetDataSource
LogPluginManager: Mounting plugin ContentBrowserClassDataSource
LogPluginManager: Mounting plugin ContentBrowserFileDataSource
LogPluginManager: Mounting plugin OnlineSubsystemGooglePlay
LogPluginManager: Mounting plugin OnlineSubsystemIOS
LogPluginManager: Mounting plugin OculusVR
LogPluginManager: Mounting plugin SteamVR
PixWinPlugin: PIX capture plugin failed to initialize! Check that the process is launched from PIX.
LogInit: Using libcurl 7.55.1-DEV
LogInit:  - built for x86_64-pc-win32
LogInit:  - supports SSL with OpenSSL/1.1.1
LogInit:  - supports HTTP deflate (compression) using libz 1.2.8
LogInit:  - other features:
LogInit:      CURL_VERSION_SSL
LogInit:      CURL_VERSION_LIBZ
LogInit:      CURL_VERSION_IPV6
LogInit:      CURL_VERSION_ASYNCHDNS
LogInit:      CURL_VERSION_LARGEFILE
LogInit:      CURL_VERSION_IDN
LogInit:  CurlRequestOptions (configurable via config and command line):
LogInit:  - bVerifyPeer = true  - Libcurl will verify peer certificate
LogInit:  - bUseHttpProxy = false  - Libcurl will NOT use HTTP proxy
LogInit:  - bDontReuseConnections = false  - Libcurl will reuse connections
LogInit:  - MaxHostConnections = 16  - Libcurl will limit the number of connections to a host
LogInit:  - LocalHostAddr = Default
LogInit:  - BufferSize = 65536
LogOnline: OSS: Creating online subsystem instance for: NULL
LogInit: WinSock: version 1.1 (2.2), MaxSocks=32767, MaxUdp=65467
LogOnline: OSS: TryLoadSubsystemAndSetDefault: Loaded subsystem for module [NULL]
LogOculusPluginWrapper: OculusPlugin initialized successfully
LogHMD: Failed initializing OVRPlugin 1.59.0
LogInit: Build: ++UE4+Release-4.27-CL-18319896
LogInit: Engine Version: 4.27.2-18319896+++UE4+Release-4.27
LogInit: Compatible Engine Version: 4.27.0-17155196+++UE4+Release-4.27
LogInit: Net CL: 17155196
LogInit: OS: Windows 10 (Release 2009) (), CPU: Intel(R) Core(TM) i7-8700 CPU @ 3.20GHz, GPU: NVIDIA GeForce RTX 2060
LogInit: Compiled (64-bit): Nov 30 2021 07:12:08
LogInit: Compiled with Visual C++: 19.24.28315.00
LogInit: Build Configuration: Development
LogInit: Branch Name: ++UE4+Release-4.27
LogInit: Command Line:  /Game/StarterContent/Maps/Minimal_Default -game -PIEVIACONSOLE -Multiprocess GameUserSettingsINI=C:/Users/peddr489/Documents/GitHub/Exjobb/MyProject/Saved/Config/Windows/PIEGameUserSettings0.ini -MultiprocessSaveConfig -forcepassthrough -messaging -SessionName="Play in Standalone Game" -windowed -WinX=3840 -WinY=24 SAVEWINPOS=1 -ResX=1910 -ResY=726
LogInit: Base Directory: C:/Program Files/Epic Games/UE_4.27/Engine/Binaries/Win64/
LogInit: Allocator: TBB
LogInit: Installed Engine Build: 1
LogDevObjectVersion: Number of dev versions registered: 29
LogDevObjectVersion:   Dev-Blueprints (B0D832E4-1F89-4F0D-ACCF-7EB736FD4AA2): 10
LogDevObjectVersion:   Dev-Build (E1C64328-A22C-4D53-A36C-8E866417BD8C): 0
LogDevObjectVersion:   Dev-Core (375EC13C-06E4-48FB-B500-84F0262A717E): 4
LogDevObjectVersion:   Dev-Editor (E4B068ED-F494-42E9-A231-DA0B2E46BB41): 40
LogDevObjectVersion:   Dev-Framework (CFFC743F-43B0-4480-9391-14DF171D2073): 37
LogDevObjectVersion:   Dev-Mobile (B02B49B5-BB20-44E9-A304-32B752E40360): 3
LogDevObjectVersion:   Dev-Networking (A4E4105C-59A1-49B5-A7C5-40C4547EDFEE): 0
LogDevObjectVersion:   Dev-Online (39C831C9-5AE6-47DC-9A44-9C173E1C8E7C): 0
LogDevObjectVersion:   Dev-Physics (78F01B33-EBEA-4F98-B9B4-84EACCB95AA2): 14
LogDevObjectVersion:   Dev-Platform (6631380F-2D4D-43E0-8009-CF276956A95A): 0
LogDevObjectVersion:   Dev-Rendering (12F88B9F-8875-4AFC-A67C-D90C383ABD29): 45
LogDevObjectVersion:   Dev-Sequencer (7B5AE74C-D270-4C10-A958-57980B212A5A): 13
LogDevObjectVersion:   Dev-VR (D7296918-1DD6-4BDD-9DE2-64A83CC13884): 3
LogDevObjectVersion:   Dev-LoadTimes (C2A15278-BFE7-4AFE-6C17-90FF531DF755): 1
LogDevObjectVersion:   Private-Geometry (6EACA3D4-40EC-4CC1-B786-8BED09428FC5): 3
LogDevObjectVersion:   Dev-AnimPhys (29E575DD-E0A3-4627-9D10-D276232CDCEA): 17
LogDevObjectVersion:   Dev-Anim (AF43A65D-7FD3-4947-9873-3E8ED9C1BB05): 15
LogDevObjectVersion:   Dev-ReflectionCapture (6B266CEC-1EC7-4B8F-A30B-E4D90942FC07): 1
LogDevObjectVersion:   Dev-Automation (0DF73D61-A23F-47EA-B727-89E90C41499A): 1
LogDevObjectVersion:   FortniteMain (601D1886-AC64-4F84-AA16-D3DE0DEAC7D6): 47
LogDevObjectVersion:   FortniteRelease (E7086368-6B23-4C58-8439-1B7016265E91): 1
LogDevObjectVersion:   Dev-Enterprise (9DFFBCD6-494F-0158-E221-12823C92A888): 10
LogDevObjectVersion:   Dev-Niagara (F2AED0AC-9AFE-416F-8664-AA7FFA26D6FC): 1
LogDevObjectVersion:   Dev-Destruction (174F1F0B-B4C6-45A5-B13F-2EE8D0FB917D): 10
LogDevObjectVersion:   Dev-Physics-Ext (35F94A83-E258-406C-A318-09F59610247C): 41
LogDevObjectVersion:   Dev-PhysicsMaterial-Chaos (B68FC16E-8B1B-42E2-B453-215C058844FE): 1
LogDevObjectVersion:   Dev-CineCamera (B2E18506-4273-CFC2-A54E-F4BB758BBA07): 1
LogDevObjectVersion:   Dev-VirtualProduction (64F58936-FD1B-42BA-BA96-7289D5D0FA4E): 1
LogDevObjectVersion:   Dev-MediaFramework (6F0ED827-A609-4895-9C91-998D90180EA4): 2
LogInit: Presizing for max 25165824 objects, including 0 objects not considered by GC, pre-allocating 0 bytes for permanent pool.
LogConfig: Applying CVar settings from Section [/Script/Engine.StreamingSettings] File [C:/Users/peddr489/Documents/GitHub/Exjobb/MyProject/Saved/Config/Windows/Engine.ini]
LogConfig: Setting CVar [[s.MinBulkDataSizeForAsyncLoading:131072]]
LogConfig: Setting CVar [[s.AsyncLoadingThreadEnabled:0]]
LogConfig: Setting CVar [[s.EventDrivenLoaderEnabled:1]]
LogConfig: Setting CVar [[s.WarnIfTimeLimitExceeded:0]]
LogConfig: Setting CVar [[s.TimeLimitExceededMultiplier:1.5]]
LogConfig: Setting CVar [[s.TimeLimitExceededMinTime:0.005]]
LogConfig: Setting CVar [[s.UseBackgroundLevelStreaming:1]]
LogConfig: Setting CVar [[s.PriorityAsyncLoadingExtraTime:15.0]]
LogConfig: Setting CVar [[s.LevelStreamingActorsUpdateTimeLimit:5.0]]
LogConfig: Setting CVar [[s.PriorityLevelStreamingActorsUpdateExtraTime:5.0]]
LogConfig: Setting CVar [[s.LevelStreamingComponentsRegistrationGranularity:10]]
LogConfig: Setting CVar [[s.UnregisterComponentsTimeLimit:1.0]]
LogConfig: Setting CVar [[s.LevelStreamingComponentsUnregistrationGranularity:5]]
LogConfig: Setting CVar [[s.FlushStreamingOnExit:1]]
LogInit: Object subsystem initialized
LogConfig: Setting CVar [[con.DebugEarlyDefault:1]]
LogConfig: Setting CVar [[r.setres:1280x720]]
[2022.04.29-11.39.26:982][  0]LogConfig: Setting CVar [[con.DebugEarlyDefault:1]]
[2022.04.29-11.39.26:982][  0]LogConfig: Setting CVar [[r.setres:1280x720]]
[2022.04.29-11.39.26:982][  0]LogConfig: Applying CVar settings from Section [/Script/Engine.RendererSettings] File [C:/Users/peddr489/Documents/GitHub/Exjobb/MyProject/Saved/Config/Windows/Engine.ini]
[2022.04.29-11.39.26:982][  0]LogConfig: Setting CVar [[r.GPUCrashDebugging:0]]
[2022.04.29-11.39.26:982][  0]LogConfig: Applying CVar settings from Section [/Script/Engine.RendererOverrideSettings] File [C:/Users/peddr489/Documents/GitHub/Exjobb/MyProject/Saved/Config/Windows/Engine.ini]
[2022.04.29-11.39.26:982][  0]LogConfig: Applying CVar settings from Section [/Script/Engine.StreamingSettings] File [C:/Users/peddr489/Documents/GitHub/Exjobb/MyProject/Saved/Config/Windows/Engine.ini]
[2022.04.29-11.39.26:982][  0]LogConfig: Setting CVar [[s.MinBulkDataSizeForAsyncLoading:131072]]
[2022.04.29-11.39.26:982][  0]LogConfig: Setting CVar [[s.AsyncLoadingThreadEnabled:0]]
[2022.04.29-11.39.26:982][  0]LogConfig: Setting CVar [[s.EventDrivenLoaderEnabled:1]]
[2022.04.29-11.39.26:982][  0]LogConfig: Setting CVar [[s.WarnIfTimeLimitExceeded:0]]
[2022.04.29-11.39.26:982][  0]LogConfig: Setting CVar [[s.TimeLimitExceededMultiplier:1.5]]
[2022.04.29-11.39.26:982][  0]LogConfig: Setting CVar [[s.TimeLimitExceededMinTime:0.005]]
[2022.04.29-11.39.26:982][  0]LogConfig: Setting CVar [[s.UseBackgroundLevelStreaming:1]]
[2022.04.29-11.39.26:982][  0]LogConfig: Setting CVar [[s.PriorityAsyncLoadingExtraTime:15.0]]
[2022.04.29-11.39.26:982][  0]LogConfig: Setting CVar [[s.LevelStreamingActorsUpdateTimeLimit:5.0]]
[2022.04.29-11.39.26:982][  0]LogConfig: Setting CVar [[s.PriorityLevelStreamingActorsUpdateExtraTime:5.0]]
[2022.04.29-11.39.26:982][  0]LogConfig: Setting CVar [[s.LevelStreamingComponentsRegistrationGranularity:10]]
[2022.04.29-11.39.26:983][  0]LogConfig: Setting CVar [[s.UnregisterComponentsTimeLimit:1.0]]
[2022.04.29-11.39.26:983][  0]LogConfig: Setting CVar [[s.LevelStreamingComponentsUnregistrationGranularity:5]]
[2022.04.29-11.39.26:983][  0]LogConfig: Setting CVar [[s.FlushStreamingOnExit:1]]
[2022.04.29-11.39.26:983][  0]LogConfig: Applying CVar settings from Section [/Script/Engine.GarbageCollectionSettings] File [C:/Users/peddr489/Documents/GitHub/Exjobb/MyProject/Saved/Config/Windows/Engine.ini]
[2022.04.29-11.39.26:983][  0]LogConfig: Setting CVar [[gc.MaxObjectsNotConsideredByGC:1]]
[2022.04.29-11.39.26:983][  0]LogConfig: Setting CVar [[gc.SizeOfPermanentObjectPool:0]]
[2022.04.29-11.39.26:983][  0]LogConfig: Setting CVar [[gc.FlushStreamingOnGC:0]]
[2022.04.29-11.39.26:983][  0]LogConfig: Setting CVar [[gc.NumRetriesBeforeForcingGC:10]]
[2022.04.29-11.39.26:983][  0]LogConfig: Setting CVar [[gc.AllowParallelGC:1]]
[2022.04.29-11.39.26:983][  0]LogConfig: Setting CVar [[gc.TimeBetweenPurgingPendingKillObjects:61.1]]
[2022.04.29-11.39.26:983][  0]LogConfig: Setting CVar [[gc.MaxObjectsInEditor:25165824]]
[2022.04.29-11.39.26:983][  0]LogConfig: Setting CVar [[gc.IncrementalBeginDestroyEnabled:1]]
[2022.04.29-11.39.26:983][  0]LogConfig: Setting CVar [[gc.CreateGCClusters:1]]
[2022.04.29-11.39.26:983][  0]LogConfig: Setting CVar [[gc.MinGCClusterSize:5]]
[2022.04.29-11.39.26:983][  0]LogConfig: Setting CVar [[gc.ActorClusteringEnabled:0]]
[2022.04.29-11.39.26:983][  0]LogConfig: Setting CVar [[gc.BlueprintClusteringEnabled:0]]
[2022.04.29-11.39.26:983][  0]LogConfig: Setting CVar [[gc.UseDisregardForGCOnDedicatedServers:0]]
[2022.04.29-11.39.26:983][  0]LogConfig: Setting CVar [[gc.MultithreadedDestructionEnabled:1]]
[2022.04.29-11.39.26:983][  0]LogConfig: Applying CVar settings from Section [/Script/Engine.NetworkSettings] File [C:/Users/peddr489/Documents/GitHub/Exjobb/MyProject/Saved/Config/Windows/Engine.ini]
[2022.04.29-11.39.26:983][  0]LogConfig: Applying CVar settings from Section [/Script/UnrealEd.CookerSettings] File [C:/Users/peddr489/Documents/GitHub/Exjobb/MyProject/Saved/Config/Windows/Engine.ini]
[2022.04.29-11.39.27:044][  0]LogConfig: Applying CVar settings from Section [ViewDistanceQuality@3] File [C:/Users/peddr489/Documents/GitHub/Exjobb/MyProject/Saved/Config/Windows/Scalability.ini]
[2022.04.29-11.39.27:044][  0]LogConfig: Setting CVar [[r.SkeletalMeshLODBias:0]]
[2022.04.29-11.39.27:044][  0]LogConfig: Setting CVar [[r.ViewDistanceScale:1.0]]
[2022.04.29-11.39.27:044][  0]LogConfig: Applying CVar settings from Section [AntiAliasingQuality@3] File [C:/Users/peddr489/Documents/GitHub/Exjobb/MyProject/Saved/Config/Windows/Scalability.ini]
[2022.04.29-11.39.27:044][  0]LogConfig: Setting CVar [[r.PostProcessAAQuality:4]]
[2022.04.29-11.39.27:044][  0]LogConfig: Applying CVar settings from Section [ShadowQuality@3] File [C:/Users/peddr489/Documents/GitHub/Exjobb/MyProject/Saved/Config/Windows/Scalability.ini]
[2022.04.29-11.39.27:044][  0]LogConfig: Setting CVar [[r.LightFunctionQuality:1]]
[2022.04.29-11.39.27:044][  0]LogConfig: Setting CVar [[r.ShadowQuality:5]]
[2022.04.29-11.39.27:044][  0]LogConfig: Setting CVar [[r.Shadow.CSM.MaxCascades:10]]
[2022.04.29-11.39.27:044][  0]LogConfig: Setting CVar [[r.Shadow.MaxResolution:2048]]
[2022.04.29-11.39.27:044][  0]LogConfig: Setting CVar [[r.Shadow.MaxCSMResolution:2048]]
[2022.04.29-11.39.27:044][  0]LogConfig: Setting CVar [[r.Shadow.RadiusThreshold:0.01]]
[2022.04.29-11.39.27:044][  0]LogConfig: Setting CVar [[r.Shadow.DistanceScale:1.0]]
[2022.04.29-11.39.27:044][  0]LogConfig: Setting CVar [[r.Shadow.CSM.TransitionScale:1.0]]
[2022.04.29-11.39.27:044][  0]LogConfig: Setting CVar [[r.Shadow.PreShadowResolutionFactor:1.0]]
[2022.04.29-11.39.27:044][  0]LogConfig: Setting CVar [[r.DistanceFieldShadowing:1]]
[2022.04.29-11.39.27:044][  0]LogConfig: Setting CVar [[r.DistanceFieldAO:1]]
[2022.04.29-11.39.27:044][  0]LogConfig: Setting CVar [[r.AOQuality:2]]
[2022.04.29-11.39.27:044][  0]LogConfig: Setting CVar [[r.VolumetricFog:1]]
[2022.04.29-11.39.27:044][  0]LogConfig: Setting CVar [[r.VolumetricFog.GridPixelSize:8]]
[2022.04.29-11.39.27:044][  0]LogConfig: Setting CVar [[r.VolumetricFog.GridSizeZ:128]]
[2022.04.29-11.39.27:044][  0]LogConfig: Setting CVar [[r.VolumetricFog.HistoryMissSupersampleCount:4]]
[2022.04.29-11.39.27:044][  0]LogConfig: Setting CVar [[r.LightMaxDrawDistanceScale:1]]
[2022.04.29-11.39.27:044][  0]LogConfig: Setting CVar [[r.CapsuleShadows:1]]
[2022.04.29-11.39.27:044][  0]LogConfig: Applying CVar settings from Section [PostProcessQuality@3] File [C:/Users/peddr489/Documents/GitHub/Exjobb/MyProject/Saved/Config/Windows/Scalability.ini]
[2022.04.29-11.39.27:044][  0]LogConfig: Setting CVar [[r.MotionBlurQuality:4]]
[2022.04.29-11.39.27:044][  0]LogConfig: Setting CVar [[r.AmbientOcclusionMipLevelFactor:0.4]]
[2022.04.29-11.39.27:044][  0]LogConfig: Setting CVar [[r.AmbientOcclusionMaxQuality:100]]
[2022.04.29-11.39.27:044][  0]LogConfig: Setting CVar [[r.AmbientOcclusionLevels:-1]]
[2022.04.29-11.39.27:044][  0]LogConfig: Setting CVar [[r.AmbientOcclusionRadiusScale:1.0]]
[2022.04.29-11.39.27:044][  0]LogConfig: Setting CVar [[r.DepthOfFieldQuality:2]]
[2022.04.29-11.39.27:044][  0]LogConfig: Setting CVar [[r.RenderTargetPoolMin:400]]
[2022.04.29-11.39.27:044][  0]LogConfig: Setting CVar [[r.LensFlareQuality:2]]
[2022.04.29-11.39.27:044][  0]LogConfig: Setting CVar [[r.SceneColorFringeQuality:1]]
[2022.04.29-11.39.27:044][  0]LogConfig: Setting CVar [[r.EyeAdaptationQuality:2]]
[2022.04.29-11.39.27:044][  0]LogConfig: Setting CVar [[r.BloomQuality:5]]
[2022.04.29-11.39.27:044][  0]LogConfig: Setting CVar [[r.FastBlurThreshold:100]]
[2022.04.29-11.39.27:044][  0]LogConfig: Setting CVar [[r.Upscale.Quality:3]]
[2022.04.29-11.39.27:044][  0]LogConfig: Setting CVar [[r.Tonemapper.GrainQuantization:1]]
[2022.04.29-11.39.27:044][  0]LogConfig: Setting CVar [[r.LightShaftQuality:1]]
[2022.04.29-11.39.27:044][  0]LogConfig: Setting CVar [[r.Filter.SizeScale:1]]
[2022.04.29-11.39.27:044][  0]LogConfig: Setting CVar [[r.Tonemapper.Quality:5]]
[2022.04.29-11.39.27:044][  0]LogConfig: Setting CVar [[r.DOF.Gather.AccumulatorQuality:1        ; higher gathering accumulator quality]]
[2022.04.29-11.39.27:044][  0]LogConfig: Setting CVar [[r.DOF.Gather.PostfilterMethod:1          ; Median3x3 postfilering method]]
[2022.04.29-11.39.27:044][  0]LogConfig: Setting CVar [[r.DOF.Gather.EnableBokehSettings:0       ; no bokeh simulation when gathering]]
[2022.04.29-11.39.27:044][  0]LogConfig: Setting CVar [[r.DOF.Gather.RingCount:4                 ; medium number of samples when gathering]]
[2022.04.29-11.39.27:044][  0]LogConfig: Setting CVar [[r.DOF.Scatter.ForegroundCompositing:1    ; additive foreground scattering]]
[2022.04.29-11.39.27:045][  0]LogConfig: Setting CVar [[r.DOF.Scatter.BackgroundCompositing:2    ; additive background scattering]]
[2022.04.29-11.39.27:045][  0]LogConfig: Setting CVar [[r.DOF.Scatter.EnableBokehSettings:1      ; bokeh simulation when scattering]]
[2022.04.29-11.39.27:045][  0]LogConfig: Setting CVar [[r.DOF.Scatter.MaxSpriteRatio:0.1         ; only a maximum of 10% of scattered bokeh]]
[2022.04.29-11.39.27:045][  0]LogConfig: Setting CVar [[r.DOF.Recombine.Quality:1                ; cheap slight out of focus]]
[2022.04.29-11.39.27:045][  0]LogConfig: Setting CVar [[r.DOF.Recombine.EnableBokehSettings:0    ; no bokeh simulation on slight out of focus]]
[2022.04.29-11.39.27:045][  0]LogConfig: Setting CVar [[r.DOF.TemporalAAQuality:1                ; more stable temporal accumulation]]
[2022.04.29-11.39.27:045][  0]LogConfig: Setting CVar [[r.DOF.Kernel.MaxForegroundRadius:0.025]]
[2022.04.29-11.39.27:045][  0]LogConfig: Setting CVar [[r.DOF.Kernel.MaxBackgroundRadius:0.025]]
[2022.04.29-11.39.27:045][  0]LogConfig: Applying CVar settings from Section [TextureQuality@3] File [C:/Users/peddr489/Documents/GitHub/Exjobb/MyProject/Saved/Config/Windows/Scalability.ini]
[2022.04.29-11.39.27:045][  0]LogConfig: Setting CVar [[r.Streaming.MipBias:0]]
[2022.04.29-11.39.27:045][  0]LogConfig: Setting CVar [[r.Streaming.AmortizeCPUToGPUCopy:0]]
[2022.04.29-11.39.27:045][  0]LogConfig: Setting CVar [[r.Streaming.MaxNumTexturesToStreamPerFrame:0]]
[2022.04.29-11.39.27:045][  0]LogConfig: Setting CVar [[r.Streaming.Boost:1]]
[2022.04.29-11.39.27:045][  0]LogConfig: Setting CVar [[r.MaxAnisotropy:8]]
[2022.04.29-11.39.27:045][  0]LogConfig: Setting CVar [[r.VT.MaxAnisotropy:8]]
[2022.04.29-11.39.27:045][  0]LogConfig: Setting CVar [[r.Streaming.LimitPoolSizeToVRAM:0]]
[2022.04.29-11.39.27:045][  0]LogConfig: Setting CVar [[r.Streaming.PoolSize:1000]]
[2022.04.29-11.39.27:045][  0]LogConfig: Setting CVar [[r.Streaming.MaxEffectiveScreenSize:0]]
[2022.04.29-11.39.27:045][  0]LogConfig: Applying CVar settings from Section [EffectsQuality@3] File [C:/Users/peddr489/Documents/GitHub/Exjobb/MyProject/Saved/Config/Windows/Scalability.ini]
[2022.04.29-11.39.27:045][  0]LogConfig: Setting CVar [[r.TranslucencyLightingVolumeDim:64]]
[2022.04.29-11.39.27:045][  0]LogConfig: Setting CVar [[r.RefractionQuality:2]]
[2022.04.29-11.39.27:045][  0]LogConfig: Setting CVar [[r.SSR.Quality:3]]
[2022.04.29-11.39.27:045][  0]LogConfig: Setting CVar [[r.SSR.HalfResSceneColor:0]]
[2022.04.29-11.39.27:045][  0]LogConfig: Setting CVar [[r.SceneColorFormat:4]]
[2022.04.29-11.39.27:045][  0]LogConfig: Setting CVar [[r.DetailMode:2]]
[2022.04.29-11.39.27:045][  0]LogConfig: Setting CVar [[r.TranslucencyVolumeBlur:1]]
[2022.04.29-11.39.27:045][  0]LogConfig: Setting CVar [[r.MaterialQualityLevel:1 ; High quality]]
[2022.04.29-11.39.27:045][  0]LogConfig: Setting CVar [[r.AnisotropicMaterials:1]]
[2022.04.29-11.39.27:045][  0]LogConfig: Setting CVar [[r.SSS.Scale:1]]
[2022.04.29-11.39.27:045][  0]LogConfig: Setting CVar [[r.SSS.SampleSet:2]]
[2022.04.29-11.39.27:045][  0]LogConfig: Setting CVar [[r.SSS.Quality:1]]
[2022.04.29-11.39.27:045][  0]LogConfig: Setting CVar [[r.SSS.HalfRes:0]]
[2022.04.29-11.39.27:045][  0]LogConfig: Setting CVar [[r.SSGI.Quality:3]]
[2022.04.29-11.39.27:045][  0]LogConfig: Setting CVar [[r.EmitterSpawnRateScale:1.0]]
[2022.04.29-11.39.27:045][  0]LogConfig: Setting CVar [[r.ParticleLightQuality:2]]
[2022.04.29-11.39.27:045][  0]LogConfig: Setting CVar [[r.SkyAtmosphere.AerialPerspectiveLUT.FastApplyOnOpaque:1 ; Always have FastSkyLUT 1 in this case to avoid wrong sky]]
[2022.04.29-11.39.27:045][  0]LogConfig: Setting CVar [[r.SkyAtmosphere.AerialPerspectiveLUT.SampleCountMaxPerSlice:4]]
[2022.04.29-11.39.27:045][  0]LogConfig: Setting CVar [[r.SkyAtmosphere.AerialPerspectiveLUT.DepthResolution:16.0]]
[2022.04.29-11.39.27:045][  0]LogConfig: Setting CVar [[r.SkyAtmosphere.FastSkyLUT:1]]
[2022.04.29-11.39.27:045][  0]LogConfig: Setting CVar [[r.SkyAtmosphere.FastSkyLUT.SampleCountMin:4.0]]
[2022.04.29-11.39.27:045][  0]LogConfig: Setting CVar [[r.SkyAtmosphere.FastSkyLUT.SampleCountMax:128.0]]
[2022.04.29-11.39.27:045][  0]LogConfig: Setting CVar [[r.SkyAtmosphere.SampleCountMin:4.0]]
[2022.04.29-11.39.27:045][  0]LogConfig: Setting CVar [[r.SkyAtmosphere.SampleCountMax:128.0]]
[2022.04.29-11.39.27:045][  0]LogConfig: Setting CVar [[r.SkyAtmosphere.TransmittanceLUT.UseSmallFormat:0]]
[2022.04.29-11.39.27:045][  0]LogConfig: Setting CVar [[r.SkyAtmosphere.TransmittanceLUT.SampleCount:10.0]]
[2022.04.29-11.39.27:045][  0]LogConfig: Setting CVar [[r.SkyAtmosphere.MultiScatteringLUT.SampleCount:15.0]]
[2022.04.29-11.39.27:045][  0]LogConfig: Setting CVar [[r.SkyLight.RealTimeReflectionCapture:1]]
[2022.04.29-11.39.27:045][  0]LogConfig: Applying CVar settings from Section [FoliageQuality@3] File [C:/Users/peddr489/Documents/GitHub/Exjobb/MyProject/Saved/Config/Windows/Scalability.ini]
[2022.04.29-11.39.27:045][  0]LogConfig: Setting CVar [[foliage.DensityScale:1.0]]
[2022.04.29-11.39.27:045][  0]LogConfig: Setting CVar [[grass.DensityScale:1.0]]
[2022.04.29-11.39.27:045][  0]LogConfig: Applying CVar settings from Section [ShadingQuality@3] File [C:/Users/peddr489/Documents/GitHub/Exjobb/MyProject/Saved/Config/Windows/Scalability.ini]
[2022.04.29-11.39.27:045][  0]LogConfig: Setting CVar [[r.HairStrands.SkyLighting.IntegrationType:2]]
[2022.04.29-11.39.27:045][  0]LogConfig: Setting CVar [[r.HairStrands.SkyAO.SampleCount:4]]
[2022.04.29-11.39.27:045][  0]LogConfig: Setting CVar [[r.HairStrands.Visibility.MSAA.SamplePerPixel:4]]
[2022.04.29-11.39.27:045][  0]LogInit: Selected Device Profile: [Windows]
[2022.04.29-11.39.27:045][  0]LogInit: Applying CVar settings loaded from the selected device profile: [Windows]
[2022.04.29-11.39.27:045][  0]LogHAL: Display: Platform has ~ 16 GB [17018552320 / 17179869184 / 16], which maps to Larger [LargestMinGB=32, LargerMinGB=12, DefaultMinGB=8, SmallerMinGB=6, SmallestMinGB=0)
[2022.04.29-11.39.27:045][  0]LogInit: Going up to parent DeviceProfile []
[2022.04.29-11.39.27:045][  0]LogConfig: Applying CVar settings from Section [ViewDistanceQuality@3] File [C:/Users/peddr489/Documents/GitHub/Exjobb/MyProject/Saved/Config/Windows/Scalability.ini]
[2022.04.29-11.39.27:045][  0]LogConfig: Setting CVar [[r.SkeletalMeshLODBias:0]]
[2022.04.29-11.39.27:045][  0]LogConfig: Setting CVar [[r.ViewDistanceScale:1.0]]
[2022.04.29-11.39.27:045][  0]LogConfig: Applying CVar settings from Section [AntiAliasingQuality@3] File [C:/Users/peddr489/Documents/GitHub/Exjobb/MyProject/Saved/Config/Windows/Scalability.ini]
[2022.04.29-11.39.27:045][  0]LogConfig: Setting CVar [[r.PostProcessAAQuality:4]]
[2022.04.29-11.39.27:045][  0]LogConfig: Applying CVar settings from Section [ShadowQuality@3] File [C:/Users/peddr489/Documents/GitHub/Exjobb/MyProject/Saved/Config/Windows/Scalability.ini]
[2022.04.29-11.39.27:045][  0]LogConfig: Setting CVar [[r.LightFunctionQuality:1]]
[2022.04.29-11.39.27:045][  0]LogConfig: Setting CVar [[r.ShadowQuality:5]]
[2022.04.29-11.39.27:045][  0]LogConfig: Setting CVar [[r.Shadow.CSM.MaxCascades:10]]
[2022.04.29-11.39.27:045][  0]LogConfig: Setting CVar [[r.Shadow.MaxResolution:2048]]
[2022.04.29-11.39.27:045][  0]LogConfig: Setting CVar [[r.Shadow.MaxCSMResolution:2048]]
[2022.04.29-11.39.27:045][  0]LogConfig: Setting CVar [[r.Shadow.RadiusThreshold:0.01]]
[2022.04.29-11.39.27:045][  0]LogConfig: Setting CVar [[r.Shadow.DistanceScale:1.0]]
[2022.04.29-11.39.27:045][  0]LogConfig: Setting CVar [[r.Shadow.CSM.TransitionScale:1.0]]
[2022.04.29-11.39.27:045][  0]LogConfig: Setting CVar [[r.Shadow.PreShadowResolutionFactor:1.0]]
[2022.04.29-11.39.27:045][  0]LogConfig: Setting CVar [[r.DistanceFieldShadowing:1]]
[2022.04.29-11.39.27:045][  0]LogConfig: Setting CVar [[r.DistanceFieldAO:1]]
[2022.04.29-11.39.27:045][  0]LogConfig: Setting CVar [[r.AOQuality:2]]
[2022.04.29-11.39.27:045][  0]LogConfig: Setting CVar [[r.VolumetricFog:1]]
[2022.04.29-11.39.27:045][  0]LogConfig: Setting CVar [[r.VolumetricFog.GridPixelSize:8]]
[2022.04.29-11.39.27:046][  0]LogConfig: Setting CVar [[r.VolumetricFog.GridSizeZ:128]]
[2022.04.29-11.39.27:046][  0]LogConfig: Setting CVar [[r.VolumetricFog.HistoryMissSupersampleCount:4]]
[2022.04.29-11.39.27:046][  0]LogConfig: Setting CVar [[r.LightMaxDrawDistanceScale:1]]
[2022.04.29-11.39.27:046][  0]LogConfig: Setting CVar [[r.CapsuleShadows:1]]
[2022.04.29-11.39.27:046][  0]LogConfig: Applying CVar settings from Section [PostProcessQuality@3] File [C:/Users/peddr489/Documents/GitHub/Exjobb/MyProject/Saved/Config/Windows/Scalability.ini]
[2022.04.29-11.39.27:046][  0]LogConfig: Setting CVar [[r.MotionBlurQuality:4]]
[2022.04.29-11.39.27:046][  0]LogConfig: Setting CVar [[r.AmbientOcclusionMipLevelFactor:0.4]]
[2022.04.29-11.39.27:046][  0]LogConfig: Setting CVar [[r.AmbientOcclusionMaxQuality:100]]
[2022.04.29-11.39.27:046][  0]LogConfig: Setting CVar [[r.AmbientOcclusionLevels:-1]]
[2022.04.29-11.39.27:046][  0]LogConfig: Setting CVar [[r.AmbientOcclusionRadiusScale:1.0]]
[2022.04.29-11.39.27:046][  0]LogConfig: Setting CVar [[r.DepthOfFieldQuality:2]]
[2022.04.29-11.39.27:046][  0]LogConfig: Setting CVar [[r.RenderTargetPoolMin:400]]
[2022.04.29-11.39.27:046][  0]LogConfig: Setting CVar [[r.LensFlareQuality:2]]
[2022.04.29-11.39.27:046][  0]LogConfig: Setting CVar [[r.SceneColorFringeQuality:1]]
[2022.04.29-11.39.27:046][  0]LogConfig: Setting CVar [[r.EyeAdaptationQuality:2]]
[2022.04.29-11.39.27:046][  0]LogConfig: Setting CVar [[r.BloomQuality:5]]
[2022.04.29-11.39.27:046][  0]LogConfig: Setting CVar [[r.FastBlurThreshold:100]]
[2022.04.29-11.39.27:046][  0]LogConfig: Setting CVar [[r.Upscale.Quality:3]]
[2022.04.29-11.39.27:046][  0]LogConfig: Setting CVar [[r.Tonemapper.GrainQuantization:1]]
[2022.04.29-11.39.27:046][  0]LogConfig: Setting CVar [[r.LightShaftQuality:1]]
[2022.04.29-11.39.27:046][  0]LogConfig: Setting CVar [[r.Filter.SizeScale:1]]
[2022.04.29-11.39.27:046][  0]LogConfig: Setting CVar [[r.Tonemapper.Quality:5]]
[2022.04.29-11.39.27:046][  0]LogConfig: Setting CVar [[r.DOF.Gather.AccumulatorQuality:1        ; higher gathering accumulator quality]]
[2022.04.29-11.39.27:046][  0]LogConfig: Setting CVar [[r.DOF.Gather.PostfilterMethod:1          ; Median3x3 postfilering method]]
[2022.04.29-11.39.27:046][  0]LogConfig: Setting CVar [[r.DOF.Gather.EnableBokehSettings:0       ; no bokeh simulation when gathering]]
[2022.04.29-11.39.27:046][  0]LogConfig: Setting CVar [[r.DOF.Gather.RingCount:4                 ; medium number of samples when gathering]]
[2022.04.29-11.39.27:046][  0]LogConfig: Setting CVar [[r.DOF.Scatter.ForegroundCompositing:1    ; additive foreground scattering]]
[2022.04.29-11.39.27:046][  0]LogConfig: Setting CVar [[r.DOF.Scatter.BackgroundCompositing:2    ; additive background scattering]]
[2022.04.29-11.39.27:046][  0]LogConfig: Setting CVar [[r.DOF.Scatter.EnableBokehSettings:1      ; bokeh simulation when scattering]]
[2022.04.29-11.39.27:046][  0]LogConfig: Setting CVar [[r.DOF.Scatter.MaxSpriteRatio:0.1         ; only a maximum of 10% of scattered bokeh]]
[2022.04.29-11.39.27:046][  0]LogConfig: Setting CVar [[r.DOF.Recombine.Quality:1                ; cheap slight out of focus]]
[2022.04.29-11.39.27:046][  0]LogConfig: Setting CVar [[r.DOF.Recombine.EnableBokehSettings:0    ; no bokeh simulation on slight out of focus]]
[2022.04.29-11.39.27:046][  0]LogConfig: Setting CVar [[r.DOF.TemporalAAQuality:1                ; more stable temporal accumulation]]
[2022.04.29-11.39.27:046][  0]LogConfig: Setting CVar [[r.DOF.Kernel.MaxForegroundRadius:0.025]]
[2022.04.29-11.39.27:046][  0]LogConfig: Setting CVar [[r.DOF.Kernel.MaxBackgroundRadius:0.025]]
[2022.04.29-11.39.27:046][  0]LogConfig: Applying CVar settings from Section [TextureQuality@3] File [C:/Users/peddr489/Documents/GitHub/Exjobb/MyProject/Saved/Config/Windows/Scalability.ini]
[2022.04.29-11.39.27:046][  0]LogConfig: Setting CVar [[r.Streaming.MipBias:0]]
[2022.04.29-11.39.27:046][  0]LogConfig: Setting CVar [[r.Streaming.AmortizeCPUToGPUCopy:0]]
[2022.04.29-11.39.27:046][  0]LogConfig: Setting CVar [[r.Streaming.MaxNumTexturesToStreamPerFrame:0]]
[2022.04.29-11.39.27:046][  0]LogConfig: Setting CVar [[r.Streaming.Boost:1]]
[2022.04.29-11.39.27:046][  0]LogConfig: Setting CVar [[r.MaxAnisotropy:8]]
[2022.04.29-11.39.27:046][  0]LogConfig: Setting CVar [[r.VT.MaxAnisotropy:8]]
[2022.04.29-11.39.27:046][  0]LogConfig: Setting CVar [[r.Streaming.LimitPoolSizeToVRAM:0]]
[2022.04.29-11.39.27:046][  0]LogConfig: Setting CVar [[r.Streaming.PoolSize:1000]]
[2022.04.29-11.39.27:046][  0]LogConfig: Setting CVar [[r.Streaming.MaxEffectiveScreenSize:0]]
[2022.04.29-11.39.27:046][  0]LogConfig: Applying CVar settings from Section [EffectsQuality@3] File [C:/Users/peddr489/Documents/GitHub/Exjobb/MyProject/Saved/Config/Windows/Scalability.ini]
[2022.04.29-11.39.27:046][  0]LogConfig: Setting CVar [[r.TranslucencyLightingVolumeDim:64]]
[2022.04.29-11.39.27:046][  0]LogConfig: Setting CVar [[r.RefractionQuality:2]]
[2022.04.29-11.39.27:046][  0]LogConfig: Setting CVar [[r.SSR.Quality:3]]
[2022.04.29-11.39.27:046][  0]LogConfig: Setting CVar [[r.SSR.HalfResSceneColor:0]]
[2022.04.29-11.39.27:046][  0]LogConfig: Setting CVar [[r.SceneColorFormat:4]]
[2022.04.29-11.39.27:046][  0]LogConfig: Setting CVar [[r.DetailMode:2]]
[2022.04.29-11.39.27:046][  0]LogConfig: Setting CVar [[r.TranslucencyVolumeBlur:1]]
[2022.04.29-11.39.27:046][  0]LogConfig: Setting CVar [[r.MaterialQualityLevel:1 ; High quality]]
[2022.04.29-11.39.27:046][  0]LogConfig: Setting CVar [[r.AnisotropicMaterials:1]]
[2022.04.29-11.39.27:046][  0]LogConfig: Setting CVar [[r.SSS.Scale:1]]
[2022.04.29-11.39.27:046][  0]LogConfig: Setting CVar [[r.SSS.SampleSet:2]]
[2022.04.29-11.39.27:046][  0]LogConfig: Setting CVar [[r.SSS.Quality:1]]
[2022.04.29-11.39.27:046][  0]LogConfig: Setting CVar [[r.SSS.HalfRes:0]]
[2022.04.29-11.39.27:046][  0]LogConfig: Setting CVar [[r.SSGI.Quality:3]]
[2022.04.29-11.39.27:046][  0]LogConfig: Setting CVar [[r.EmitterSpawnRateScale:1.0]]
[2022.04.29-11.39.27:046][  0]LogConfig: Setting CVar [[r.ParticleLightQuality:2]]
[2022.04.29-11.39.27:046][  0]LogConfig: Setting CVar [[r.SkyAtmosphere.AerialPerspectiveLUT.FastApplyOnOpaque:1 ; Always have FastSkyLUT 1 in this case to avoid wrong sky]]
[2022.04.29-11.39.27:046][  0]LogConfig: Setting CVar [[r.SkyAtmosphere.AerialPerspectiveLUT.SampleCountMaxPerSlice:4]]
[2022.04.29-11.39.27:046][  0]LogConfig: Setting CVar [[r.SkyAtmosphere.AerialPerspectiveLUT.DepthResolution:16.0]]
[2022.04.29-11.39.27:046][  0]LogConfig: Setting CVar [[r.SkyAtmosphere.FastSkyLUT:1]]
[2022.04.29-11.39.27:046][  0]LogConfig: Setting CVar [[r.SkyAtmosphere.FastSkyLUT.SampleCountMin:4.0]]
[2022.04.29-11.39.27:046][  0]LogConfig: Setting CVar [[r.SkyAtmosphere.FastSkyLUT.SampleCountMax:128.0]]
[2022.04.29-11.39.27:046][  0]LogConfig: Setting CVar [[r.SkyAtmosphere.SampleCountMin:4.0]]
[2022.04.29-11.39.27:046][  0]LogConfig: Setting CVar [[r.SkyAtmosphere.SampleCountMax:128.0]]
[2022.04.29-11.39.27:046][  0]LogConfig: Setting CVar [[r.SkyAtmosphere.TransmittanceLUT.UseSmallFormat:0]]
[2022.04.29-11.39.27:046][  0]LogConfig: Setting CVar [[r.SkyAtmosphere.TransmittanceLUT.SampleCount:10.0]]
[2022.04.29-11.39.27:046][  0]LogConfig: Setting CVar [[r.SkyAtmosphere.MultiScatteringLUT.SampleCount:15.0]]
[2022.04.29-11.39.27:046][  0]LogConfig: Setting CVar [[r.SkyLight.RealTimeReflectionCapture:1]]
[2022.04.29-11.39.27:046][  0]LogConfig: Applying CVar settings from Section [FoliageQuality@3] File [C:/Users/peddr489/Documents/GitHub/Exjobb/MyProject/Saved/Config/Windows/Scalability.ini]
[2022.04.29-11.39.27:046][  0]LogConfig: Setting CVar [[foliage.DensityScale:1.0]]
[2022.04.29-11.39.27:046][  0]LogConfig: Setting CVar [[grass.DensityScale:1.0]]
[2022.04.29-11.39.27:046][  0]LogConfig: Applying CVar settings from Section [ShadingQuality@3] File [C:/Users/peddr489/Documents/GitHub/Exjobb/MyProject/Saved/Config/Windows/Scalability.ini]
[2022.04.29-11.39.27:046][  0]LogConfig: Setting CVar [[r.HairStrands.SkyLighting.IntegrationType:2]]
[2022.04.29-11.39.27:046][  0]LogConfig: Setting CVar [[r.HairStrands.SkyAO.SampleCount:4]]
[2022.04.29-11.39.27:046][  0]LogConfig: Setting CVar [[r.HairStrands.Visibility.MSAA.SamplePerPixel:4]]
[2022.04.29-11.39.27:046][  0]LogConfig: Applying CVar settings from Section [Startup] File [../../../Engine/Config/ConsoleVariables.ini]
[2022.04.29-11.39.27:047][  0]LogConfig: Setting CVar [[net.UseAdaptiveNetUpdateFrequency:0]]
[2022.04.29-11.39.27:047][  0]LogConfig: Setting CVar [[p.chaos.AllowCreatePhysxBodies:1]]
[2022.04.29-11.39.27:047][  0]LogConfig: Setting CVar [[fx.SkipVectorVMBackendOptimizations:1]]
[2022.04.29-11.39.27:047][  0]LogConfig: Applying CVar settings from Section [ConsoleVariables] File [C:/Users/peddr489/Documents/GitHub/Exjobb/MyProject/Saved/Config/Windows/Engine.ini]
[2022.04.29-11.39.27:047][  0]LogConfig: Applying CVar settings from Section [ConsoleVariables] File [C:/Users/peddr489/Documents/GitHub/Exjobb/MyProject/Saved/Config/Windows/Editor.ini]
[2022.04.29-11.39.27:047][  0]LogInit: Computer: WIN02329
[2022.04.29-11.39.27:047][  0]LogInit: User: peddr489
[2022.04.29-11.39.27:047][  0]LogInit: CPU Page size=4096, Cores=6
[2022.04.29-11.39.27:047][  0]LogInit: High frequency timer resolution =10.000000 MHz
[2022.04.29-11.39.27:047][  0]LogMemory: Memory total: Physical=15.8GB (16GB approx)
[2022.04.29-11.39.27:047][  0]LogMemory: Platform Memory Stats for Windows
[2022.04.29-11.39.27:047][  0]LogMemory: Process Physical Memory: 144.71 MB used, 144.71 MB peak
[2022.04.29-11.39.27:047][  0]LogMemory: Process Virtual Memory: 122.93 MB used, 122.93 MB peak
[2022.04.29-11.39.27:047][  0]LogMemory: Physical Memory: 6730.89 MB used,  9499.27 MB free, 16230.16 MB total
[2022.04.29-11.39.27:047][  0]LogMemory: Virtual Memory: 134204872.00 MB used,  12854.40 MB free, 134217728.00 MB total
[2022.04.29-11.39.27:053][  0]LogWindows: WindowsPlatformFeatures enabled
[2022.04.29-11.39.27:259][  0]LogInit: Physics initialised using underlying interface: PhysX
[2022.04.29-11.39.27:259][  0]LogInit: Using OS detected language (sv-SE).
[2022.04.29-11.39.27:260][  0]LogInit: Using OS detected locale (sv-SE).
[2022.04.29-11.39.27:265][  0]LogTextLocalizationManager: No localization for 'sv-SE' exists, so 'en' will be used for the language.
[2022.04.29-11.39.27:268][  0]LogTextLocalizationManager: No localization for 'sv-SE' exists, so 'en' will be used for the locale.
[2022.04.29-11.39.27:510][  0]LogWindowsTextInputMethodSystem: Display: IME system deactivated.
[2022.04.29-11.39.27:608][  0]LogSlate: New Slate User Created.  User Index 0, Is Virtual User: 0
[2022.04.29-11.39.27:608][  0]LogSlate: Slate User Registered.  User Index 0, Is Virtual User: 0
[2022.04.29-11.39.27:686][  0]LogD3D11RHI: Loaded GFSDK_Aftermath_Lib.x64.dll
[2022.04.29-11.39.27:689][  0]LogHMD: Failed to initialize OpenVR with code 110
[2022.04.29-11.39.27:689][  0]LogD3D11RHI: D3D11 min allowed feature level: 11_0
[2022.04.29-11.39.27:689][  0]LogD3D11RHI: D3D11 max allowed feature level: 11_0
[2022.04.29-11.39.27:689][  0]LogD3D11RHI: D3D11 adapters:
[2022.04.29-11.39.27:852][  0]LogD3D11RHI:    0. 'NVIDIA GeForce RTX 2060' (Feature Level 11_0)
[2022.04.29-11.39.27:852][  0]LogD3D11RHI:       5980/0/8115 MB DedicatedVideo/DedicatedSystem/SharedSystem, Outputs:4, VendorId:0x10de
[2022.04.29-11.39.27:855][  0]LogD3D11RHI:    1. 'Microsoft Basic Render Driver' (Feature Level 11_0)
[2022.04.29-11.39.27:855][  0]LogD3D11RHI:       0/0/8115 MB DedicatedVideo/DedicatedSystem/SharedSystem, Outputs:0, VendorId:0x1414
[2022.04.29-11.39.27:855][  0]LogD3D11RHI: Chosen D3D11 Adapter:
[2022.04.29-11.39.27:856][  0]LogD3D11RHI:     Description : NVIDIA GeForce RTX 2060
[2022.04.29-11.39.27:856][  0]LogD3D11RHI:     VendorId    : 10de
[2022.04.29-11.39.27:856][  0]LogD3D11RHI:     DeviceId    : 1f08
[2022.04.29-11.39.27:856][  0]LogD3D11RHI:     SubSysId    : 869d1043
[2022.04.29-11.39.27:856][  0]LogD3D11RHI:     Revision    : 00a1
[2022.04.29-11.39.27:856][  0]LogD3D11RHI:     DedicatedVideoMemory : 6270484480 bytes
[2022.04.29-11.39.27:856][  0]LogD3D11RHI:     DedicatedSystemMemory : 0 bytes
[2022.04.29-11.39.27:856][  0]LogD3D11RHI:     SharedSystemMemory : 8509276160 bytes
[2022.04.29-11.39.27:856][  0]LogD3D11RHI:     AdapterLuid : 0 48961
[2022.04.29-11.39.27:860][  0]LogD3D11RHI: Creating new Direct3DDevice
[2022.04.29-11.39.27:860][  0]LogD3D11RHI:     GPU DeviceId: 0x1f08 (for the marketing name, search the web for "GPU Device Id")
[2022.04.29-11.39.27:860][  0]LogWindows: EnumDisplayDevices:
[2022.04.29-11.39.27:860][  0]LogWindows:    0. 'NVIDIA GeForce RTX 2060' (P:0 D:1)
[2022.04.29-11.39.27:860][  0]LogWindows:    1. 'NVIDIA GeForce RTX 2060' (P:0 D:1)
[2022.04.29-11.39.27:861][  0]LogWindows:    2. 'NVIDIA GeForce RTX 2060' (P:0 D:1)
[2022.04.29-11.39.27:861][  0]LogWindows:    3. 'NVIDIA GeForce RTX 2060' (P:1 D:1)
[2022.04.29-11.39.27:861][  0]LogWindows: DebugString: FoundDriverCount:4 
[2022.04.29-11.39.27:861][  0]LogD3D11RHI:     Adapter Name: NVIDIA GeForce RTX 2060
[2022.04.29-11.39.27:861][  0]LogD3D11RHI:   Driver Version: 456.71 (internal:27.21.14.5671, unified:456.71)
[2022.04.29-11.39.27:861][  0]LogD3D11RHI:      Driver Date: 9-30-2020
[2022.04.29-11.39.27:861][  0]LogRHI: Texture pool is 4186 MB (70% of 5980 MB)
[2022.04.29-11.39.27:861][  0]LogD3D11RHI: Creating D3DDevice using adapter:
[2022.04.29-11.39.27:861][  0]LogD3D11RHI:     Description : NVIDIA GeForce RTX 2060
[2022.04.29-11.39.27:861][  0]LogD3D11RHI:     VendorId    : 10de
[2022.04.29-11.39.27:861][  0]LogD3D11RHI:     DeviceId    : 1f08
[2022.04.29-11.39.27:861][  0]LogD3D11RHI:     SubSysId    : 869d1043
[2022.04.29-11.39.27:861][  0]LogD3D11RHI:     Revision    : 00a1
[2022.04.29-11.39.27:861][  0]LogD3D11RHI:     DedicatedVideoMemory : 6270484480 bytes
[2022.04.29-11.39.27:861][  0]LogD3D11RHI:     DedicatedSystemMemory : 0 bytes
[2022.04.29-11.39.27:861][  0]LogD3D11RHI:     SharedSystemMemory : 8509276160 bytes
[2022.04.29-11.39.27:861][  0]LogD3D11RHI:     AdapterLuid : 0 48961
[2022.04.29-11.39.27:911][  0]LogD3D11RHI: RHI has support for 64 bit atomics
[2022.04.29-11.39.27:911][  0]LogD3D11RHI: Async texture creation enabled
[2022.04.29-11.39.27:911][  0]LogD3D11RHI: Array index from any shader is supported
[2022.04.29-11.39.27:931][  0]LogD3D11RHI: GPU Timing Frequency: 1000.000000 (Debug: 2 1)
[2022.04.29-11.39.28:004][  0]LogRHI: GeForceNow SDK initialized: 1
[2022.04.29-11.39.28:388][  0]LogTargetPlatformManager: Display: Loaded TargetPlatform 'WindowsNoEditor'
[2022.04.29-11.39.28:405][  0]LogTargetPlatformManager: Display: Loaded TargetPlatform 'Windows'
[2022.04.29-11.39.28:421][  0]LogTargetPlatformManager: Display: Loaded TargetPlatform 'WindowsClient'
[2022.04.29-11.39.28:437][  0]LogTargetPlatformManager: Display: Loaded TargetPlatform 'WindowsServer'
[2022.04.29-11.39.28:437][  0]LogTargetPlatformManager: Display: Building Assets For Windows
[2022.04.29-11.39.28:493][  0]LogAudioDebug: Display: Lib vorbis DLL was dynamically loaded.
[2022.04.29-11.39.28:647][  0]LogTextureFormatOodle: Display: Oodle Texture 2.9.0 init RDO Off
[2022.04.29-11.39.28:788][  0]LogRendererCore: Ray tracing is disabled. Reason: r.RayTracing=0.
[2022.04.29-11.39.28:788][  0]LogShaderCompilers: Guid format shader working directory is -18 characters bigger than the processId version (../../../../../../Users/peddr489/Documents/GitHub/Exjobb/MyProject/Intermediate/Shaders/WorkingDirectory/16924/).
[2022.04.29-11.39.28:788][  0]LogShaderCompilers: Cleaned the shader compiler working directory 'C:/Users/peddr489/AppData/Local/Temp/UnrealShaderWorkingDir/F7029CBC4AC7FF3347093AB319FB9E33/'.
[2022.04.29-11.39.28:788][  0]LogXGEController: Cannot use XGE Controller as Incredibuild is not installed on this machine.
[2022.04.29-11.39.28:788][  0]LogShaderCompilers: Cannot use XGE Shader Compiler as Incredibuild is not installed on this machine.
[2022.04.29-11.39.28:788][  0]LogShaderCompilers: Display: Using Local Shader Compiler.
[2022.04.29-11.39.30:942][  0]LogDerivedDataCache: Display: Max Cache Size: 512 MB
[2022.04.29-11.39.30:992][  0]LogDerivedDataCache: Loaded boot cache 0.05s 94MB C:/Users/peddr489/AppData/Local/UnrealEngine/4.27/DerivedDataCache/Boot.ddc.
[2022.04.29-11.39.30:992][  0]LogDerivedDataCache: Display: Loaded Boot cache: C:/Users/peddr489/AppData/Local/UnrealEngine/4.27/DerivedDataCache/Boot.ddc
[2022.04.29-11.39.30:993][  0]LogDerivedDataCache: FDerivedDataBackendGraph:  Pak pak cache file ../../../../../../Users/peddr489/Documents/GitHub/Exjobb/MyProject/DerivedDataCache/DDC.ddp not found, will not use a pak cache.
[2022.04.29-11.39.30:993][  0]LogDerivedDataCache: Unable to find inner node Pak for hierarchical cache Hierarchy.
[2022.04.29-11.39.30:993][  0]LogDerivedDataCache: FDerivedDataBackendGraph:  CompressedPak pak cache file ../../../../../../Users/peddr489/Documents/GitHub/Exjobb/MyProject/DerivedDataCache/Compressed.ddp not found, will not use a pak cache.
[2022.04.29-11.39.30:993][  0]LogDerivedDataCache: Unable to find inner node CompressedPak for hierarchical cache Hierarchy.
[2022.04.29-11.39.31:012][  0]LogDerivedDataCache: Display: Pak cache opened for reading ../../../Engine/DerivedDataCache/Compressed.ddp.
[2022.04.29-11.39.31:012][  0]LogDerivedDataCache: FDerivedDataBackendGraph:  EnterprisePak pak cache file ../../../Enterprise/DerivedDataCache/Compressed.ddp not found, will not use a pak cache.
[2022.04.29-11.39.31:012][  0]LogDerivedDataCache: Unable to find inner node EnterprisePak for hierarchical cache Hierarchy.
[2022.04.29-11.39.31:022][  0]LogDerivedDataCache: Speed tests for C:/Users/peddr489/AppData/Local/UnrealEngine/Common/DerivedDataCache took 0.01 seconds
[2022.04.29-11.39.31:022][  0]LogDerivedDataCache: Display: Performance to C:/Users/peddr489/AppData/Local/UnrealEngine/Common/DerivedDataCache: Latency=0.03ms. RandomReadSpeed=254.96MBs, RandomWriteSpeed=183.01MBs. Assigned SpeedClass 'Local'
[2022.04.29-11.39.31:022][  0]LogDerivedDataCache: Using Local data cache path C:/Users/peddr489/AppData/Local/UnrealEngine/Common/DerivedDataCache: Writable
[2022.04.29-11.39.31:022][  0]LogDerivedDataCache: Shared data cache path not found in *engine.ini, will not use an Shared cache.
[2022.04.29-11.39.31:022][  0]LogDerivedDataCache: Unable to find inner node Shared for hierarchical cache Hierarchy.
[2022.04.29-11.39.31:055][  0]LogSlate: Using FreeType 2.10.0
[2022.04.29-11.39.31:062][  0]LogSlate: SlateFontServices - WITH_FREETYPE: 1, WITH_HARFBUZZ: 1
[2022.04.29-11.39.31:153][  0]LogInit: Using OS detected language (sv-SE).
[2022.04.29-11.39.31:153][  0]LogInit: Using OS detected locale (sv-SE).
[2022.04.29-11.39.31:153][  0]LogTextLocalizationManager: No localization for 'sv-SE' exists, so 'en' will be used for the language.
[2022.04.29-11.39.31:153][  0]LogTextLocalizationManager: No localization for 'sv-SE' exists, so 'en' will be used for the locale.
[2022.04.29-11.39.31:156][  0]LogTextLocalizationManager: Compacting localization data took   0.00ms
[2022.04.29-11.39.31:156][  0]LogAssetRegistry: FAssetRegistry took 0.0017 seconds to start up
[2022.04.29-11.39.31:291][  0]LogPackageLocalizationCache: Processed 27 localized package path(s) for 1 prioritized culture(s) in 0.001054 seconds
[2022.04.29-11.39.31:353][  0]LogInit: Selected Device Profile: [Windows]
[2022.04.29-11.39.31:353][  0]LogInit: Active device profile: [000002181173F400][000002180603DB00 49] Windows
[2022.04.29-11.39.31:353][  0]LogInit: Profiles: [000002181173F400][000002180603DB00 49] Windows, [00000218116F4E00][0000021806044100 49] WindowsNoEditor, [000002181173CE00][0000021806216280 49] WindowsServer, [00000218116F6900][000002180621A400 49] WindowsClient, [000002181173E900][000002180621E580 49] IOS, [00000218116F7300][0000021806222700 49] iPadAir, [000002181173F200][0000021806226880 49] iPadAir2, [00000218116A3500][000002180622EB40 49] IPadPro, [00000218116A3600][000002180622AB80 49] iPadAir3, [000002181173C300][0000021806232D00 49] iPadAir4, [00000218116A1300][0000021806236E80 49] iPadMini2, [000002181173DA00][000002180623B000 49] iPadMini3, [00000218116A0B00][000002180623F180 49] iPadMini4, [000002181173C800][0000021806243300 49] iPadMini5, [00000218116EE700][000002180624B5C0 49] iPhone6, [00000218116EE800][0000021806247600 49] iPodTouch6, [00000218116A2100][000002180624F840 49] iPhone7, [00000218116A2200][0000021806041880 49] iPodTouch7, [00000218116ED200][00000218062539C0 49] iPhone5S, [00000218116A1D00][0000021806257B00 49] iPhone6Plus, [00000218116EE500][000002180625E100 49] iPhone6S, [00000218116A3800][000002180A6CA280 49] iPhone6SPlus, [00000218116EF800][000002180A6CE400 49] iPhone7Plus, [00000218116A0E00][000002180A6D2580 49] iPhoneSE, [00000218116EC300][000002180A6D6700 49] iPhone8, [00000218116A3D00][000002180A6DA880 49] iPhone8Plus, [00000218116EC100][000002180A6DEA00 49] iPhoneX, [00000218116A0200][000002180A6E2B80 49] iPhoneXS, [00000218116ED500][000002180A6E6D00 49] iPhoneXSMax, [00000218116A2500][000002180A6EAE80 49] iPhoneXR, [00000218116EDF00][000002180A6EF000 49] iPhone11, [00000218116A1100][000002180A6F3180 49] iPhone11Pro, [00000218116EEE00][000002180A6F7300 49] iPhone11ProMax, [00000218116A1B00][000002180A6FB480 49] iPhoneSE2, [00000218116EEC00][000002180A6FF600 49] iPhone12Mini, [00000218116A3B00][000002180A703780 49] iPhone12, [00000218116ED900][000002180625B8C0 49] iPhone12Pro, [00000218116A1200][000002180A707A00 49] iPhone12ProMax, [00000218116EFF00][000002180A70BB40 49] iPadPro105, [00000218116A2400][000002180A70E100 49] iPadPro129, [00000218116EDD00][000002180A716280 49] iPadPro97, [00000218116A1A00][000002180A71A400 49] iPadPro2_129, [00000218116EDC00][000002180A71E580 49] iPad5, [00000218116A0800][000002180A722700 49] iPad6, [00000218116EF300][000002180A726880 49] iPad7, [00000218116A3100][000002180A72AA00 49] iPad8, [00000218116EF200][000002180A72EB80 49] iPadPro11, [00000218116A3700][000002180A732D00 49] iPadPro2_11, [00000218116EC600][000002180A736E80 49] iPadPro3_129, [00000218116A3900][000002180A73B000 49] iPadPro4_129, [00000218116ED800][000002180B1C3180 49] AppleTV, [00000218116A3E00][000002180B1C7300 49] AppleTV4K, [00000218116F4100][000002180B1CB480 49] TVOS, [0000021811788800][000002180B1CF600 49] Mac, [00000218116F5600][000002180B1D3780 49] MacClient, [0000021811788C00][000002180B1D7900 49] MacNoEditor, [00000218116F4C00][000002180B1DBA80 49] MacServer, [0000021811789C00][000002180A713BC0 49] Linux, [00000218116F4600][000002180B1DE180 49] LinuxAArch64, [0000021811789400][000002180B1E22C0 49] LinuxNoEditor, [00000218116F4900][000002180B1EA440 49] LinuxAArch64NoEditor, [0000021811788200][000002180B1EE5C0 49] LinuxClient, [00000218116F6F00][000002180B1F2740 49] LinuxAArch64Client, [0000021811789700][000002180B1F68C0 49] LinuxServer, [00000218116F4400][000002180B1FAA40 49] LinuxAArch64Server, [0000021811789B00][000002180B1FEBC0 49] Android, [00000218116F5500][000002180B202D40 49] Android_Low, [0000021811788700][000002180B206EC0 49] Android_Mid, [00000218116F4B00][000002180B20B040 49] Android_High, [000002181178A600][000002180B20F1C0 49] Android_Default, [00000218116F6D00][000002180B213340 49] Android_Adreno4xx, [0000021811789F00][000002180B2174C0 49] Android_Adreno5xx_Low, [00000218116F4300][000002180B21B640 49] Android_Adreno5xx, [0000021811788D00][000002180B21F7C0 49] Android_Adreno6xx, [00000218116A2900][000002180B223940 49] Android_Adreno6xx_Vulkan, [00000218116EF100][000002180B227AC0 49] Android_Mali_T6xx, [00000218116A1600][000002180B22A0C0 49] Android_Mali_T7xx, [00000218116EF900][000002180B1E6200 49] Android_Mali_T8xx, [00000218116A1500][000002180B22E340 49] Android_Mali_G71, [0000021811789500][000002180B232480 49] Android_Mali_G72, [00000218116A2300][000002180B2365C0 49] Android_Mali_G72_Vulkan, [000002181178A100][000002180B23E740 49] Android_Mali_G76, [00000218116A0400][000002180B2428C0 49] Android_Mali_G76_Vulkan, [0000021811789A00][000002180B246A40 49] Android_Mali_G77, [00000218116A3000][000002180B24ABC0 49] Android_Mali_G77_Vulkan, [000002181178A400][000002180B24ED40 49] Android_Mali_G78, [00000218116A0600][000002180B252EC0 49] Android_Mali_G78_Vulkan, [000002181178A500][000002180B257040 49] Android_Mali_G710, [00000218116A2700][000002180B25B1C0 49] Android_Mali_G710_Vulkan, [0000021811788100][000002180B25F340 49] Android_Vulkan_SM5, [00000218116A3A00][000002180B2634C0 49] Android_PowerVR_G6xxx, [000002181178A900][000002180B267640 49] Android_PowerVR_GT7xxx, [00000218116A0A00][000002180B26B7C0 49] Android_PowerVR_GE8xxx, [0000021811788300][000002180B26F940 49] Android_PowerVR_GM9xxx, [00000218116A3C00][000002180B273AC0 49] Android_PowerVR_GM9xxx_Vulkan, [000002181178A800][000002180B2760C0 49] Android_TegraK1, [00000218116A0D00][000002180B27A240 49] Android_Unknown_Vulkan, [000002181178AB00][000002180B23A380 49] Lumin, [00000218116A1800][000002180B27E4C0 49] Lumin_Desktop, [00000218116ECD00][000002180B282600 49] HoloLens, 
[2022.04.29-11.39.31:570][  0]LogMeshReduction: Using QuadricMeshReduction for automatic static mesh reduction
[2022.04.29-11.39.31:570][  0]LogMeshReduction: Using SimplygonMeshReduction for automatic skeletal mesh reduction
[2022.04.29-11.39.31:570][  0]LogMeshReduction: Using ProxyLODMeshReduction for automatic mesh merging
[2022.04.29-11.39.31:570][  0]LogMeshReduction: No distributed automatic mesh merging module available
[2022.04.29-11.39.31:570][  0]LogMeshMerging: No distributed automatic mesh merging module available
[2022.04.29-11.39.31:741][  0]LogNetVersion: MyProject 1.0.0, NetCL: 17155196, EngineNetVer: 17, GameNetVer: 0 (Checksum: 3629800737)
[2022.04.29-11.39.32:351][  0]LogTexture: Default maximum texture size for cubemaps generated from long-lat sources has been changed from 512 to unlimited. In order to preserve old behaiour for '/Engine/MapTemplates/Sky/DaylightAmbientCubemap.DaylightAmbientCubemap', its maximum texture size has been explicitly set to 512.
[2022.04.29-11.39.32:437][  0]LogHMD: PokeAHoleMaterial loaded successfully
[2022.04.29-11.39.32:925][  0]LogMoviePlayer: Initializing movie player
[2022.04.29-11.39.33:211][  0]LogNiagaraDebuggerClient: Niagara Debugger Client Initialized | Session: 8A9DCAF94D4278D593BBB59C1E5E036B | Instance: E5BBB9BF464086EDFE92B8BC77DE9450 (WIN02329-16924).
[2022.04.29-11.39.33:282][  0]LogCollectionManager: Loaded 0 collections in 0.001516 seconds
[2022.04.29-11.39.33:285][  0]LogFileCache: Scanning file cache for directory 'C:/Users/peddr489/Documents/GitHub/Exjobb/MyProject/Saved/Collections/' took 0.00s
[2022.04.29-11.39.33:285][  0]LogFileCache: Scanning file cache for directory 'C:/Users/peddr489/Documents/GitHub/Exjobb/MyProject/Content/Developers/peddr489/Collections/' took 0.00s
[2022.04.29-11.39.33:285][  0]LogFileCache: Scanning file cache for directory 'C:/Users/peddr489/Documents/GitHub/Exjobb/MyProject/Content/Collections/' took 0.00s
[2022.04.29-11.39.33:285][  0]LogCollectionManager: Fixed up redirectors for 0 collections in 0.000002 seconds (updated 0 objects)
[2022.04.29-11.39.33:624][  0]LogUdpMessaging: Initializing bridge on interface 0.0.0.0:0 to multicast group 230.0.0.1:6666.
[2022.04.29-11.39.33:643][  0]LogTcpMessaging: Initializing TcpMessaging bridge
[2022.04.29-11.39.33:683][  0]LogPython: Using Python 3.7.7
[2022.04.29-11.39.34:590][  0]SourceControl: Source control is disabled
[2022.04.29-11.39.34:590][  0]SourceControl: Source control is disabled
[2022.04.29-11.39.34:607][  0]SourceControl: Source control is disabled
[2022.04.29-11.39.34:652][  0]LogUProjectInfo: Found projects:
[2022.04.29-11.39.35:106][  0]LogOpenImageDenoise: OIDN starting up
[2022.04.29-11.39.35:136][  0]LogAndroidPermission: UAndroidPermissionCallbackProxy::GetInstance
[2022.04.29-11.39.35:229][  0]LogAudioCaptureCore: Display: No Audio Capture implementations found. Audio input will be silent.
[2022.04.29-11.39.35:229][  0]LogAudioCaptureCore: Display: No Audio Capture implementations found. Audio input will be silent.
[2022.04.29-11.39.35:440][  0]LogOcInput: OculusInput pre-init called
[2022.04.29-11.39.35:448][  0]LogUObjectArray: 22248 objects as part of root set at end of initial load.
[2022.04.29-11.39.35:448][  0]LogUObjectAllocator: 6010896 out of 0 bytes used by permanent object pool.
[2022.04.29-11.39.35:448][  0]LogUObjectArray: CloseDisregardForGC: 0/0 objects in disregard for GC pool
[2022.04.29-11.39.35:543][  0]LogEngine: Initializing Engine...
[2022.04.29-11.39.35:573][  0]LogHMD: Failed to enumerate extensions. Please check that you have a valid OpenXR runtime installed.
[2022.04.29-11.39.35:573][  0]LogHMD: Failed to initialize OpenVR with code 110
[2022.04.29-11.39.35:573][  0]LogMagicLeap: Warning: VR disabled because ZI is not enabled.  To enable, in the editor, Edit -> Project Settings -> Plugins -> Magic Leap Plugin -> Enable Zero Iteration
[2022.04.29-11.39.35:574][  0]LogStats: UGameplayTagsManager::InitializeManager -  0.000 s
[2022.04.29-11.39.35:749][  0]LogInit: Initializing FReadOnlyCVARCache
[2022.04.29-11.39.35:749][  0]LogAudio: Display: Initializing Audio Device Manager...
[2022.04.29-11.39.35:764][  0]LogAudio: Display: Loading Default Audio Settings Objects...
[2022.04.29-11.39.35:764][  0]LogLinker: Warning: Error opening file '../../../Engine/Content/EngineSounds/Master.uasset'.
[2022.04.29-11.39.35:764][  0]LogLinker: Warning: Error opening file '../../../Engine/Content/EngineSounds/Master.uasset'.
[2022.04.29-11.39.35:764][  0]LogUObjectGlobals: Warning: Failed to find object 'Object /Engine/EngineSounds/Master.Master'
[2022.04.29-11.39.35:764][  0]LogAudio: Warning: Failed to load Default SoundClassObject from path ''.  Attempting to fall back to engine default.
[2022.04.29-11.39.35:764][  0]LogLinker: Warning: Error opening file '../../../Engine/Content/EngineSounds/Master.uasset'.
[2022.04.29-11.39.35:764][  0]LogUObjectGlobals: Warning: Failed to find object 'Object None./Engine/EngineSounds/Master'
[2022.04.29-11.39.35:764][  0]LogAudio: Error: Failed to load Default SoundClassObject from path '/Engine/EngineSounds/Master'.
[2022.04.29-11.39.35:765][  0]LogLinker: Warning: Error opening file '../../../Engine/Content/EngineSounds/Master.uasset'.
[2022.04.29-11.39.35:765][  0]LogAudio: Display: No default MediaSoundClassObject specified (or failed to load).
[2022.04.29-11.39.35:765][  0]LogAudio: Display: No default SoundConcurrencyObject specified (or failed to load).
[2022.04.29-11.39.35:765][  0]LogAudio: Display: Audio Device Manager Initialized
[2022.04.29-11.39.35:765][  0]LogAudio: Display: Creating Audio Device:                 Id: 1, Scope: Shared, Realtime: True
[2022.04.29-11.39.35:765][  0]LogAudioMixer: Display: Audio Mixer Platform Settings:
[2022.04.29-11.39.35:765][  0]LogAudioMixer: Display: 	Sample Rate:						  48000
[2022.04.29-11.39.35:765][  0]LogAudioMixer: Display: 	Callback Buffer Frame Size Requested: 1024
[2022.04.29-11.39.35:765][  0]LogAudioMixer: Display: 	Callback Buffer Frame Size To Use:	  1024
[2022.04.29-11.39.35:765][  0]LogAudioMixer: Display: 	Number of buffers to queue:			  2
[2022.04.29-11.39.35:765][  0]LogAudioMixer: Display: 	Max Channels (voices):				  32
[2022.04.29-11.39.35:765][  0]LogAudioMixer: Display: 	Number of Async Source Workers:		  0
[2022.04.29-11.39.35:765][  0]LogAudio: Display: AudioDevice MaxSources: 32
[2022.04.29-11.39.35:765][  0]LogAudio: Display: Audio Spatialization Plugin: None (built-in).
[2022.04.29-11.39.35:765][  0]LogAudio: Display: Audio Reverb Plugin: None (built-in).
[2022.04.29-11.39.35:765][  0]LogAudio: Display: Audio Occlusion Plugin: None (built-in).
[2022.04.29-11.39.35:765][  0]LogAudioMixer: Display: Initializing audio mixer.
[2022.04.29-11.39.35:780][  0]LogAudioMixer: Warning: Did not find the channel type flags for audio device 'Högtalare (4- AudioBox 1818 VSL)'. Reverting to a default channel ordering.
[2022.04.29-11.39.35:780][  0]LogAudioMixer: Display: 0: FrontLeft
[2022.04.29-11.39.35:780][  0]LogAudioMixer: Display: 1: FrontRight
[2022.04.29-11.39.35:780][  0]LogAudioMixer: Display: 2: FrontCenter
[2022.04.29-11.39.35:780][  0]LogAudioMixer: Display: 3: LowFrequency
[2022.04.29-11.39.35:780][  0]LogAudioMixer: Display: 4: SideLeft
[2022.04.29-11.39.35:780][  0]LogAudioMixer: Display: 5: SideRight
[2022.04.29-11.39.35:780][  0]LogAudioMixer: Display: 6: BackLeft
[2022.04.29-11.39.35:780][  0]LogAudioMixer: Display: 7: BackRight
[2022.04.29-11.39.35:795][  0]LogAudioMixer: Display: Using Audio Device Högtalare (4- AudioBox 1818 VSL)
[2022.04.29-11.39.35:797][  0]LogAudioMixer: Display: Initializing Sound Submixes...
[2022.04.29-11.39.35:814][  0]LogAudioMixer: Display: Creating Master Submix 'MasterSubmixDefault'
[2022.04.29-11.39.35:814][  0]LogAudioMixer: Display: Creating Master Submix 'MasterReverbSubmixDefault'
[2022.04.29-11.39.35:815][  0]LogAudioMixer: Display: Creating Master Submix 'MasterEQSubmixDefault'
[2022.04.29-11.39.35:815][  0]LogAudioMixer: FMixerPlatformXAudio2::StartAudioStream() called
[2022.04.29-11.39.35:815][  0]LogAudioMixer: Display: Output buffers initialized: Frames=1024, Channels=8, Samples=8192
[2022.04.29-11.39.35:815][  0]LogAudioMixer: Display: Starting AudioMixerPlatformInterface::RunInternal()
[2022.04.29-11.39.35:815][  0]LogAudioMixer: Display: FMixerPlatformXAudio2::SubmitBuffer() called for the first time
[2022.04.29-11.39.35:815][  0]LogInit: FAudioDevice initialized.
[2022.04.29-11.39.35:817][  0]LogNetVersion: Set ProjectVersion to 1.0.0.0. Version Checksum will be recalculated on next use.
[2022.04.29-11.39.35:818][  0]LogInit: Texture streaming: Enabled
[2022.04.29-11.39.36:052][  0]LogAudio: Display: Audio Device (ID: 1) registered with world 'Untitled'.
[2022.04.29-11.39.36:052][  0]LogSlate: Updating window title bar state: overlay mode, drag disabled, window buttons hidden, title bar hidden
[2022.04.29-11.39.36:053][  0]LogInit: Display: Game Engine Initialized.
[2022.04.29-11.39.36:054][  0]LogNiagaraEditor: GEditor isn't valid! Particle reset commands will not work for Niagara components!
[2022.04.29-11.39.36:305][  0]LogInit: Display: Starting Game.
[2022.04.29-11.39.36:305][  0]LogNet: Browse: /Game/StarterContent/Maps/Minimal_Default?Name=Player
[2022.04.29-11.39.36:305][  0]LogLoad: LoadMap: /Game/StarterContent/Maps/Minimal_Default?Name=Player
[2022.04.29-11.39.36:305][  0]LogWorld: BeginTearingDown for /Temp/Untitled_0
[2022.04.29-11.39.36:307][  0]LogWorld: UWorld::CleanupWorld for Untitled, bSessionEnded=true, bCleanupResources=true
[2022.04.29-11.39.36:307][  0]LogSlate: InvalidateAllWidgets triggered.  All widgets were invalidated
[2022.04.29-11.39.36:310][  0]LogAudio: Display: Audio Device unregistered from world 'None'.
[2022.04.29-11.39.36:312][  0]LogUObjectHash: Compacting FUObjectHashTables data took   0.67ms
[2022.04.29-11.39.37:236][  0]LogAudio: Display: Audio Device (ID: 1) registered with world 'Minimal_Default'.
[2022.04.29-11.39.37:258][  0]LogAIModule: Creating AISystem for world Minimal_Default
[2022.04.29-11.39.37:271][  0]LogLoad: Game class is 'MyGameMode_C'
[2022.04.29-11.39.37:296][  0]LogWorld: Bringing World /Game/StarterContent/Maps/Minimal_Default.Minimal_Default up for play (max tick rate 0) at 2022.04.29-13.39.37
[2022.04.29-11.39.37:296][  0]LogWorld: Bringing up level for play took: 0.024291
[2022.04.29-11.39.37:298][  0]LogLoad: Took 0.992963 seconds to LoadMap(/Game/StarterContent/Maps/Minimal_Default)
[2022.04.29-11.39.37:583][  0]LogRenderer: Reallocating scene render targets to support 1912x728 Format 10 NumSamples 1 (Frame:1).
[2022.04.29-11.39.37:583][  0]LogSlate: Took 0.003665 seconds to synchronously load lazily loaded font '../../../Engine/Content/Slate/Fonts/Roboto-Regular.ttf' (155K)
[2022.04.29-11.39.37:745][  0]LogInit: Display: Engine is initialized. Leaving FEngineLoop::Init()
[2022.04.29-11.39.37:745][  0]LogLoad: (Engine Initialization) Total time: 13.59 seconds
[2022.04.29-11.39.37:745][  0]LogLoad: (Engine Initialization) Total Blueprint compile time: 0.00 seconds
[2022.04.29-11.39.37:748][  0]LogContentStreaming: Texture pool size now 1000 MB
[2022.04.29-11.39.47:088][540]LogRenderer: Reallocating scene render targets to support 1420x540 Format 10 NumSamples 1 (Frame:1542).
[2022.04.29-11.40.15:398][556]LogRenderer: Reallocating scene render targets to support 5448x800 Format 10 NumSamples 1 (Frame:3559).
[2022.04.29-11.40.24:999][513]LogRenderer: Reallocating scene render targets to support 7680x800 Format 10 NumSamples 1 (Frame:4517).
[2022.04.29-11.40.56:318][264]LogRenderer: Reallocating scene render targets to support 2104x728 Format 10 NumSamples 1 (Frame:7269).
[2022.04.29-11.40.58:328][734]LogRenderer: Reallocating scene render targets to support 7680x800 Format 10 NumSamples 1 (Frame:7740).
[2022.04.29-11.42.03:852][466]LogRenderer: Reallocating scene render targets to support 1920x740 Format 10 NumSamples 1 (Frame:13473).
[2022.04.29-11.42.16:354][ 52]LogRenderer: Reallocating scene render targets to support 7680x800 Format 10 NumSamples 1 (Frame:17060).
[2022.04.29-11.42.37:700][721]LogBlueprintUserMessages: [puzzle3Code_4] 2
[2022.04.29-11.42.37:700][721]LogBlueprintUserMessages: [puzzle3Code_4] 0
[2022.04.29-11.42.38:422][796]LogBlueprintUserMessages: [puzzle3Code_4] 8
[2022.04.29-11.42.38:422][796]LogBlueprintUserMessages: [puzzle3Code_4] 0
[2022.04.29-11.42.39:289][886]LogBlueprintUserMessages: [puzzle3Code_4] 2
[2022.04.29-11.42.39:289][886]LogBlueprintUserMessages: [puzzle3Code_4] 0
[2022.04.29-11.42.44:833][466]LogBlueprintUserMessages: [puzzle3Code_4] 5
[2022.04.29-11.42.44:833][466]LogBlueprintUserMessages: [puzzle3Code_4] 0
[2022.04.29-11.42.45:734][560]LogBlueprintUserMessages: [puzzle3Code_4] 3
[2022.04.29-11.42.45:734][560]LogBlueprintUserMessages: [puzzle3Code_4] 0
[2022.04.29-11.42.46:385][629]LogBlueprintUserMessages: [puzzle3Code_4] 10
[2022.04.29-11.42.46:385][629]LogBlueprintUserMessages: [puzzle3Code_4] 0
[2022.04.29-11.42.46:813][674]LogBlueprintUserMessages: [puzzle3Code_4] 3
[2022.04.29-11.42.46:813][674]LogBlueprintUserMessages: [puzzle3Code_4] 0
[2022.04.29-11.42.47:338][729]LogBlueprintUserMessages: [puzzle3Code_4] 6
[2022.04.29-11.42.47:338][729]LogBlueprintUserMessages: [puzzle3Code_4] 0
[2022.04.29-11.42.47:848][782]LogBlueprintUserMessages: [puzzle3Code_4] 8
[2022.04.29-11.42.47:848][782]LogBlueprintUserMessages: [puzzle3Code_4] 0
[2022.04.29-11.42.48:402][839]LogBlueprintUserMessages: [puzzle3Code_4] 5
[2022.04.29-11.42.48:402][839]LogBlueprintUserMessages: [puzzle3Code_4] 0
[2022.04.29-11.42.48:699][870]LogBlueprintUserMessages: [puzzle3Code_4] 1
[2022.04.29-11.42.48:699][870]LogBlueprintUserMessages: [puzzle3Code_4] 0
[2022.04.29-11.42.48:985][900]LogBlueprintUserMessages: [puzzle3Code_4] 2
[2022.04.29-11.42.48:985][900]LogBlueprintUserMessages: [puzzle3Code_4] 0
[2022.04.29-11.42.49:354][938]LogBlueprintUserMessages: [puzzle3Code_4] 6
[2022.04.29-11.42.49:354][938]LogBlueprintUserMessages: [puzzle3Code_4] 0
[2022.04.29-11.42.49:777][982]LogBlueprintUserMessages: [puzzle3Code_4] 5
[2022.04.29-11.42.49:777][982]LogBlueprintUserMessages: [puzzle3Code_4] 0
[2022.04.29-11.42.50:294][ 36]LogBlueprintUserMessages: [puzzle3Code_4] 3
[2022.04.29-11.42.50:294][ 36]LogBlueprintUserMessages: [puzzle3Code_4] 0
[2022.04.29-11.42.51:018][112]LogBlueprintUserMessages: [puzzle3Code_4] 11
[2022.04.29-11.42.51:018][112]LogBlueprintUserMessages: [puzzle3Code_4] 0
[2022.04.29-11.42.51:398][151]LogBlueprintUserMessages: [puzzle3Code_4] 7
[2022.04.29-11.42.51:398][151]LogBlueprintUserMessages: [puzzle3Code_4] 0
[2022.04.29-11.42.51:799][193]LogBlueprintUserMessages: [puzzle3Code_4] 10
[2022.04.29-11.42.51:799][193]LogBlueprintUserMessages: [puzzle3Code_4] 0
[2022.04.29-11.42.56:403][670]LogBlueprintUserMessages: [puzzle3Code_4] 11
[2022.04.29-11.42.56:403][670]LogBlueprintUserMessages: [puzzle3Code_4] 0
[2022.04.29-11.44.32:385][555]LogBlueprintUserMessages: [puzzle3Code_4] 3
[2022.04.29-11.44.32:385][555]LogBlueprintUserMessages: [puzzle3Code_4] 0
